<?xml version="1.0" encoding="UTF-8"?>
<coverage generated="1780054928905" clover="3.2.0">
  <project timestamp="1780054928905" name="All files">
    <metrics statements="2338" coveredstatements="1821" conditionals="2176" coveredconditionals="1339" methods="638" coveredmethods="397" elements="5152" coveredelements="3557" complexity="0" loc="2338" ncloc="2338" packages="11" files="58" classes="58"/>
    <package name=".storybook">
      <metrics statements="8" coveredstatements="8" conditionals="4" coveredconditionals="3" methods="3" coveredmethods="3"/>
      <file name="preview.tsx" path="/Users/mac/Documents/Plugin/Git/ACTM/.storybook/preview.tsx">
        <metrics statements="8" coveredstatements="8" conditionals="4" coveredconditionals="3" methods="3" coveredmethods="3"/>
        <line num="2" count="11" type="stmt"/>
        <line num="7" count="11" type="stmt"/>
        <line num="8" count="44" type="cond" truecount="2" falsecount="0"/>
        <line num="9" count="44" type="stmt"/>
        <line num="10" count="44" type="stmt"/>
        <line num="11" count="44" type="stmt"/>
        <line num="13" count="44" type="stmt"/>
        <line num="20" count="11" type="stmt"/>
      </file>
    </package>
    <package name="src.plugin">
      <metrics statements="488" coveredstatements="391" conditionals="629" coveredconditionals="430" methods="84" coveredmethods="76"/>
      <file name="config.ts" path="/Users/mac/Documents/Plugin/Git/ACTM/src/plugin/config.ts">
        <metrics statements="160" coveredstatements="160" conditionals="238" coveredconditionals="191" methods="46" coveredmethods="46"/>
        <line num="4" count="4" type="stmt"/>
        <line num="8" count="77" type="cond" truecount="1" falsecount="1"/>
        <line num="9" count="77" type="stmt"/>
        <line num="10" count="77" type="stmt"/>
        <line num="11" count="77" type="stmt"/>
        <line num="12" count="77" type="stmt"/>
        <line num="13" count="178" type="cond" truecount="4" falsecount="0"/>
        <line num="15" count="77" type="cond" truecount="1" falsecount="1"/>
        <line num="17" count="77" type="stmt"/>
        <line num="19" count="174" type="cond" truecount="1" falsecount="1"/>
        <line num="34" count="178" type="stmt"/>
        <line num="51" count="291" type="stmt"/>
        <line num="52" count="291" type="stmt"/>
        <line num="62" count="77" type="cond" truecount="2" falsecount="0"/>
        <line num="64" count="77" type="cond" truecount="4" falsecount="2"/>
        <line num="65" count="77" type="cond" truecount="4" falsecount="0"/>
        <line num="67" count="18" type="stmt"/>
        <line num="68" count="18" type="stmt"/>
        <line num="69" count="18" type="stmt"/>
        <line num="76" count="77" type="cond" truecount="2" falsecount="0"/>
        <line num="77" count="18" type="cond" truecount="1" falsecount="1"/>
        <line num="78" count="77" type="stmt"/>
        <line num="79" count="77" type="stmt"/>
        <line num="80" count="63" type="cond" truecount="5" falsecount="0"/>
        <line num="81" count="24" type="stmt"/>
        <line num="82" count="24" type="cond" truecount="1" falsecount="1"/>
        <line num="85" count="77" type="stmt"/>
        <line num="89" count="77" type="stmt"/>
        <line num="90" count="77" type="cond" truecount="1" falsecount="1"/>
        <line num="92" count="140" type="cond" truecount="1" falsecount="1"/>
        <line num="93" count="140" type="cond" truecount="2" falsecount="0"/>
        <line num="94" count="138" type="stmt"/>
        <line num="95" count="138" type="cond" truecount="1" falsecount="1"/>
        <line num="97" count="2" type="stmt"/>
        <line num="98" count="2" type="cond" truecount="1" falsecount="1"/>
        <line num="104" count="77" type="cond" truecount="4" falsecount="0"/>
        <line num="106" count="5" type="stmt"/>
        <line num="115" count="117" type="cond" truecount="1" falsecount="1"/>
        <line num="123" count="12" type="cond" truecount="1" falsecount="1"/>
        <line num="130" count="4" type="stmt"/>
        <line num="140" count="117" type="cond" truecount="2" falsecount="0"/>
        <line num="141" count="16" type="cond" truecount="2" falsecount="0"/>
        <line num="142" count="14" type="cond" truecount="2" falsecount="0"/>
        <line num="143" count="7" type="cond" truecount="1" falsecount="1"/>
        <line num="144" count="4" type="cond" truecount="2" falsecount="0"/>
        <line num="145" count="3" type="stmt"/>
        <line num="146" count="6" type="cond" truecount="1" falsecount="1"/>
        <line num="149" count="10" type="stmt"/>
        <line num="164" count="26" type="cond" truecount="1" falsecount="1"/>
        <line num="165" count="49" type="cond" truecount="1" falsecount="1"/>
        <line num="168" count="26" type="stmt"/>
        <line num="169" count="50" type="stmt"/>
        <line num="172" count="118" type="stmt"/>
        <line num="177" count="14" type="stmt"/>
        <line num="178" count="14" type="stmt"/>
        <line num="179" count="14" type="stmt"/>
        <line num="180" count="14" type="stmt"/>
        <line num="181" count="28" type="stmt"/>
        <line num="182" count="28" type="cond" truecount="2" falsecount="0"/>
        <line num="183" count="24" type="stmt"/>
        <line num="184" count="31" type="stmt"/>
        <line num="185" count="38" type="stmt"/>
        <line num="186" count="80" type="cond" truecount="1" falsecount="1"/>
        <line num="187" count="80" type="cond" truecount="5" falsecount="0"/>
        <line num="188" count="24" type="cond" truecount="3" falsecount="1"/>
        <line num="189" count="2" type="stmt"/>
        <line num="191" count="24" type="stmt"/>
        <line num="192" count="24" type="stmt"/>
        <line num="198" count="14" type="cond" truecount="2" falsecount="0"/>
        <line num="199" count="12" type="cond" truecount="1" falsecount="1"/>
        <line num="202" count="26" type="stmt"/>
        <line num="205" count="26" type="stmt"/>
        <line num="206" count="50" type="cond" truecount="2" falsecount="0"/>
        <line num="207" count="6" type="stmt"/>
        <line num="208" count="6" type="cond" truecount="2" falsecount="0"/>
        <line num="209" count="4" type="stmt"/>
        <line num="210" count="4" type="stmt"/>
        <line num="212" count="6" type="stmt"/>
        <line num="216" count="51" type="cond" truecount="1" falsecount="1"/>
        <line num="217" count="26" type="stmt"/>
        <line num="218" count="50" type="cond" truecount="2" falsecount="0"/>
        <line num="219" count="4" type="stmt"/>
        <line num="221" count="4" type="stmt"/>
        <line num="222" count="4" type="stmt"/>
        <line num="223" count="8" type="stmt"/>
        <line num="224" count="8" type="stmt"/>
        <line num="225" count="8" type="cond" truecount="1" falsecount="1"/>
        <line num="227" count="4" type="cond" truecount="1" falsecount="1"/>
        <line num="228" count="4" type="stmt"/>
        <line num="229" count="4" type="stmt"/>
        <line num="231" count="4" type="stmt"/>
        <line num="234" count="26" type="stmt"/>
        <line num="249" count="10" type="cond" truecount="4" falsecount="0"/>
        <line num="250" count="1" type="stmt"/>
        <line num="253" count="9" type="stmt"/>
        <line num="254" count="9" type="stmt"/>
        <line num="255" count="9" type="cond" truecount="2" falsecount="0"/>
        <line num="256" count="10" type="cond" truecount="2" falsecount="0"/>
        <line num="258" count="10" type="stmt"/>
        <line num="264" count="10" type="stmt"/>
        <line num="271" count="10" type="stmt"/>
        <line num="277" count="10" type="stmt"/>
        <line num="279" count="10" type="stmt"/>
        <line num="298" count="66" type="stmt"/>
        <line num="307" count="18" type="stmt"/>
        <line num="308" count="36" type="stmt"/>
        <line num="309" count="36" type="cond" truecount="1" falsecount="1"/>
        <line num="310" count="44" type="cond" truecount="1" falsecount="1"/>
        <line num="311" count="44" type="stmt"/>
        <line num="316" count="36" type="stmt"/>
        <line num="318" count="18" type="stmt"/>
        <line num="319" count="18" type="stmt"/>
        <line num="320" count="18" type="stmt"/>
        <line num="321" count="22" type="stmt"/>
        <line num="322" count="22" type="stmt"/>
        <line num="328" count="18" type="stmt"/>
        <line num="337" count="9" type="stmt"/>
        <line num="338" count="9" type="stmt"/>
        <line num="339" count="12" type="stmt"/>
        <line num="340" count="84" type="cond" truecount="3" falsecount="1"/>
        <line num="341" count="84" type="stmt"/>
        <line num="342" count="84" type="stmt"/>
        <line num="343" count="84" type="cond" truecount="2" falsecount="0"/>
        <line num="346" count="9" type="stmt"/>
        <line num="355" count="9" type="stmt"/>
        <line num="357" count="9" type="cond" truecount="1" falsecount="1"/>
        <line num="362" count="9" type="cond" truecount="1" falsecount="1"/>
        <line num="366" count="9" type="stmt"/>
        <line num="367" count="156" type="cond" truecount="1" falsecount="1"/>
        <line num="369" count="9" type="stmt"/>
        <line num="371" count="32" type="cond" truecount="3" falsecount="2"/>
        <line num="374" count="32" type="stmt"/>
        <line num="375" count="32" type="stmt"/>
        <line num="376" count="52" type="cond" truecount="1" falsecount="1"/>
        <line num="378" count="52" type="cond" truecount="3" falsecount="3"/>
        <line num="379" count="52" type="stmt"/>
        <line num="381" count="32" type="stmt"/>
        <line num="384" count="9" type="stmt"/>
        <line num="385" count="12" type="stmt"/>
        <line num="386" count="16" type="stmt"/>
        <line num="387" count="16" type="stmt"/>
        <line num="388" count="16" type="stmt"/>
        <line num="389" count="26" type="cond" truecount="1" falsecount="1"/>
        <line num="390" count="26" type="stmt"/>
        <line num="391" count="26" type="stmt"/>
        <line num="392" count="26" type="stmt"/>
        <line num="393" count="26" type="cond" truecount="2" falsecount="0"/>
        <line num="397" count="9" type="stmt"/>
        <line num="408" count="9" type="stmt"/>
        <line num="409" count="9" type="stmt"/>
        <line num="410" count="12" type="cond" truecount="2" falsecount="0"/>
        <line num="412" count="9" type="stmt"/>
        <line num="413" count="10" type="cond" truecount="2" falsecount="0"/>
        <line num="416" count="20" type="cond" truecount="2" falsecount="0"/>
        <line num="417" count="9" type="cond" truecount="2" falsecount="0"/>
        <line num="418" count="1" type="stmt"/>
        <line num="419" count="9" type="cond" truecount="1" falsecount="1"/>
        <line num="420" count="9" type="cond" truecount="1" falsecount="1"/>
        <line num="421" count="9" type="cond" truecount="2" falsecount="0"/>
        <line num="423" count="9" type="stmt"/>
      </file>
      <file name="figmaVars.ts" path="/Users/mac/Documents/Plugin/Git/ACTM/src/plugin/figmaVars.ts">
        <metrics statements="239" coveredstatements="142" conditionals="292" coveredconditionals="151" methods="25" coveredmethods="17"/>
        <line num="11" count="8" type="stmt"/>
        <line num="12" count="8" type="stmt"/>
        <line num="13" count="8" type="stmt"/>
        <line num="17" count="13" type="stmt"/>
        <line num="18" count="13" type="stmt"/>
        <line num="19" count="13" type="stmt"/>
        <line num="21" count="1" type="stmt"/>
        <line num="26" count="10" type="cond" truecount="4" falsecount="0"/>
        <line num="27" count="7" type="cond" truecount="3" falsecount="1"/>
        <line num="29" count="7" type="cond" truecount="2" falsecount="0"/>
        <line num="30" count="10" type="cond" truecount="2" falsecount="0"/>
        <line num="32" count="10" type="cond" truecount="4" falsecount="0"/>
        <line num="33" count="2" type="cond" truecount="3" falsecount="1"/>
        <line num="34" count="2" type="stmt"/>
        <line num="36" count="0" type="stmt"/>
        <line num="39" count="5" type="cond" truecount="1" falsecount="1"/>
        <line num="40" count="5" type="cond" truecount="2" falsecount="2"/>
        <line num="41" count="5" type="cond" truecount="2" falsecount="2"/>
        <line num="42" count="5" type="cond" truecount="2" falsecount="2"/>
        <line num="43" count="5" type="cond" truecount="4" falsecount="0"/>
        <line num="44" count="5" type="cond" truecount="4" falsecount="0"/>
        <line num="46" count="0" type="cond" truecount="0" falsecount="4"/>
        <line num="47" count="0" type="stmt"/>
        <line num="49" count="0" type="stmt"/>
        <line num="52" count="1" type="stmt"/>
        <line num="62" count="0" type="cond" truecount="0" falsecount="5"/>
        <line num="63" count="0" type="stmt"/>
        <line num="64" count="0" type="stmt"/>
        <line num="65" count="0" type="stmt"/>
        <line num="67" count="0" type="stmt"/>
        <line num="69" count="0" type="stmt"/>
        <line num="70" count="0" type="stmt"/>
        <line num="71" count="0" type="stmt"/>
        <line num="72" count="0" type="cond" truecount="0" falsecount="4"/>
        <line num="73" count="0" type="cond" truecount="0" falsecount="2"/>
        <line num="74" count="0" type="stmt"/>
        <line num="75" count="0" type="stmt"/>
        <line num="76" count="0" type="stmt"/>
        <line num="77" count="0" type="stmt"/>
        <line num="78" count="0" type="stmt"/>
        <line num="79" count="0" type="stmt"/>
        <line num="80" count="0" type="cond" truecount="0" falsecount="2"/>
        <line num="81" count="0" type="stmt"/>
        <line num="82" count="0" type="stmt"/>
        <line num="83" count="0" type="cond" truecount="0" falsecount="2"/>
        <line num="84" count="0" type="stmt"/>
        <line num="88" count="0" type="stmt"/>
        <line num="93" count="0" type="stmt"/>
        <line num="104" count="11" type="stmt"/>
        <line num="105" count="11" type="stmt"/>
        <line num="106" count="11" type="stmt"/>
        <line num="107" count="11" type="stmt"/>
        <line num="110" count="11" type="cond" truecount="2" falsecount="2"/>
        <line num="114" count="11" type="cond" truecount="3" falsecount="0"/>
        <line num="115" count="11" type="cond" truecount="2" falsecount="1"/>
        <line num="117" count="11" type="cond" truecount="1" falsecount="2"/>
        <line num="121" count="11" type="cond" truecount="2" falsecount="0"/>
        <line num="125" count="11" type="cond" truecount="2" falsecount="0"/>
        <line num="126" count="11" type="cond" truecount="2" falsecount="0"/>
        <line num="127" count="11" type="cond" truecount="2" falsecount="0"/>
        <line num="128" count="11" type="cond" truecount="2" falsecount="0"/>
        <line num="129" count="11" type="cond" truecount="2" falsecount="0"/>
        <line num="131" count="11" type="stmt"/>
        <line num="132" count="11" type="cond" truecount="1" falsecount="1"/>
        <line num="133" count="0" type="stmt"/>
        <line num="134" count="0" type="cond" truecount="0" falsecount="3"/>
        <line num="136" count="11" type="stmt"/>
        <line num="137" count="11" type="cond" truecount="1" falsecount="1"/>
        <line num="138" count="0" type="stmt"/>
        <line num="139" count="0" type="cond" truecount="0" falsecount="3"/>
        <line num="141" count="11" type="stmt"/>
        <line num="142" count="0" type="cond" truecount="0" falsecount="4"/>
        <line num="145" count="11" type="cond" truecount="1" falsecount="3"/>
        <line num="146" count="11" type="cond" truecount="1" falsecount="1"/>
        <line num="150" count="11" type="cond" truecount="2" falsecount="3"/>
        <line num="151" count="0" type="stmt"/>
        <line num="155" count="11" type="cond" truecount="2" falsecount="3"/>
        <line num="156" count="0" type="stmt"/>
        <line num="157" count="0" type="stmt"/>
        <line num="158" count="0" type="stmt"/>
        <line num="159" count="0" type="stmt"/>
        <line num="161" count="0" type="stmt"/>
        <line num="162" count="0" type="stmt"/>
        <line num="163" count="0" type="cond" truecount="0" falsecount="2"/>
        <line num="164" count="0" type="stmt"/>
        <line num="166" count="0" type="stmt"/>
        <line num="167" count="0" type="cond" truecount="0" falsecount="2"/>
        <line num="170" count="0" type="cond" truecount="0" falsecount="2"/>
        <line num="172" count="0" type="cond" truecount="0" falsecount="4"/>
        <line num="176" count="0" type="stmt"/>
        <line num="177" count="0" type="stmt"/>
        <line num="179" count="0" type="stmt"/>
        <line num="182" count="0" type="cond" truecount="0" falsecount="2"/>
        <line num="183" count="0" type="stmt"/>
        <line num="184" count="0" type="cond" truecount="0" falsecount="4"/>
        <line num="185" count="0" type="stmt"/>
        <line num="188" count="0" type="stmt"/>
        <line num="191" count="11" type="stmt"/>
        <line num="192" count="0" type="stmt"/>
        <line num="193" count="0" type="stmt"/>
        <line num="194" count="0" type="stmt"/>
        <line num="200" count="11" type="cond" truecount="3" falsecount="1"/>
        <line num="201" count="11" type="stmt"/>
        <line num="203" count="11" type="cond" truecount="3" falsecount="1"/>
        <line num="204" count="0" type="stmt"/>
        <line num="207" count="11" type="stmt"/>
        <line num="208" count="11" type="stmt"/>
        <line num="210" count="11" type="cond" truecount="1" falsecount="1"/>
        <line num="211" count="11" type="stmt"/>
        <line num="212" count="11" type="cond" truecount="1" falsecount="1"/>
        <line num="213" count="0" type="stmt"/>
        <line num="214" count="0" type="stmt"/>
        <line num="216" count="11" type="stmt"/>
        <line num="219" count="11" type="stmt"/>
        <line num="220" count="11" type="cond" truecount="1" falsecount="1"/>
        <line num="221" count="11" type="stmt"/>
        <line num="223" count="11" type="stmt"/>
        <line num="224" count="11" type="cond" truecount="2" falsecount="1"/>
        <line num="225" count="11" type="cond" truecount="1" falsecount="1"/>
        <line num="226" count="11" type="cond" truecount="1" falsecount="1"/>
        <line num="227" count="11" type="stmt"/>
        <line num="229" count="11" type="cond" truecount="2" falsecount="3"/>
        <line num="235" count="11" type="stmt"/>
        <line num="237" count="11" type="stmt"/>
        <line num="238" count="11" type="cond" truecount="1" falsecount="1"/>
        <line num="240" count="11" type="cond" truecount="1" falsecount="1"/>
        <line num="242" count="11" type="cond" truecount="3" falsecount="3"/>
        <line num="243" count="11" type="stmt"/>
        <line num="248" count="33" type="cond" truecount="1" falsecount="1"/>
        <line num="251" count="11" type="cond" truecount="1" falsecount="1"/>
        <line num="252" count="11" type="stmt"/>
        <line num="254" count="0" type="stmt"/>
        <line num="256" count="0" type="cond" truecount="0" falsecount="4"/>
        <line num="259" count="0" type="cond" truecount="0" falsecount="2"/>
        <line num="263" count="0" type="cond" truecount="0" falsecount="2"/>
        <line num="265" count="11" type="stmt"/>
        <line num="266" count="11" type="cond" truecount="3" falsecount="1"/>
        <line num="267" count="11" type="cond" truecount="2" falsecount="0"/>
        <line num="268" count="11" type="cond" truecount="2" falsecount="0"/>
        <line num="269" count="11" type="stmt"/>
        <line num="270" count="11" type="cond" truecount="4" falsecount="0"/>
        <line num="271" count="9" type="cond" truecount="1" falsecount="1"/>
        <line num="272" count="9" type="cond" truecount="2" falsecount="0"/>
        <line num="274" count="11" type="stmt"/>
        <line num="276" count="11" type="stmt"/>
        <line num="280" count="11" type="stmt"/>
        <line num="284" count="11" type="cond" truecount="1" falsecount="1"/>
        <line num="285" count="0" type="stmt"/>
        <line num="293" count="11" type="cond" truecount="1" falsecount="1"/>
        <line num="294" count="0" type="stmt"/>
        <line num="297" count="11" type="cond" truecount="1" falsecount="1"/>
        <line num="299" count="11" type="stmt"/>
        <line num="300" count="8" type="cond" truecount="2" falsecount="0"/>
        <line num="301" count="6" type="cond" truecount="2" falsecount="0"/>
        <line num="302" count="5" type="cond" truecount="1" falsecount="1"/>
        <line num="305" count="11" type="stmt"/>
        <line num="313" count="11" type="stmt"/>
        <line num="314" count="11" type="stmt"/>
        <line num="318" count="11" type="stmt"/>
        <line num="319" count="11" type="cond" truecount="1" falsecount="1"/>
        <line num="320" count="0" type="stmt"/>
        <line num="321" count="0" type="stmt"/>
        <line num="322" count="0" type="stmt"/>
        <line num="326" count="11" type="stmt"/>
        <line num="327" count="11" type="stmt"/>
        <line num="329" count="11" type="cond" truecount="1" falsecount="1"/>
        <line num="330" count="0" type="cond" truecount="0" falsecount="2"/>
        <line num="334" count="0" type="stmt"/>
        <line num="335" count="0" type="stmt"/>
        <line num="337" count="0" type="stmt"/>
        <line num="338" count="0" type="stmt"/>
        <line num="340" count="0" type="stmt"/>
        <line num="345" count="0" type="cond" truecount="0" falsecount="2"/>
        <line num="346" count="0" type="stmt"/>
        <line num="347" count="0" type="stmt"/>
        <line num="348" count="0" type="stmt"/>
        <line num="350" count="0" type="stmt"/>
        <line num="351" count="0" type="stmt"/>
        <line num="352" count="0" type="cond" truecount="0" falsecount="2"/>
        <line num="353" count="0" type="stmt"/>
        <line num="355" count="0" type="cond" truecount="0" falsecount="4"/>
        <line num="356" count="0" type="stmt"/>
        <line num="357" count="0" type="cond" truecount="0" falsecount="2"/>
        <line num="361" count="0" type="stmt"/>
        <line num="362" count="0" type="stmt"/>
        <line num="364" count="0" type="cond" truecount="0" falsecount="4"/>
        <line num="365" count="0" type="stmt"/>
        <line num="366" count="0" type="stmt"/>
        <line num="367" count="0" type="stmt"/>
        <line num="368" count="0" type="stmt"/>
        <line num="369" count="0" type="stmt"/>
        <line num="370" count="0" type="stmt"/>
        <line num="380" count="0" type="stmt"/>
        <line num="390" count="11" type="stmt"/>
        <line num="391" count="11" type="stmt"/>
        <line num="392" count="11" type="stmt"/>
        <line num="394" count="11" type="cond" truecount="4" falsecount="0"/>
        <line num="395" count="1" type="stmt"/>
        <line num="396" count="1" type="stmt"/>
        <line num="397" count="1" type="stmt"/>
        <line num="398" count="1" type="stmt"/>
        <line num="400" count="0" type="stmt"/>
        <line num="402" count="1" type="stmt"/>
        <line num="405" count="11" type="cond" truecount="2" falsecount="0"/>
        <line num="406" count="11" type="cond" truecount="4" falsecount="0"/>
        <line num="408" count="11" type="cond" truecount="2" falsecount="0"/>
        <line num="409" count="3" type="stmt"/>
        <line num="410" count="3" type="stmt"/>
        <line num="411" count="3" type="stmt"/>
        <line num="412" count="3" type="stmt"/>
        <line num="413" count="3" type="stmt"/>
        <line num="415" count="8" type="cond" truecount="2" falsecount="0"/>
        <line num="416" count="2" type="stmt"/>
        <line num="417" count="2" type="cond" truecount="2" falsecount="0"/>
        <line num="419" count="2" type="cond" truecount="2" falsecount="0"/>
        <line num="420" count="1" type="stmt"/>
        <line num="421" count="1" type="stmt"/>
        <line num="422" count="1" type="cond" truecount="1" falsecount="1"/>
        <line num="423" count="1" type="stmt"/>
        <line num="427" count="8" type="cond" truecount="1" falsecount="1"/>
        <line num="428" count="0" type="stmt"/>
        <line num="432" count="10" type="stmt"/>
        <line num="434" count="10" type="cond" truecount="4" falsecount="0"/>
        <line num="435" count="5" type="stmt"/>
        <line num="436" count="5" type="stmt"/>
        <line num="439" count="10" type="cond" truecount="3" falsecount="1"/>
        <line num="440" count="10" type="stmt"/>
        <line num="441" count="10" type="cond" truecount="4" falsecount="0"/>
        <line num="442" count="8" type="stmt"/>
        <line num="445" count="10" type="stmt"/>
        <line num="446" count="10" type="cond" truecount="2" falsecount="0"/>
        <line num="447" count="8" type="stmt"/>
        <line num="448" count="8" type="stmt"/>
        <line num="452" count="10" type="cond" truecount="2" falsecount="0"/>
        <line num="453" count="8" type="stmt"/>
        <line num="454" count="8" type="cond" truecount="2" falsecount="0"/>
        <line num="455" count="5" type="stmt"/>
        <line num="459" count="1" type="stmt"/>
        <line num="460" count="1" type="stmt"/>
      </file>
      <file name="variableTracker.ts" path="/Users/mac/Documents/Plugin/Git/ACTM/src/plugin/variableTracker.ts">
        <metrics statements="89" coveredstatements="89" conditionals="99" coveredconditionals="88" methods="13" coveredmethods="13"/>
        <line num="16" count="31" type="stmt"/>
        <line num="17" count="31" type="stmt"/>
        <line num="19" count="31" type="stmt"/>
        <line num="20" count="30" type="stmt"/>
        <line num="21" count="30" type="cond" truecount="2" falsecount="0"/>
        <line num="23" count="29" type="cond" truecount="4" falsecount="0"/>
        <line num="24" count="1" type="stmt"/>
        <line num="25" count="1" type="stmt"/>
        <line num="28" count="28" type="cond" truecount="2" falsecount="0"/>
        <line num="30" count="1" type="stmt"/>
        <line num="32" count="27" type="stmt"/>
        <line num="36" count="31" type="stmt"/>
        <line num="48" count="14" type="stmt"/>
        <line num="49" count="14" type="cond" truecount="2" falsecount="0"/>
        <line num="52" count="4" type="stmt"/>
        <line num="53" count="4" type="cond" truecount="2" falsecount="0"/>
        <line num="55" count="14" type="cond" truecount="2" falsecount="0"/>
        <line num="57" count="1" type="stmt"/>
        <line num="58" count="1" type="stmt"/>
        <line num="60" count="4" type="stmt"/>
        <line num="73" count="19" type="stmt"/>
        <line num="75" count="19" type="stmt"/>
        <line num="76" count="12" type="cond" truecount="2" falsecount="0"/>
        <line num="78" count="2" type="stmt"/>
        <line num="79" count="2" type="cond" truecount="3" falsecount="0"/>
        <line num="81" count="19" type="stmt"/>
        <line num="82" count="8" type="cond" truecount="2" falsecount="0"/>
        <line num="83" count="1" type="stmt"/>
        <line num="84" count="1" type="cond" truecount="2" falsecount="1"/>
        <line num="86" count="19" type="stmt"/>
        <line num="87" count="4" type="cond" truecount="4" falsecount="0"/>
        <line num="92" count="19" type="cond" truecount="4" falsecount="0"/>
        <line num="93" count="4" type="stmt"/>
        <line num="94" count="4" type="stmt"/>
        <line num="96" count="4" type="stmt"/>
        <line num="97" count="4" type="cond" truecount="2" falsecount="0"/>
        <line num="98" count="4" type="stmt"/>
        <line num="100" count="4" type="stmt"/>
        <line num="101" count="4" type="stmt"/>
        <line num="102" count="4" type="stmt"/>
        <line num="104" count="4" type="stmt"/>
        <line num="105" count="4" type="cond" truecount="3" falsecount="1"/>
        <line num="106" count="4" type="stmt"/>
        <line num="118" count="19" type="cond" truecount="4" falsecount="0"/>
        <line num="119" count="9" type="stmt"/>
        <line num="121" count="9" type="cond" truecount="2" falsecount="0"/>
        <line num="126" count="9" type="stmt"/>
        <line num="127" count="9" type="cond" truecount="2" falsecount="0"/>
        <line num="128" count="8" type="stmt"/>
        <line num="129" count="8" type="stmt"/>
        <line num="131" count="8" type="stmt"/>
        <line num="132" count="8" type="cond" truecount="1" falsecount="1"/>
        <line num="133" count="8" type="stmt"/>
        <line num="135" count="8" type="stmt"/>
        <line num="136" count="8" type="cond" truecount="1" falsecount="1"/>
        <line num="137" count="8" type="cond" truecount="1" falsecount="1"/>
        <line num="138" count="8" type="cond" truecount="1" falsecount="1"/>
        <line num="139" count="8" type="stmt"/>
        <line num="141" count="8" type="cond" truecount="4" falsecount="0"/>
        <line num="145" count="8" type="stmt"/>
        <line num="147" count="8" type="stmt"/>
        <line num="148" count="8" type="cond" truecount="2" falsecount="0"/>
        <line num="150" count="7" type="stmt"/>
        <line num="151" count="7" type="cond" truecount="1" falsecount="1"/>
        <line num="153" count="8" type="cond" truecount="4" falsecount="0"/>
        <line num="157" count="8" type="stmt"/>
        <line num="158" count="8" type="stmt"/>
        <line num="163" count="21" type="cond" truecount="1" falsecount="1"/>
        <line num="165" count="8" type="stmt"/>
        <line num="166" count="8" type="cond" truecount="4" falsecount="0"/>
        <line num="167" count="6" type="stmt"/>
        <line num="181" count="19" type="cond" truecount="5" falsecount="0"/>
        <line num="182" count="4" type="stmt"/>
        <line num="183" count="4" type="stmt"/>
        <line num="184" count="4" type="cond" truecount="1" falsecount="1"/>
        <line num="186" count="4" type="cond" truecount="4" falsecount="0"/>
        <line num="189" count="4" type="stmt"/>
        <line num="190" count="4" type="stmt"/>
        <line num="191" count="4" type="stmt"/>
        <line num="192" count="4" type="cond" truecount="4" falsecount="0"/>
        <line num="193" count="2" type="stmt"/>
        <line num="202" count="4" type="cond" truecount="4" falsecount="0"/>
        <line num="203" count="1" type="stmt"/>
        <line num="204" count="1" type="stmt"/>
        <line num="205" count="1" type="stmt"/>
        <line num="206" count="1" type="stmt"/>
        <line num="207" count="1" type="cond" truecount="3" falsecount="1"/>
        <line num="208" count="1" type="stmt"/>
        <line num="220" count="19" type="stmt"/>
      </file>
    </package>
    <package name="src.plugin.exportEng">
      <metrics statements="521" coveredstatements="519" conditionals="238" coveredconditionals="182" methods="35" coveredmethods="35"/>
      <file name="bundler.ts" path="/Users/mac/Documents/Plugin/Git/ACTM/src/plugin/exportEng/bundler.ts">
        <metrics statements="44" coveredstatements="44" conditionals="31" coveredconditionals="28" methods="1" coveredmethods="1"/>
        <line num="18" count="16" type="stmt"/>
        <line num="19" count="16" type="cond" truecount="1" falsecount="1"/>
        <line num="20" count="16" type="cond" truecount="2" falsecount="1"/>
        <line num="23" count="16" type="stmt"/>
        <line num="25" count="17" type="cond" truecount="2" falsecount="0"/>
        <line num="26" count="5" type="stmt"/>
        <line num="27" count="5" type="stmt"/>
        <line num="28" count="10" type="stmt"/>
        <line num="32" count="17" type="cond" truecount="2" falsecount="0"/>
        <line num="33" count="2" type="stmt"/>
        <line num="34" count="2" type="stmt"/>
        <line num="35" count="2" type="stmt"/>
        <line num="38" count="17" type="cond" truecount="2" falsecount="0"/>
        <line num="40" count="1" type="stmt"/>
        <line num="41" count="1" type="stmt"/>
        <line num="42" count="1" type="stmt"/>
        <line num="43" count="2" type="stmt"/>
        <line num="47" count="17" type="cond" truecount="2" falsecount="0"/>
        <line num="48" count="2" type="stmt"/>
        <line num="49" count="2" type="stmt"/>
        <line num="50" count="4" type="stmt"/>
        <line num="54" count="17" type="cond" truecount="2" falsecount="0"/>
        <line num="55" count="1" type="stmt"/>
        <line num="56" count="1" type="stmt"/>
        <line num="57" count="2" type="stmt"/>
        <line num="61" count="17" type="cond" truecount="2" falsecount="0"/>
        <line num="62" count="1" type="stmt"/>
        <line num="63" count="2" type="stmt"/>
        <line num="64" count="2" type="stmt"/>
        <line num="68" count="17" type="cond" truecount="2" falsecount="0"/>
        <line num="69" count="1" type="stmt"/>
        <line num="70" count="2" type="cond" truecount="2" falsecount="0"/>
        <line num="71" count="2" type="stmt"/>
        <line num="75" count="17" type="cond" truecount="2" falsecount="0"/>
        <line num="76" count="1" type="stmt"/>
        <line num="77" count="1" type="stmt"/>
        <line num="78" count="2" type="stmt"/>
        <line num="82" count="17" type="cond" truecount="2" falsecount="0"/>
        <line num="83" count="1" type="stmt"/>
        <line num="86" count="17" type="cond" truecount="2" falsecount="0"/>
        <line num="87" count="1" type="stmt"/>
        <line num="90" count="17" type="cond" truecount="2" falsecount="0"/>
        <line num="91" count="1" type="cond" truecount="1" falsecount="1"/>
        <line num="95" count="16" type="stmt"/>
      </file>
      <file name="fmtAndroid.ts" path="/Users/mac/Documents/Plugin/Git/ACTM/src/plugin/exportEng/fmtAndroid.ts">
        <metrics statements="51" coveredstatements="51" conditionals="15" coveredconditionals="10" methods="3" coveredmethods="3"/>
        <line num="5" count="69" type="stmt"/>
        <line num="6" count="207" type="cond" truecount="1" falsecount="1"/>
        <line num="7" count="69" type="stmt"/>
        <line num="10" count="2" type="stmt"/>
        <line num="12" count="9" type="cond" truecount="2" falsecount="0"/>
        <line num="13" count="9" type="stmt"/>
        <line num="14" count="9" type="stmt"/>
        <line num="15" count="9" type="stmt"/>
        <line num="16" count="9" type="stmt"/>
        <line num="17" count="9" type="cond" truecount="1" falsecount="1"/>
        <line num="18" count="9" type="cond" truecount="1" falsecount="1"/>
        <line num="19" count="9" type="stmt"/>
        <line num="20" count="9" type="stmt"/>
        <line num="21" count="16" type="stmt"/>
        <line num="22" count="16" type="stmt"/>
        <line num="23" count="16" type="stmt"/>
        <line num="24" count="16" type="stmt"/>
        <line num="25" count="16" type="stmt"/>
        <line num="26" count="16" type="stmt"/>
        <line num="27" count="46" type="stmt"/>
        <line num="28" count="46" type="stmt"/>
        <line num="29" count="46" type="stmt"/>
        <line num="30" count="46" type="stmt"/>
        <line num="31" count="46" type="stmt"/>
        <line num="34" count="9" type="stmt"/>
        <line num="36" count="9" type="cond" truecount="1" falsecount="1"/>
        <line num="37" count="9" type="stmt"/>
        <line num="38" count="9" type="stmt"/>
        <line num="39" count="9" type="stmt"/>
        <line num="40" count="16" type="stmt"/>
        <line num="41" count="16" type="stmt"/>
        <line num="42" count="16" type="stmt"/>
        <line num="43" count="16" type="stmt"/>
        <line num="44" count="16" type="stmt"/>
        <line num="45" count="16" type="stmt"/>
        <line num="46" count="16" type="stmt"/>
        <line num="47" count="16" type="cond" truecount="2" falsecount="1"/>
        <line num="48" count="16" type="stmt"/>
        <line num="49" count="16" type="stmt"/>
        <line num="50" count="16" type="stmt"/>
        <line num="51" count="16" type="stmt"/>
        <line num="52" count="30" type="stmt"/>
        <line num="53" count="30" type="cond" truecount="2" falsecount="0"/>
        <line num="54" count="23" type="stmt"/>
        <line num="55" count="23" type="stmt"/>
        <line num="56" count="23" type="stmt"/>
        <line num="57" count="23" type="stmt"/>
        <line num="58" count="23" type="stmt"/>
        <line num="62" count="9" type="stmt"/>
        <line num="64" count="9" type="stmt"/>
        <line num="65" count="9" type="stmt"/>
      </file>
      <file name="fmtCSS.ts" path="/Users/mac/Documents/Plugin/Git/ACTM/src/plugin/exportEng/fmtCSS.ts">
        <metrics statements="44" coveredstatements="44" conditionals="17" coveredconditionals="12" methods="2" coveredmethods="2"/>
        <line num="4" count="2" type="stmt"/>
        <line num="6" count="9" type="cond" truecount="1" falsecount="1"/>
        <line num="7" count="9" type="cond" truecount="1" falsecount="1"/>
        <line num="8" count="9" type="stmt"/>
        <line num="9" count="18" type="stmt"/>
        <line num="10" count="18" type="stmt"/>
        <line num="11" count="18" type="stmt"/>
        <line num="12" count="18" type="stmt"/>
        <line num="13" count="18" type="stmt"/>
        <line num="14" count="18" type="stmt"/>
        <line num="15" count="144" type="stmt"/>
        <line num="16" count="144" type="stmt"/>
        <line num="17" count="144" type="stmt"/>
        <line num="20" count="9" type="stmt"/>
        <line num="21" count="9" type="stmt"/>
        <line num="25" count="19" type="cond" truecount="2" falsecount="0"/>
        <line num="28" count="19" type="stmt"/>
        <line num="29" count="19" type="cond" truecount="2" falsecount="0"/>
        <line num="30" count="19" type="cond" truecount="1" falsecount="1"/>
        <line num="31" count="19" type="stmt"/>
        <line num="32" count="19" type="stmt"/>
        <line num="33" count="40" type="stmt"/>
        <line num="34" count="40" type="stmt"/>
        <line num="35" count="40" type="stmt"/>
        <line num="36" count="40" type="stmt"/>
        <line num="37" count="40" type="stmt"/>
        <line num="38" count="40" type="stmt"/>
        <line num="39" count="65" type="stmt"/>
        <line num="40" count="65" type="cond" truecount="2" falsecount="1"/>
        <line num="41" count="65" type="stmt"/>
        <line num="42" count="65" type="stmt"/>
        <line num="43" count="65" type="stmt"/>
        <line num="44" count="65" type="stmt"/>
        <line num="45" count="118" type="stmt"/>
        <line num="46" count="118" type="cond" truecount="1" falsecount="1"/>
        <line num="47" count="118" type="stmt"/>
        <line num="48" count="118" type="stmt"/>
        <line num="49" count="118" type="stmt"/>
        <line num="53" count="19" type="stmt"/>
        <line num="54" count="19" type="cond" truecount="2" falsecount="0"/>
        <line num="55" count="6" type="stmt"/>
        <line num="56" count="6" type="stmt"/>
        <line num="57" count="6" type="stmt"/>
        <line num="59" count="19" type="stmt"/>
      </file>
      <file name="fmtDTCG.ts" path="/Users/mac/Documents/Plugin/Git/ACTM/src/plugin/exportEng/fmtDTCG.ts">
        <metrics statements="47" coveredstatements="47" conditionals="23" coveredconditionals="19" methods="2" coveredmethods="2"/>
        <line num="4" count="2" type="stmt"/>
        <line num="6" count="9" type="stmt"/>
        <line num="7" count="9" type="cond" truecount="1" falsecount="1"/>
        <line num="8" count="9" type="stmt"/>
        <line num="9" count="16" type="stmt"/>
        <line num="10" count="16" type="stmt"/>
        <line num="11" count="16" type="stmt"/>
        <line num="12" count="16" type="stmt"/>
        <line num="13" count="16" type="stmt"/>
        <line num="14" count="16" type="stmt"/>
        <line num="15" count="46" type="stmt"/>
        <line num="16" count="46" type="stmt"/>
        <line num="17" count="46" type="stmt"/>
        <line num="18" count="46" type="stmt"/>
        <line num="19" count="46" type="cond" truecount="4" falsecount="0"/>
        <line num="20" count="36" type="stmt"/>
        <line num="22" count="46" type="stmt"/>
        <line num="25" count="9" type="stmt"/>
        <line num="29" count="10" type="cond" truecount="2" falsecount="0"/>
        <line num="30" count="10" type="cond" truecount="2" falsecount="0"/>
        <line num="31" count="9" type="stmt"/>
        <line num="32" count="9" type="stmt"/>
        <line num="33" count="9" type="stmt"/>
        <line num="34" count="13" type="stmt"/>
        <line num="35" count="13" type="stmt"/>
        <line num="36" count="13" type="cond" truecount="1" falsecount="1"/>
        <line num="37" count="13" type="stmt"/>
        <line num="38" count="13" type="stmt"/>
        <line num="39" count="13" type="stmt"/>
        <line num="40" count="13" type="stmt"/>
        <line num="41" count="13" type="cond" truecount="2" falsecount="1"/>
        <line num="42" count="13" type="stmt"/>
        <line num="43" count="13" type="cond" truecount="1" falsecount="1"/>
        <line num="44" count="13" type="stmt"/>
        <line num="45" count="13" type="stmt"/>
        <line num="46" count="13" type="stmt"/>
        <line num="47" count="22" type="stmt"/>
        <line num="48" count="22" type="cond" truecount="2" falsecount="0"/>
        <line num="49" count="18" type="stmt"/>
        <line num="51" count="18" type="cond" truecount="2" falsecount="0"/>
        <line num="52" count="17" type="stmt"/>
        <line num="53" count="17" type="stmt"/>
        <line num="55" count="1" type="stmt"/>
        <line num="57" count="18" type="stmt"/>
        <line num="58" count="18" type="cond" truecount="2" falsecount="0"/>
        <line num="59" count="18" type="stmt"/>
        <line num="63" count="9" type="stmt"/>
      </file>
      <file name="fmtReactNative.ts" path="/Users/mac/Documents/Plugin/Git/ACTM/src/plugin/exportEng/fmtReactNative.ts">
        <metrics statements="70" coveredstatements="70" conditionals="21" coveredconditionals="13" methods="3" coveredmethods="3"/>
        <line num="4" count="2" type="stmt"/>
        <line num="6" count="8" type="cond" truecount="2" falsecount="0"/>
        <line num="7" count="8" type="stmt"/>
        <line num="8" count="8" type="cond" truecount="1" falsecount="1"/>
        <line num="9" count="8" type="stmt"/>
        <line num="10" count="8" type="stmt"/>
        <line num="11" count="8" type="cond" truecount="1" falsecount="1"/>
        <line num="12" count="8" type="cond" truecount="1" falsecount="1"/>
        <line num="13" count="8" type="stmt"/>
        <line num="14" count="8" type="stmt"/>
        <line num="15" count="14" type="stmt"/>
        <line num="16" count="14" type="stmt"/>
        <line num="17" count="14" type="stmt"/>
        <line num="18" count="14" type="stmt"/>
        <line num="19" count="14" type="stmt"/>
        <line num="20" count="14" type="stmt"/>
        <line num="21" count="40" type="stmt"/>
        <line num="22" count="40" type="stmt"/>
        <line num="23" count="40" type="stmt"/>
        <line num="25" count="14" type="stmt"/>
        <line num="27" count="8" type="stmt"/>
        <line num="29" count="8" type="cond" truecount="1" falsecount="1"/>
        <line num="30" count="8" type="stmt"/>
        <line num="31" count="8" type="stmt"/>
        <line num="32" count="8" type="stmt"/>
        <line num="33" count="14" type="stmt"/>
        <line num="34" count="14" type="stmt"/>
        <line num="35" count="14" type="stmt"/>
        <line num="36" count="14" type="stmt"/>
        <line num="37" count="14" type="stmt"/>
        <line num="38" count="14" type="stmt"/>
        <line num="39" count="14" type="stmt"/>
        <line num="40" count="14" type="cond" truecount="2" falsecount="1"/>
        <line num="41" count="14" type="stmt"/>
        <line num="42" count="14" type="stmt"/>
        <line num="43" count="14" type="stmt"/>
        <line num="44" count="14" type="stmt"/>
        <line num="45" count="14" type="stmt"/>
        <line num="46" count="26" type="stmt"/>
        <line num="47" count="26" type="cond" truecount="2" falsecount="0"/>
        <line num="48" count="20" type="stmt"/>
        <line num="49" count="20" type="stmt"/>
        <line num="51" count="14" type="stmt"/>
        <line num="53" count="14" type="stmt"/>
        <line num="55" count="8" type="stmt"/>
        <line num="57" count="8" type="stmt"/>
        <line num="58" count="8" type="stmt"/>
        <line num="59" count="8" type="stmt"/>
        <line num="63" count="5" type="cond" truecount="1" falsecount="1"/>
        <line num="64" count="5" type="stmt"/>
        <line num="65" count="5" type="cond" truecount="1" falsecount="1"/>
        <line num="66" count="5" type="stmt"/>
        <line num="67" count="5" type="stmt"/>
        <line num="68" count="10" type="stmt"/>
        <line num="69" count="10" type="stmt"/>
        <line num="71" count="5" type="stmt"/>
        <line num="72" count="10" type="stmt"/>
        <line num="73" count="5" type="stmt"/>
        <line num="74" count="5" type="stmt"/>
        <line num="75" count="5" type="stmt"/>
        <line num="76" count="10" type="stmt"/>
        <line num="77" count="10" type="stmt"/>
        <line num="79" count="5" type="stmt"/>
        <line num="80" count="5" type="stmt"/>
        <line num="81" count="5" type="cond" truecount="1" falsecount="1"/>
        <line num="82" count="5" type="stmt"/>
        <line num="83" count="5" type="stmt"/>
        <line num="84" count="10" type="stmt"/>
        <line num="85" count="10" type="stmt"/>
        <line num="87" count="5" type="stmt"/>
      </file>
      <file name="fmtSCSS.ts" path="/Users/mac/Documents/Plugin/Git/ACTM/src/plugin/exportEng/fmtSCSS.ts">
        <metrics statements="74" coveredstatements="73" conditionals="37" coveredconditionals="26" methods="3" coveredmethods="3"/>
        <line num="4" count="2" type="stmt"/>
        <line num="6" count="7" type="cond" truecount="1" falsecount="1"/>
        <line num="7" count="7" type="cond" truecount="1" falsecount="1"/>
        <line num="8" count="7" type="stmt"/>
        <line num="9" count="12" type="stmt"/>
        <line num="10" count="12" type="stmt"/>
        <line num="11" count="12" type="stmt"/>
        <line num="12" count="12" type="stmt"/>
        <line num="13" count="12" type="stmt"/>
        <line num="14" count="12" type="stmt"/>
        <line num="15" count="34" type="stmt"/>
        <line num="16" count="34" type="stmt"/>
        <line num="17" count="34" type="cond" truecount="3" falsecount="1"/>
        <line num="18" count="34" type="stmt"/>
        <line num="20" count="12" type="stmt"/>
        <line num="21" count="12" type="stmt"/>
        <line num="22" count="34" type="stmt"/>
        <line num="23" count="34" type="stmt"/>
        <line num="24" count="34" type="cond" truecount="3" falsecount="1"/>
        <line num="25" count="34" type="stmt"/>
        <line num="27" count="12" type="stmt"/>
        <line num="29" count="7" type="stmt"/>
        <line num="33" count="5" type="cond" truecount="1" falsecount="1"/>
        <line num="34" count="5" type="cond" truecount="1" falsecount="1"/>
        <line num="35" count="5" type="stmt"/>
        <line num="36" count="10" type="stmt"/>
        <line num="37" count="10" type="stmt"/>
        <line num="38" count="10" type="cond" truecount="1" falsecount="1"/>
        <line num="39" count="10" type="stmt"/>
        <line num="40" count="10" type="stmt"/>
        <line num="41" count="10" type="stmt"/>
        <line num="42" count="13" type="stmt"/>
        <line num="43" count="13" type="stmt"/>
        <line num="44" count="13" type="stmt"/>
        <line num="45" count="13" type="stmt"/>
        <line num="46" count="13" type="stmt"/>
        <line num="47" count="13" type="stmt"/>
        <line num="48" count="13" type="stmt"/>
        <line num="49" count="13" type="cond" truecount="2" falsecount="1"/>
        <line num="50" count="13" type="stmt"/>
        <line num="51" count="13" type="stmt"/>
        <line num="52" count="13" type="stmt"/>
        <line num="53" count="13" type="stmt"/>
        <line num="54" count="22" type="stmt"/>
        <line num="55" count="22" type="cond" truecount="2" falsecount="0"/>
        <line num="56" count="19" type="stmt"/>
        <line num="57" count="19" type="stmt"/>
        <line num="58" count="19" type="stmt"/>
        <line num="60" count="19" type="cond" truecount="1" falsecount="1"/>
        <line num="61" count="19" type="stmt"/>
        <line num="62" count="19" type="stmt"/>
        <line num="64" count="0" type="stmt"/>
        <line num="66" count="19" type="cond" truecount="2" falsecount="0"/>
        <line num="67" count="22" type="stmt"/>
        <line num="71" count="10" type="stmt"/>
        <line num="73" count="5" type="stmt"/>
        <line num="77" count="5" type="cond" truecount="1" falsecount="1"/>
        <line num="78" count="5" type="stmt"/>
        <line num="91" count="5" type="stmt"/>
        <line num="92" count="9" type="stmt"/>
        <line num="93" count="9" type="stmt"/>
        <line num="94" count="9" type="cond" truecount="2" falsecount="0"/>
        <line num="95" count="5" type="stmt"/>
        <line num="97" count="4" type="stmt"/>
        <line num="100" count="5" type="stmt"/>
        <line num="101" count="5" type="stmt"/>
        <line num="102" count="9" type="cond" truecount="2" falsecount="0"/>
        <line num="104" count="5" type="cond" truecount="2" falsecount="0"/>
        <line num="105" count="4" type="stmt"/>
        <line num="106" count="4" type="stmt"/>
        <line num="107" count="4" type="stmt"/>
        <line num="108" count="4" type="stmt"/>
        <line num="109" count="4" type="stmt"/>
        <line num="111" count="5" type="stmt"/>
      </file>
      <file name="fmtStyleDictionary.ts" path="/Users/mac/Documents/Plugin/Git/ACTM/src/plugin/exportEng/fmtStyleDictionary.ts">
        <metrics statements="42" coveredstatements="41" conditionals="17" coveredconditionals="12" methods="2" coveredmethods="2"/>
        <line num="4" count="2" type="stmt"/>
        <line num="6" count="5" type="stmt"/>
        <line num="7" count="5" type="cond" truecount="1" falsecount="1"/>
        <line num="8" count="5" type="stmt"/>
        <line num="9" count="9" type="stmt"/>
        <line num="10" count="9" type="stmt"/>
        <line num="11" count="9" type="stmt"/>
        <line num="12" count="9" type="stmt"/>
        <line num="13" count="9" type="stmt"/>
        <line num="14" count="9" type="stmt"/>
        <line num="15" count="26" type="stmt"/>
        <line num="16" count="26" type="stmt"/>
        <line num="17" count="26" type="stmt"/>
        <line num="18" count="26" type="stmt"/>
        <line num="25" count="5" type="stmt"/>
        <line num="29" count="6" type="cond" truecount="2" falsecount="0"/>
        <line num="30" count="6" type="cond" truecount="2" falsecount="0"/>
        <line num="31" count="5" type="stmt"/>
        <line num="32" count="5" type="stmt"/>
        <line num="33" count="5" type="stmt"/>
        <line num="34" count="8" type="stmt"/>
        <line num="35" count="8" type="stmt"/>
        <line num="36" count="8" type="cond" truecount="1" falsecount="1"/>
        <line num="37" count="8" type="stmt"/>
        <line num="38" count="8" type="stmt"/>
        <line num="39" count="8" type="stmt"/>
        <line num="40" count="8" type="stmt"/>
        <line num="41" count="8" type="cond" truecount="2" falsecount="1"/>
        <line num="42" count="8" type="stmt"/>
        <line num="43" count="8" type="cond" truecount="1" falsecount="1"/>
        <line num="44" count="8" type="stmt"/>
        <line num="45" count="8" type="stmt"/>
        <line num="46" count="8" type="stmt"/>
        <line num="47" count="14" type="stmt"/>
        <line num="48" count="14" type="cond" truecount="2" falsecount="0"/>
        <line num="49" count="11" type="stmt"/>
        <line num="51" count="11" type="cond" truecount="1" falsecount="1"/>
        <line num="52" count="11" type="stmt"/>
        <line num="53" count="11" type="stmt"/>
        <line num="55" count="0" type="stmt"/>
        <line num="57" count="11" type="stmt"/>
        <line num="65" count="5" type="stmt"/>
      </file>
      <file name="fmtSwift.ts" path="/Users/mac/Documents/Plugin/Git/ACTM/src/plugin/exportEng/fmtSwift.ts">
        <metrics statements="42" coveredstatements="42" conditionals="12" coveredconditionals="9" methods="3" coveredmethods="3"/>
        <line num="4" count="2" type="stmt"/>
        <line num="6" count="9" type="cond" truecount="2" falsecount="0"/>
        <line num="7" count="9" type="stmt"/>
        <line num="8" count="9" type="cond" truecount="1" falsecount="1"/>
        <line num="9" count="9" type="stmt"/>
        <line num="10" count="9" type="stmt"/>
        <line num="11" count="9" type="stmt"/>
        <line num="12" count="9" type="stmt"/>
        <line num="13" count="9" type="stmt"/>
        <line num="14" count="9" type="cond" truecount="1" falsecount="1"/>
        <line num="15" count="9" type="stmt"/>
        <line num="16" count="9" type="stmt"/>
        <line num="17" count="9" type="stmt"/>
        <line num="18" count="16" type="stmt"/>
        <line num="19" count="16" type="stmt"/>
        <line num="20" count="16" type="stmt"/>
        <line num="21" count="16" type="stmt"/>
        <line num="22" count="16" type="stmt"/>
        <line num="23" count="46" type="stmt"/>
        <line num="24" count="46" type="stmt"/>
        <line num="25" count="46" type="stmt"/>
        <line num="26" count="46" type="stmt"/>
        <line num="27" count="46" type="stmt"/>
        <line num="30" count="9" type="stmt"/>
        <line num="31" count="9" type="cond" truecount="1" falsecount="1"/>
        <line num="32" count="9" type="stmt"/>
        <line num="33" count="9" type="stmt"/>
        <line num="34" count="9" type="stmt"/>
        <line num="35" count="39" type="cond" truecount="2" falsecount="0"/>
        <line num="36" count="23" type="stmt"/>
        <line num="37" count="23" type="stmt"/>
        <line num="38" count="23" type="stmt"/>
        <line num="40" count="9" type="stmt"/>
        <line num="41" count="9" type="stmt"/>
        <line num="42" count="9" type="stmt"/>
        <line num="43" count="9" type="stmt"/>
        <line num="44" count="39" type="cond" truecount="2" falsecount="0"/>
        <line num="45" count="23" type="stmt"/>
        <line num="46" count="23" type="stmt"/>
        <line num="47" count="23" type="stmt"/>
        <line num="49" count="9" type="stmt"/>
        <line num="51" count="9" type="stmt"/>
      </file>
      <file name="fmtTailwind.ts" path="/Users/mac/Documents/Plugin/Git/ACTM/src/plugin/exportEng/fmtTailwind.ts">
        <metrics statements="53" coveredstatements="53" conditionals="13" coveredconditionals="8" methods="1" coveredmethods="1"/>
        <line num="4" count="2" type="stmt"/>
        <line num="6" count="8" type="stmt"/>
        <line num="7" count="8" type="stmt"/>
        <line num="8" count="8" type="stmt"/>
        <line num="9" count="8" type="stmt"/>
        <line num="10" count="8" type="stmt"/>
        <line num="11" count="8" type="stmt"/>
        <line num="12" count="8" type="stmt"/>
        <line num="13" count="8" type="cond" truecount="1" falsecount="1"/>
        <line num="14" count="8" type="stmt"/>
        <line num="15" count="15" type="stmt"/>
        <line num="16" count="15" type="stmt"/>
        <line num="17" count="15" type="stmt"/>
        <line num="18" count="15" type="stmt"/>
        <line num="19" count="15" type="stmt"/>
        <line num="20" count="15" type="stmt"/>
        <line num="21" count="44" type="stmt"/>
        <line num="22" count="44" type="stmt"/>
        <line num="23" count="44" type="stmt"/>
        <line num="24" count="44" type="stmt"/>
        <line num="26" count="15" type="stmt"/>
        <line num="28" count="8" type="cond" truecount="1" falsecount="1"/>
        <line num="29" count="8" type="cond" truecount="1" falsecount="1"/>
        <line num="30" count="8" type="stmt"/>
        <line num="31" count="8" type="stmt"/>
        <line num="32" count="8" type="cond" truecount="1" falsecount="1"/>
        <line num="33" count="8" type="stmt"/>
        <line num="34" count="8" type="stmt"/>
        <line num="35" count="8" type="stmt"/>
        <line num="36" count="15" type="stmt"/>
        <line num="37" count="15" type="stmt"/>
        <line num="38" count="15" type="stmt"/>
        <line num="39" count="15" type="stmt"/>
        <line num="40" count="15" type="stmt"/>
        <line num="41" count="15" type="stmt"/>
        <line num="42" count="15" type="cond" truecount="2" falsecount="1"/>
        <line num="43" count="15" type="stmt"/>
        <line num="44" count="15" type="stmt"/>
        <line num="45" count="15" type="stmt"/>
        <line num="46" count="15" type="stmt"/>
        <line num="47" count="29" type="stmt"/>
        <line num="48" count="29" type="cond" truecount="2" falsecount="0"/>
        <line num="49" count="22" type="stmt"/>
        <line num="50" count="22" type="stmt"/>
        <line num="51" count="22" type="stmt"/>
        <line num="52" count="22" type="stmt"/>
        <line num="53" count="22" type="stmt"/>
        <line num="59" count="8" type="stmt"/>
        <line num="60" count="8" type="stmt"/>
        <line num="61" count="8" type="stmt"/>
        <line num="62" count="8" type="stmt"/>
        <line num="63" count="8" type="stmt"/>
        <line num="64" count="8" type="stmt"/>
      </file>
      <file name="helpers.ts" path="/Users/mac/Documents/Plugin/Git/ACTM/src/plugin/exportEng/helpers.ts">
        <metrics statements="54" coveredstatements="54" conditionals="52" coveredconditionals="45" methods="15" coveredmethods="15"/>
        <line num="16" count="291" type="cond" truecount="2" falsecount="0"/>
        <line num="17" count="16" type="cond" truecount="1" falsecount="1"/>
        <line num="18" count="28" type="cond" truecount="4" falsecount="0"/>
        <line num="19" count="14" type="stmt"/>
        <line num="21" count="2" type="stmt"/>
        <line num="25" count="199" type="cond" truecount="2" falsecount="0"/>
        <line num="26" count="13" type="cond" truecount="4" falsecount="0"/>
        <line num="30" count="313" type="cond" truecount="2" falsecount="0"/>
        <line num="31" count="2" type="cond" truecount="3" falsecount="1"/>
        <line num="35" count="498" type="cond" truecount="2" falsecount="0"/>
        <line num="36" count="21" type="cond" truecount="2" falsecount="0"/>
        <line num="37" count="498" type="cond" truecount="2" falsecount="0"/>
        <line num="41" count="266" type="cond" truecount="1" falsecount="1"/>
        <line num="42" count="266" type="stmt"/>
        <line num="43" count="266" type="stmt"/>
        <line num="44" count="266" type="stmt"/>
        <line num="45" count="798" type="stmt"/>
        <line num="46" count="798" type="cond" truecount="2" falsecount="0"/>
        <line num="48" count="266" type="stmt"/>
        <line num="52" count="197" type="cond" truecount="5" falsecount="0"/>
        <line num="58" count="2009" type="cond" truecount="2" falsecount="0"/>
        <line num="59" count="2005" type="stmt"/>
        <line num="67" count="192" type="stmt"/>
        <line num="68" count="381" type="stmt"/>
        <line num="69" count="381" type="cond" truecount="2" falsecount="0"/>
        <line num="74" count="171" type="stmt"/>
        <line num="78" count="166" type="stmt"/>
        <line num="79" count="166" type="cond" truecount="2" falsecount="0"/>
        <line num="80" count="166" type="stmt"/>
        <line num="88" count="49" type="stmt"/>
        <line num="89" count="49" type="stmt"/>
        <line num="93" count="18" type="cond" truecount="1" falsecount="1"/>
        <line num="94" count="18" type="stmt"/>
        <line num="95" count="36" type="stmt"/>
        <line num="96" count="36" type="stmt"/>
        <line num="97" count="36" type="cond" truecount="1" falsecount="1"/>
        <line num="98" count="36" type="stmt"/>
        <line num="99" count="36" type="stmt"/>
        <line num="100" count="50" type="stmt"/>
        <line num="101" count="50" type="stmt"/>
        <line num="102" count="50" type="stmt"/>
        <line num="103" count="50" type="stmt"/>
        <line num="104" count="50" type="stmt"/>
        <line num="105" count="50" type="stmt"/>
        <line num="106" count="50" type="cond" truecount="2" falsecount="1"/>
        <line num="107" count="50" type="stmt"/>
        <line num="108" count="50" type="stmt"/>
        <line num="109" count="50" type="stmt"/>
        <line num="110" count="50" type="stmt"/>
        <line num="111" count="92" type="stmt"/>
        <line num="112" count="92" type="cond" truecount="2" falsecount="0"/>
        <line num="113" count="78" type="stmt"/>
        <line num="114" count="78" type="stmt"/>
        <line num="115" count="78" type="stmt"/>
      </file>
    </package>
    <package name="src.shared">
      <metrics statements="440" coveredstatements="425" conditionals="424" coveredconditionals="294" methods="95" coveredmethods="90"/>
      <file name="clrEngine.ts" path="/Users/mac/Documents/Plugin/Git/ACTM/src/shared/clrEngine.ts">
        <metrics statements="369" coveredstatements="355" conditionals="348" coveredconditionals="236" methods="74" coveredmethods="71"/>
        <line num="115" count="4" type="stmt"/>
        <line num="116" count="4" type="stmt"/>
        <line num="117" count="4" type="stmt"/>
        <line num="118" count="4" type="stmt"/>
        <line num="127" count="4" type="stmt"/>
        <line num="129" count="3" type="stmt"/>
        <line num="130" count="3" type="stmt"/>
        <line num="131" count="33" type="cond" truecount="2" falsecount="2"/>
        <line num="132" count="3" type="stmt"/>
        <line num="136" count="2" type="stmt"/>
        <line num="137" count="2" type="stmt"/>
        <line num="138" count="571" type="stmt"/>
        <line num="139" count="22" type="cond" truecount="2" falsecount="2"/>
        <line num="141" count="22" type="stmt"/>
        <line num="145" count="25073" type="stmt"/>
        <line num="146" count="96" type="stmt"/>
        <line num="147" count="96" type="stmt"/>
        <line num="148" count="24038" type="stmt"/>
        <line num="149" count="1035" type="cond" truecount="2" falsecount="2"/>
        <line num="151" count="1035" type="stmt"/>
        <line num="155" count="531" type="stmt"/>
        <line num="156" count="2" type="stmt"/>
        <line num="157" count="531" type="stmt"/>
        <line num="158" count="531" type="cond" truecount="2" falsecount="0"/>
        <line num="160" count="2" type="stmt"/>
        <line num="161" count="2" type="stmt"/>
        <line num="162" count="22" type="stmt"/>
        <line num="163" count="22" type="cond" truecount="2" falsecount="2"/>
        <line num="165" count="2" type="stmt"/>
        <line num="169" count="3" type="cond" truecount="4" falsecount="4"/>
        <line num="170" count="2" type="stmt"/>
        <line num="171" count="2" type="stmt"/>
        <line num="172" count="2" type="stmt"/>
        <line num="173" count="2" type="stmt"/>
        <line num="175" count="22" type="cond" truecount="1" falsecount="1"/>
        <line num="176" count="22" type="cond" truecount="2" falsecount="0"/>
        <line num="177" count="20" type="cond" truecount="2" falsecount="0"/>
        <line num="178" count="18" type="cond" truecount="4" falsecount="0"/>
        <line num="179" count="8" type="stmt"/>
        <line num="180" count="22" type="stmt"/>
        <line num="181" count="506" type="stmt"/>
        <line num="182" count="22" type="cond" truecount="2" falsecount="2"/>
        <line num="184" count="22" type="stmt"/>
        <line num="188" count="2" type="cond" truecount="2" falsecount="2"/>
        <line num="189" count="2" type="stmt"/>
        <line num="190" count="2" type="stmt"/>
        <line num="191" count="22" type="stmt"/>
        <line num="192" count="22" type="stmt"/>
        <line num="193" count="22" type="stmt"/>
        <line num="194" count="817" type="stmt"/>
        <line num="195" count="817" type="stmt"/>
        <line num="196" count="817" type="stmt"/>
        <line num="197" count="817" type="cond" truecount="3" falsecount="1"/>
        <line num="198" count="815" type="cond" truecount="3" falsecount="1"/>
        <line num="199" count="389" type="stmt"/>
        <line num="201" count="22" type="cond" truecount="1" falsecount="1"/>
        <line num="203" count="2" type="stmt"/>
        <line num="207" count="4" type="cond" truecount="2" falsecount="2"/>
        <line num="208" count="4" type="stmt"/>
        <line num="209" count="4" type="stmt"/>
        <line num="210" count="44" type="stmt"/>
        <line num="211" count="44" type="stmt"/>
        <line num="212" count="44" type="stmt"/>
        <line num="213" count="1436" type="stmt"/>
        <line num="214" count="1436" type="stmt"/>
        <line num="215" count="1436" type="stmt"/>
        <line num="216" count="1436" type="cond" truecount="3" falsecount="1"/>
        <line num="217" count="1425" type="cond" truecount="3" falsecount="1"/>
        <line num="218" count="727" type="stmt"/>
        <line num="220" count="44" type="cond" truecount="1" falsecount="1"/>
        <line num="222" count="4" type="stmt"/>
        <line num="227" count="111" type="cond" truecount="1" falsecount="1"/>
        <line num="228" count="111" type="stmt"/>
        <line num="229" count="111" type="stmt"/>
        <line num="230" count="111" type="cond" truecount="3" falsecount="1"/>
        <line num="231" count="0" type="stmt"/>
        <line num="232" count="0" type="stmt"/>
        <line num="234" count="111" type="stmt"/>
        <line num="235" count="111" type="stmt"/>
        <line num="236" count="111" type="stmt"/>
        <line num="237" count="111" type="stmt"/>
        <line num="239" count="111" type="stmt"/>
        <line num="240" count="1145" type="cond" truecount="1" falsecount="1"/>
        <line num="241" count="1145" type="stmt"/>
        <line num="244" count="111" type="stmt"/>
        <line num="245" count="1101" type="stmt"/>
        <line num="246" count="1101" type="stmt"/>
        <line num="247" count="25624" type="stmt"/>
        <line num="248" count="25624" type="cond" truecount="2" falsecount="2"/>
        <line num="249" count="25624" type="stmt"/>
        <line num="250" count="25624" type="cond" truecount="3" falsecount="1"/>
        <line num="251" count="25280" type="cond" truecount="3" falsecount="1"/>
        <line num="252" count="12858" type="stmt"/>
        <line num="254" count="1101" type="stmt"/>
        <line num="257" count="111" type="cond" truecount="1" falsecount="1"/>
        <line num="258" count="111" type="stmt"/>
        <line num="264" count="120" type="stmt"/>
        <line num="265" count="120" type="stmt"/>
        <line num="268" count="120" type="cond" truecount="2" falsecount="0"/>
        <line num="272" count="120" type="stmt"/>
        <line num="273" count="159" type="stmt"/>
        <line num="274" count="120" type="stmt"/>
        <line num="275" count="159" type="stmt"/>
        <line num="276" count="159" type="stmt"/>
        <line num="277" count="159" type="stmt"/>
        <line num="278" count="276" type="stmt"/>
        <line num="279" count="276" type="cond" truecount="2" falsecount="0"/>
        <line num="280" count="114" type="stmt"/>
        <line num="282" count="162" type="stmt"/>
        <line num="286" count="120" type="stmt"/>
        <line num="297" count="64" type="stmt"/>
        <line num="298" count="64" type="cond" truecount="2" falsecount="0"/>
        <line num="299" count="84" type="cond" truecount="2" falsecount="2"/>
        <line num="300" count="64" type="stmt"/>
        <line num="301" count="111" type="cond" truecount="4" falsecount="0"/>
        <line num="302" count="111" type="stmt"/>
        <line num="303" count="111" type="stmt"/>
        <line num="304" count="111" type="stmt"/>
        <line num="305" count="111" type="stmt"/>
        <line num="306" count="1200" type="cond" truecount="2" falsecount="2"/>
        <line num="307" count="1200" type="stmt"/>
        <line num="308" count="1200" type="stmt"/>
        <line num="309" count="1200" type="stmt"/>
        <line num="310" count="1753" type="stmt"/>
        <line num="312" count="1200" type="stmt"/>
        <line num="321" count="64" type="stmt"/>
        <line num="325" count="189" type="cond" truecount="3" falsecount="1"/>
        <line num="326" count="23" type="cond" truecount="4" falsecount="2"/>
        <line num="327" count="1" type="cond" truecount="1" falsecount="2"/>
        <line num="337" count="114" type="stmt"/>
        <line num="339" count="114" type="stmt"/>
        <line num="340" count="205" type="stmt"/>
        <line num="341" count="205" type="cond" truecount="6" falsecount="0"/>
        <line num="342" count="189" type="cond" truecount="2" falsecount="2"/>
        <line num="343" count="205" type="cond" truecount="5" falsecount="0"/>
        <line num="344" count="205" type="stmt"/>
        <line num="345" count="205" type="stmt"/>
        <line num="347" count="205" type="cond" truecount="5" falsecount="0"/>
        <line num="350" count="205" type="cond" truecount="1" falsecount="3"/>
        <line num="352" count="205" type="stmt"/>
        <line num="353" count="430" type="stmt"/>
        <line num="354" count="430" type="stmt"/>
        <line num="355" count="430" type="cond" truecount="2" falsecount="0"/>
        <line num="356" count="430" type="cond" truecount="2" falsecount="0"/>
        <line num="357" count="430" type="stmt"/>
        <line num="381" count="162" type="stmt"/>
        <line num="382" count="162" type="stmt"/>
        <line num="383" count="162" type="cond" truecount="2" falsecount="0"/>
        <line num="385" count="162" type="stmt"/>
        <line num="386" count="254" type="stmt"/>
        <line num="387" count="254" type="cond" truecount="5" falsecount="1"/>
        <line num="388" count="245" type="cond" truecount="2" falsecount="2"/>
        <line num="389" count="254" type="cond" truecount="3" falsecount="2"/>
        <line num="390" count="254" type="cond" truecount="4" falsecount="4"/>
        <line num="391" count="254" type="stmt"/>
        <line num="393" count="254" type="cond" truecount="5" falsecount="0"/>
        <line num="397" count="254" type="cond" truecount="2" falsecount="0"/>
        <line num="398" count="6" type="stmt"/>
        <line num="400" count="239" type="stmt"/>
        <line num="414" count="6" type="cond" truecount="1" falsecount="1"/>
        <line num="415" count="6" type="stmt"/>
        <line num="416" count="13" type="cond" truecount="2" falsecount="0"/>
        <line num="417" count="13" type="stmt"/>
        <line num="418" count="13" type="stmt"/>
        <line num="443" count="239" type="cond" truecount="1" falsecount="1"/>
        <line num="444" count="239" type="stmt"/>
        <line num="445" count="2785" type="cond" truecount="2" falsecount="4"/>
        <line num="449" count="239" type="stmt"/>
        <line num="450" count="483" type="cond" truecount="4" falsecount="0"/>
        <line num="451" count="483" type="cond" truecount="2" falsecount="0"/>
        <line num="452" count="483" type="stmt"/>
        <line num="453" count="483" type="cond" truecount="2" falsecount="0"/>
        <line num="454" count="175" type="stmt"/>
        <line num="455" count="1051" type="cond" truecount="2" falsecount="0"/>
        <line num="458" count="308" type="stmt"/>
        <line num="459" count="1712" type="cond" truecount="2" falsecount="0"/>
        <line num="462" count="483" type="cond" truecount="2" falsecount="0"/>
        <line num="463" count="2" type="stmt"/>
        <line num="464" count="2" type="stmt"/>
        <line num="465" count="22" type="stmt"/>
        <line num="466" count="22" type="cond" truecount="1" falsecount="1"/>
        <line num="468" count="2" type="stmt"/>
        <line num="470" count="483" type="stmt"/>
        <line num="471" count="483" type="cond" truecount="2" falsecount="4"/>
        <line num="474" count="483" type="stmt"/>
        <line num="495" count="68123" type="cond" truecount="2" falsecount="2"/>
        <line num="496" count="68123" type="stmt"/>
        <line num="500" count="234957" type="stmt"/>
        <line num="501" count="234957" type="stmt"/>
        <line num="505" count="256482" type="stmt"/>
        <line num="512" count="4" type="stmt"/>
        <line num="517" count="4" type="stmt"/>
        <line num="522" count="4" type="stmt"/>
        <line num="527" count="4" type="stmt"/>
        <line num="536" count="60165" type="stmt"/>
        <line num="537" count="180495" type="stmt"/>
        <line num="538" count="60165" type="stmt"/>
        <line num="539" count="60165" type="stmt"/>
        <line num="543" count="68074" type="stmt"/>
        <line num="544" count="68074" type="stmt"/>
        <line num="545" count="204222" type="stmt"/>
        <line num="546" count="68074" type="stmt"/>
        <line num="551" count="4" type="stmt"/>
        <line num="556" count="4" type="stmt"/>
        <line num="570" count="4" type="stmt"/>
        <line num="571" count="4" type="stmt"/>
        <line num="572" count="4" type="stmt"/>
        <line num="573" count="4" type="stmt"/>
        <line num="574" count="4" type="stmt"/>
        <line num="575" count="4" type="stmt"/>
        <line num="576" count="4" type="stmt"/>
        <line num="577" count="4" type="stmt"/>
        <line num="578" count="4" type="stmt"/>
        <line num="579" count="4" type="stmt"/>
        <line num="580" count="4" type="stmt"/>
        <line num="581" count="4" type="stmt"/>
        <line num="582" count="12" type="stmt"/>
        <line num="587" count="4" type="stmt"/>
        <line num="588" count="12" type="stmt"/>
        <line num="589" count="12" type="stmt"/>
        <line num="590" count="4" type="stmt"/>
        <line num="591" count="4464" type="stmt"/>
        <line num="592" count="4464" type="stmt"/>
        <line num="594" count="12" type="stmt"/>
        <line num="595" count="4" type="stmt"/>
        <line num="601" count="4" type="stmt"/>
        <line num="602" count="12" type="stmt"/>
        <line num="607" count="12" type="stmt"/>
        <line num="608" count="4" type="stmt"/>
        <line num="609" count="4" type="stmt"/>
        <line num="610" count="4" type="stmt"/>
        <line num="611" count="4" type="stmt"/>
        <line num="612" count="4" type="stmt"/>
        <line num="613" count="4" type="stmt"/>
        <line num="614" count="4" type="stmt"/>
        <line num="615" count="4" type="stmt"/>
        <line num="623" count="4" type="stmt"/>
        <line num="624" count="4" type="stmt"/>
        <line num="628" count="1480" type="stmt"/>
        <line num="629" count="4440" type="stmt"/>
        <line num="634" count="1480" type="cond" truecount="1" falsecount="1"/>
        <line num="635" count="1480" type="cond" truecount="1" falsecount="1"/>
        <line num="636" count="1480" type="cond" truecount="2" falsecount="0"/>
        <line num="637" count="4440" type="stmt"/>
        <line num="638" count="1480" type="stmt"/>
        <line num="639" count="1480" type="stmt"/>
        <line num="643" count="18849" type="stmt"/>
        <line num="644" count="56547" type="stmt"/>
        <line num="649" count="18849" type="cond" truecount="1" falsecount="1"/>
        <line num="650" count="18849" type="cond" truecount="1" falsecount="1"/>
        <line num="651" count="18849" type="stmt"/>
        <line num="652" count="18849" type="stmt"/>
        <line num="653" count="18849" type="stmt"/>
        <line num="654" count="18849" type="stmt"/>
        <line num="655" count="18849" type="cond" truecount="1" falsecount="1"/>
        <line num="656" count="18849" type="stmt"/>
        <line num="657" count="18849" type="stmt"/>
        <line num="658" count="18849" type="stmt"/>
        <line num="660" count="18849" type="stmt"/>
        <line num="661" count="56547" type="stmt"/>
        <line num="662" count="56547" type="stmt"/>
        <line num="664" count="18849" type="stmt"/>
        <line num="665" count="18849" type="stmt"/>
        <line num="666" count="18849" type="stmt"/>
        <line num="667" count="56547" type="stmt"/>
        <line num="668" count="18849" type="cond" truecount="4" falsecount="0"/>
        <line num="669" count="30735" type="stmt"/>
        <line num="673" count="1480" type="cond" truecount="4" falsecount="1"/>
        <line num="674" count="0" type="cond" truecount="0" falsecount="2"/>
        <line num="675" count="0" type="cond" truecount="0" falsecount="2"/>
        <line num="676" count="0" type="cond" truecount="0" falsecount="2"/>
        <line num="677" count="0" type="stmt"/>
        <line num="679" count="1480" type="stmt"/>
        <line num="680" count="1480" type="cond" truecount="1" falsecount="1"/>
        <line num="681" count="1480" type="stmt"/>
        <line num="682" count="1480" type="stmt"/>
        <line num="683" count="20329" type="cond" truecount="2" falsecount="0"/>
        <line num="684" count="18849" type="stmt"/>
        <line num="685" count="18849" type="stmt"/>
        <line num="686" count="18849" type="cond" truecount="2" falsecount="0"/>
        <line num="687" count="8604" type="stmt"/>
        <line num="689" count="10245" type="stmt"/>
        <line num="690" count="10245" type="stmt"/>
        <line num="693" count="1480" type="cond" truecount="1" falsecount="3"/>
        <line num="699" count="7954" type="stmt"/>
        <line num="703" count="7954" type="stmt"/>
        <line num="704" count="7954" type="stmt"/>
        <line num="708" count="7954" type="stmt"/>
        <line num="709" count="7954" type="stmt"/>
        <line num="713" count="59733" type="cond" truecount="3" falsecount="1"/>
        <line num="714" count="59733" type="stmt"/>
        <line num="718" count="7502" type="cond" truecount="2" falsecount="0"/>
        <line num="719" count="7248" type="stmt"/>
        <line num="720" count="7248" type="stmt"/>
        <line num="721" count="66981" type="cond" truecount="2" falsecount="0"/>
        <line num="722" count="59733" type="stmt"/>
        <line num="723" count="59733" type="cond" truecount="2" falsecount="0"/>
        <line num="724" count="1106" type="stmt"/>
        <line num="726" count="7248" type="stmt"/>
        <line num="730" count="7286" type="cond" truecount="1" falsecount="1"/>
        <line num="731" count="7286" type="cond" truecount="3" falsecount="1"/>
        <line num="732" count="252" type="stmt"/>
        <line num="733" count="270" type="stmt"/>
        <line num="734" count="6764" type="stmt"/>
        <line num="735" count="0" type="stmt"/>
        <line num="740" count="418" type="stmt"/>
        <line num="741" count="418" type="stmt"/>
[...]
        <line num="294" count="45" type="stmt"/>
        <line num="295" count="89" type="cond" truecount="1" falsecount="1"/>
        <line num="315" count="5" type="cond" truecount="4" falsecount="0"/>
        <line num="316" count="4" type="cond" truecount="4" falsecount="0"/>
        <line num="318" count="3" type="stmt"/>
        <line num="319" count="21" type="stmt"/>
        <line num="320" count="3" type="cond" truecount="1" falsecount="1"/>
        <line num="322" count="6" type="cond" truecount="1" falsecount="1"/>
        <line num="323" count="9" type="cond" truecount="1" falsecount="1"/>
        <line num="324" count="15" type="cond" truecount="1" falsecount="1"/>
        <line num="326" count="3" type="stmt"/>
        <line num="327" count="6" type="cond" truecount="4" falsecount="0"/>
        <line num="329" count="3" type="stmt"/>
        <line num="330" count="9" type="cond" truecount="3" falsecount="1"/>
        <line num="332" count="3" type="stmt"/>
        <line num="333" count="15" type="cond" truecount="3" falsecount="1"/>
        <line num="335" count="3" type="stmt"/>
        <line num="336" count="9" type="cond" truecount="2" falsecount="2"/>
        <line num="337" count="0" type="stmt"/>
        <line num="338" count="0" type="cond" truecount="0" falsecount="4"/>
        <line num="342" count="6" type="cond" truecount="2" falsecount="2"/>
        <line num="343" count="3" type="cond" truecount="2" falsecount="0"/>
        <line num="345" count="9" type="cond" truecount="2" falsecount="2"/>
        <line num="346" count="3" type="cond" truecount="1" falsecount="1"/>
        <line num="348" count="15" type="cond" truecount="2" falsecount="2"/>
        <line num="349" count="3" type="cond" truecount="1" falsecount="1"/>
        <line num="351" count="6" type="stmt"/>
        <line num="352" count="6" type="cond" truecount="1" falsecount="1"/>
        <line num="353" count="9" type="stmt"/>
        <line num="354" count="9" type="cond" truecount="1" falsecount="1"/>
        <line num="356" count="3" type="cond" truecount="2" falsecount="0"/>
        <line num="357" count="3" type="cond" truecount="3" falsecount="1"/>
        <line num="358" count="3" type="cond" truecount="1" falsecount="1"/>
        <line num="359" count="3" type="cond" truecount="3" falsecount="1"/>
        <line num="361" count="3" type="cond" truecount="2" falsecount="0"/>
        <line num="367" count="824" type="cond" truecount="2" falsecount="0"/>
        <line num="368" count="736" type="cond" truecount="4" falsecount="0"/>
        <line num="369" count="104" type="stmt"/>
        <line num="370" count="104" type="stmt"/>
        <line num="371" count="672" type="cond" truecount="2" falsecount="0"/>
        <line num="373" count="104" type="stmt"/>
        <line num="375" count="632" type="stmt"/>
        <line num="379" count="11" type="stmt"/>
        <line num="380" count="11" type="stmt"/>
        <line num="381" count="11" type="stmt"/>
        <line num="385" count="0" type="stmt"/>
        <line num="386" count="0" type="cond" truecount="0" falsecount="2"/>
        <line num="387" count="0" type="cond" truecount="0" falsecount="2"/>
        <line num="388" count="0" type="cond" truecount="0" falsecount="2"/>
        <line num="389" count="0" type="stmt"/>
        <line num="464" count="2" type="stmt"/>
        <line num="466" count="2" type="stmt"/>
        <line num="474" count="3" type="stmt"/>
        <line num="475" count="3" type="stmt"/>
        <line num="476" count="3" type="cond" truecount="1" falsecount="1"/>
        <line num="477" count="7" type="cond" truecount="2" falsecount="0"/>
        <line num="479" count="3" type="stmt"/>
        <line num="480" count="3" type="stmt"/>
        <line num="481" count="3" type="stmt"/>
        <line num="482" count="3" type="stmt"/>
        <line num="487" count="0" type="cond" truecount="0" falsecount="2"/>
        <line num="490" count="0" type="stmt"/>
        <line num="493" count="1" type="stmt"/>
        <line num="496" count="3" type="stmt"/>
        <line num="501" count="0" type="stmt"/>
        <line num="507" count="0" type="stmt"/>
        <line num="511" count="0" type="stmt"/>
        <line num="517" count="10" type="stmt"/>
        <line num="518" count="10" type="stmt"/>
        <line num="519" count="10" type="cond" truecount="2" falsecount="0"/>
        <line num="520" count="9" type="stmt"/>
        <line num="521" count="9" type="cond" truecount="2" falsecount="0"/>
        <line num="522" count="9" type="cond" truecount="4" falsecount="0"/>
        <line num="523" count="9" type="stmt"/>
        <line num="524" count="9" type="cond" truecount="2" falsecount="0"/>
        <line num="525" count="8" type="cond" truecount="1" falsecount="1"/>
        <line num="526" count="8" type="stmt"/>
        <line num="528" count="9" type="stmt"/>
        <line num="529" count="9" type="stmt"/>
        <line num="534" count="0" type="stmt"/>
        <line num="535" count="0" type="stmt"/>
        <line num="536" count="0" type="stmt"/>
        <line num="537" count="0" type="stmt"/>
        <line num="542" count="0" type="stmt"/>
        <line num="543" count="0" type="cond" truecount="0" falsecount="4"/>
        <line num="544" count="0" type="stmt"/>
        <line num="549" count="0" type="stmt"/>
        <line num="550" count="0" type="stmt"/>
        <line num="551" count="0" type="stmt"/>
        <line num="556" count="0" type="stmt"/>
        <line num="557" count="0" type="stmt"/>
        <line num="558" count="0" type="stmt"/>
        <line num="559" count="0" type="stmt"/>
        <line num="560" count="0" type="stmt"/>
        <line num="567" count="8" type="stmt"/>
        <line num="568" count="8" type="stmt"/>
        <line num="569" count="8" type="cond" truecount="1" falsecount="1"/>
        <line num="570" count="8" type="stmt"/>
        <line num="572" count="8" type="cond" truecount="4" falsecount="0"/>
        <line num="573" count="2" type="stmt"/>
        <line num="574" count="2" type="cond" truecount="1" falsecount="1"/>
        <line num="575" count="2" type="stmt"/>
        <line num="576" count="2" type="cond" truecount="2" falsecount="0"/>
        <line num="577" count="1" type="stmt"/>
        <line num="578" count="1" type="cond" truecount="3" falsecount="1"/>
        <line num="579" count="1" type="stmt"/>
        <line num="581" count="1" type="stmt"/>
        <line num="582" count="1" type="cond" truecount="3" falsecount="1"/>
        <line num="583" count="1" type="stmt"/>
        <line num="585" count="2" type="stmt"/>
        <line num="586" count="2" type="stmt"/>
        <line num="587" count="2" type="stmt"/>
        <line num="590" count="6" type="cond" truecount="2" falsecount="0"/>
        <line num="591" count="2" type="stmt"/>
        <line num="592" count="2" type="cond" truecount="1" falsecount="1"/>
        <line num="593" count="2" type="stmt"/>
        <line num="594" count="2" type="stmt"/>
        <line num="595" count="2" type="stmt"/>
        <line num="598" count="4" type="cond" truecount="2" falsecount="0"/>
        <line num="599" count="3" type="cond" truecount="2" falsecount="0"/>
        <line num="600" count="3" type="stmt"/>
        <line num="601" count="3" type="stmt"/>
        <line num="604" count="1" type="cond" truecount="2" falsecount="2"/>
        <line num="605" count="1" type="stmt"/>
        <line num="606" count="1" type="cond" truecount="1" falsecount="1"/>
        <line num="607" count="1" type="stmt"/>
        <line num="608" count="1" type="cond" truecount="1" falsecount="1"/>
        <line num="611" count="0" type="stmt"/>
        <line num="614" count="1" type="stmt"/>
        <line num="615" count="1" type="stmt"/>
        <line num="620" count="0" type="stmt"/>
        <line num="621" count="0" type="cond" truecount="0" falsecount="4"/>
        <line num="622" count="0" type="stmt"/>
        <line num="623" count="0" type="stmt"/>
        <line num="629" count="0" type="cond" truecount="0" falsecount="2"/>
        <line num="633" count="0" type="stmt"/>
        <line num="638" count="0" type="stmt"/>
        <line num="639" count="0" type="stmt"/>
        <line num="649" count="0" type="stmt"/>
        <line num="654" count="0" type="stmt"/>
        <line num="655" count="0" type="stmt"/>
        <line num="656" count="0" type="stmt"/>
        <line num="661" count="0" type="stmt"/>
        <line num="662" count="0" type="stmt"/>
        <line num="663" count="0" type="stmt"/>
        <line num="664" count="0" type="stmt"/>
        <line num="665" count="0" type="stmt"/>
        <line num="670" count="0" type="stmt"/>
        <line num="671" count="0" type="stmt"/>
        <line num="672" count="0" type="stmt"/>
        <line num="673" count="0" type="cond" truecount="0" falsecount="2"/>
        <line num="674" count="0" type="cond" truecount="0" falsecount="4"/>
        <line num="675" count="0" type="stmt"/>
        <line num="676" count="0" type="cond" truecount="0" falsecount="4"/>
        <line num="677" count="0" type="stmt"/>
        <line num="678" count="0" type="stmt"/>
        <line num="679" count="0" type="stmt"/>
        <line num="680" count="0" type="stmt"/>
        <line num="685" count="0" type="stmt"/>
        <line num="686" count="0" type="stmt"/>
        <line num="687" count="0" type="stmt"/>
        <line num="688" count="0" type="cond" truecount="0" falsecount="2"/>
        <line num="689" count="0" type="stmt"/>
        <line num="690" count="0" type="cond" truecount="0" falsecount="2"/>
        <line num="691" count="0" type="cond" truecount="0" falsecount="2"/>
        <line num="692" count="0" type="stmt"/>
        <line num="693" count="0" type="stmt"/>
        <line num="698" count="0" type="stmt"/>
        <line num="699" count="0" type="stmt"/>
        <line num="700" count="0" type="stmt"/>
        <line num="701" count="0" type="cond" truecount="0" falsecount="2"/>
        <line num="702" count="0" type="stmt"/>
        <line num="703" count="0" type="cond" truecount="0" falsecount="2"/>
        <line num="704" count="0" type="stmt"/>
        <line num="705" count="0" type="stmt"/>
        <line num="710" count="0" type="stmt"/>
        <line num="711" count="0" type="stmt"/>
        <line num="712" count="0" type="stmt"/>
        <line num="713" count="0" type="cond" truecount="0" falsecount="2"/>
        <line num="714" count="0" type="stmt"/>
        <line num="715" count="0" type="stmt"/>
        <line num="716" count="0" type="cond" truecount="0" falsecount="5"/>
        <line num="717" count="0" type="cond" truecount="0" falsecount="2"/>
        <line num="718" count="0" type="stmt"/>
        <line num="719" count="0" type="cond" truecount="0" falsecount="2"/>
        <line num="721" count="0" type="stmt"/>
        <line num="722" count="0" type="stmt"/>
        <line num="727" count="0" type="stmt"/>
        <line num="728" count="0" type="stmt"/>
        <line num="729" count="0" type="stmt"/>
        <line num="730" count="0" type="stmt"/>
        <line num="735" count="0" type="stmt"/>
        <line num="736" count="0" type="stmt"/>
        <line num="737" count="0" type="stmt"/>
        <line num="738" count="0" type="stmt"/>
        <line num="745" count="1" type="stmt"/>
        <line num="746" count="1" type="cond" truecount="1" falsecount="1"/>
        <line num="747" count="1" type="cond" truecount="1" falsecount="1"/>
        <line num="748" count="1" type="cond" truecount="2" falsecount="2"/>
        <line num="749" count="1" type="stmt"/>
        <line num="750" count="1" type="stmt"/>
        <line num="755" count="0" type="stmt"/>
        <line num="756" count="0" type="stmt"/>
        <line num="757" count="0" type="cond" truecount="0" falsecount="2"/>
        <line num="758" count="0" type="stmt"/>
        <line num="762" count="0" type="stmt"/>
        <line num="767" count="0" type="stmt"/>
        <line num="768" count="0" type="cond" truecount="0" falsecount="2"/>
        <line num="769" count="0" type="stmt"/>
        <line num="771" count="0" type="cond" truecount="0" falsecount="2"/>
        <line num="773" count="0" type="stmt"/>
        <line num="778" count="0" type="stmt"/>
        <line num="779" count="0" type="cond" truecount="0" falsecount="2"/>
        <line num="780" count="0" type="stmt"/>
        <line num="781" count="0" type="stmt"/>
        <line num="782" count="0" type="stmt"/>
        <line num="783" count="0" type="cond" truecount="0" falsecount="2"/>
        <line num="784" count="0" type="stmt"/>
        <line num="785" count="0" type="stmt"/>
        <line num="786" count="0" type="stmt"/>
        <line num="788" count="0" type="stmt"/>
        <line num="795" count="0" type="stmt"/>
        <line num="796" count="0" type="cond" truecount="0" falsecount="2"/>
        <line num="797" count="0" type="cond" truecount="0" falsecount="2"/>
        <line num="798" count="0" type="stmt"/>
        <line num="799" count="0" type="stmt"/>
        <line num="804" count="0" type="stmt"/>
        <line num="805" count="0" type="stmt"/>
        <line num="806" count="0" type="cond" truecount="0" falsecount="2"/>
        <line num="807" count="0" type="stmt"/>
        <line num="812" count="0" type="stmt"/>
        <line num="813" count="0" type="cond" truecount="0" falsecount="2"/>
        <line num="814" count="0" type="cond" truecount="0" falsecount="2"/>
        <line num="821" count="1" type="stmt"/>
        <line num="822" count="1" type="stmt"/>
        <line num="823" count="1" type="cond" truecount="1" falsecount="1"/>
        <line num="824" count="1" type="cond" truecount="1" falsecount="1"/>
        <line num="825" count="1" type="stmt"/>
        <line num="826" count="1" type="stmt"/>
        <line num="831" count="0" type="stmt"/>
        <line num="832" count="0" type="stmt"/>
        <line num="833" count="0" type="stmt"/>
        <line num="838" count="0" type="stmt"/>
        <line num="839" count="0" type="stmt"/>
        <line num="840" count="0" type="stmt"/>
        <line num="845" count="0" type="stmt"/>
        <line num="846" count="0" type="stmt"/>
        <line num="847" count="0" type="stmt"/>
        <line num="848" count="0" type="stmt"/>
        <line num="849" count="0" type="stmt"/>
        <line num="856" count="4" type="stmt"/>
        <line num="857" count="4" type="cond" truecount="1" falsecount="1"/>
        <line num="858" count="4" type="stmt"/>
        <line num="859" count="4" type="stmt"/>
        <line num="860" count="4" type="cond" truecount="2" falsecount="0"/>
        <line num="861" count="1" type="stmt"/>
        <line num="863" count="3" type="cond" truecount="2" falsecount="2"/>
        <line num="864" count="0" type="stmt"/>
        <line num="866" count="3" type="stmt"/>
        <line num="870" count="0" type="stmt"/>
        <line num="871" count="0" type="cond" truecount="0" falsecount="2"/>
        <line num="872" count="0" type="cond" truecount="0" falsecount="2"/>
        <line num="873" count="0" type="stmt"/>
        <line num="874" count="0" type="cond" truecount="0" falsecount="2"/>
        <line num="878" count="0" type="stmt"/>
        <line num="879" count="0" type="stmt"/>
        <line num="880" count="0" type="stmt"/>
        <line num="881" count="0" type="stmt"/>
        <line num="885" count="4" type="cond" truecount="1" falsecount="1"/>
        <line num="886" count="4" type="stmt"/>
        <line num="887" count="4" type="cond" truecount="2" falsecount="0"/>
        <line num="888" count="3" type="stmt"/>
        <line num="889" count="3" type="stmt"/>
        <line num="890" count="3" type="cond" truecount="1" falsecount="1"/>
        <line num="891" count="3" type="stmt"/>
        <line num="893" count="3" type="stmt"/>
        <line num="897" count="1" type="stmt"/>
        <line num="898" count="1" type="cond" truecount="1" falsecount="1"/>
        <line num="899" count="1" type="cond" truecount="1" falsecount="1"/>
        <line num="900" count="1" type="stmt"/>
        <line num="901" count="1" type="stmt"/>
        <line num="902" count="1" type="stmt"/>
        <line num="906" count="1" type="stmt"/>
        <line num="909" count="1" type="cond" truecount="1" falsecount="1"/>
        <line num="916" count="0" type="stmt"/>
      </file>
      <file name="bannerStore.ts" path="/Users/mac/Documents/Plugin/Git/ACTM/src/ui/store/bannerStore.ts">
        <metrics statements="38" coveredstatements="13" conditionals="10" coveredconditionals="6" methods="26" coveredmethods="5"/>
        <line num="23" count="1" type="stmt"/>
        <line num="39" count="1" type="stmt"/>
        <line num="41" count="1" type="stmt"/>
        <line num="46" count="7" type="cond" truecount="1" falsecount="1"/>
        <line num="47" count="21" type="stmt"/>
        <line num="48" count="7" type="cond" truecount="1" falsecount="1"/>
        <line num="50" count="0" type="stmt"/>
        <line num="51" count="0" type="stmt"/>
        <line num="52" count="0" type="stmt"/>
        <line num="54" count="0" type="cond" truecount="0" falsecount="2"/>
        <line num="56" count="0" type="stmt"/>
        <line num="58" count="7" type="stmt"/>
        <line num="59" count="7" type="stmt"/>
        <line num="60" count="7" type="cond" truecount="4" falsecount="0"/>
        <line num="61" count="1" type="stmt"/>
        <line num="63" count="7" type="stmt"/>
        <line num="68" count="0" type="stmt"/>
        <line num="69" count="0" type="stmt"/>
        <line num="70" count="0" type="stmt"/>
        <line num="71" count="0" type="stmt"/>
        <line num="75" count="0" type="stmt"/>
        <line num="76" count="0" type="stmt"/>
        <line num="77" count="0" type="stmt"/>
        <line num="79" count="0" type="stmt"/>
        <line num="85" count="2" type="stmt"/>
        <line num="89" count="0" type="stmt"/>
        <line num="92" count="0" type="stmt"/>
        <line num="93" count="0" type="stmt"/>
        <line num="94" count="0" type="stmt"/>
        <line num="95" count="0" type="stmt"/>
        <line num="99" count="1" type="stmt"/>
        <line num="100" count="0" type="stmt"/>
        <line num="101" count="0" type="stmt"/>
        <line num="102" count="0" type="stmt"/>
        <line num="103" count="0" type="stmt"/>
        <line num="104" count="0" type="stmt"/>
        <line num="105" count="0" type="stmt"/>
        <line num="106" count="0" type="stmt"/>
      </file>
      <file name="toastStore.ts" path="/Users/mac/Documents/Plugin/Git/ACTM/src/ui/store/toastStore.ts">
        <metrics statements="22" coveredstatements="5" conditionals="7" coveredconditionals="0" methods="17" coveredmethods="1"/>
        <line num="23" count="1" type="stmt"/>
        <line num="24" count="1" type="stmt"/>
        <line num="25" count="1" type="stmt"/>
        <line num="27" count="1" type="stmt"/>
        <line num="31" count="0" type="stmt"/>
        <line num="32" count="0" type="stmt"/>
        <line num="39" count="0" type="stmt"/>
        <line num="42" count="0" type="cond" truecount="0" falsecount="2"/>
        <line num="43" count="0" type="stmt"/>
        <line num="45" count="0" type="stmt"/>
        <line num="49" count="0" type="stmt"/>
        <line num="52" count="0" type="stmt"/>
        <line num="53" count="0" type="stmt"/>
        <line num="54" count="0" type="stmt"/>
        <line num="55" count="0" type="stmt"/>
        <line num="59" count="1" type="stmt"/>
        <line num="60" count="0" type="stmt"/>
        <line num="61" count="0" type="stmt"/>
        <line num="62" count="0" type="stmt"/>
        <line num="63" count="0" type="stmt"/>
        <line num="64" count="0" type="stmt"/>
        <line num="65" count="0" type="stmt"/>
      </file>
    </package>
  </project>
</coverage>
