{"/Users/mac/Documents/Plugin/Git/ACTM/.storybook/preview.tsx": {"path":"/Users/mac/Documents/Plugin/Git/ACTM/.storybook/preview.tsx","statementMap":{"0":{"start":{"line":2,"column":9},"end":{"line":2,"column":null}},"1":{"start":{"line":2,"column":26},"end":{"line":2,"column":null}},"2":{"start":{"line":7,"column":6},"end":{"line":18,"column":null}},"3":{"start":{"line":8,"column":16},"end":{"line":8,"column":null}},"4":{"start":{"line":9,"column":2},"end":{"line":12,"column":null}},"5":{"start":{"line":10,"column":4},"end":{"line":10,"column":null}},"6":{"start":{"line":11,"column":4},"end":{"line":11,"column":null}},"7":{"start":{"line":11,"column":17},"end":{"line":11,"column":null}},"8":{"start":{"line":13,"column":2},"end":{"line":16,"column":null}},"9":{"start":{"line":20,"column":25},"end":{"line":37,"column":null}}},"fnMap":{"0":{"name":"(anonymous_0)","decl":{"start":{"line":7,"column":6},"end":{"line":7,"column":24}},"loc":{"start":{"line":7,"column":110},"end":{"line":18,"column":null}},"line":7},"1":{"name":"(anonymous_1)","decl":{"start":{"line":9,"column":2},"end":{"line":9,"column":18}},"loc":{"start":{"line":9,"column":18},"end":{"line":12,"column":5}},"line":9},"2":{"name":"(anonymous_2)","decl":{"start":{"line":11,"column":4},"end":{"line":11,"column":17}},"loc":{"start":{"line":11,"column":17},"end":{"line":11,"column":null}},"line":11}},"branchMap":{"0":{"loc":{"start":{"line":8,"column":16},"end":{"line":8,"column":null}},"type":"binary-expr","locations":[{"start":{"line":8,"column":16},"end":{"line":8,"column":44}},{"start":{"line":8,"column":44},"end":{"line":8,"column":null}}],"line":8},"1":{"loc":{"start":{"line":14,"column":30},"end":{"line":14,"column":85}},"type":"cond-expr","locations":[{"start":{"line":14,"column":50},"end":{"line":14,"column":68}},{"start":{"line":14,"column":68},"end":{"line":14,"column":85}}],"line":14}},"s":{"0":11,"1":11,"2":11,"3":44,"4":44,"5":44,"6":44,"7":33,"8":44,"9":11},"f":{"0":44,"1":44,"2":33},"b":{"0":[44,44],"1":[0,44]},"meta":{"lastBranch":2,"lastFunction":3,"lastStatement":10,"seen":{"s:2:9:2:Infinity":0,"s:2:26:2:Infinity":1,"s:7:6:18:Infinity":2,"f:7:6:7:24":0,"s:8:16:8:Infinity":3,"b:8:16:8:44:8:44:8:Infinity":0,"s:9:2:12:Infinity":4,"f:9:2:9:18":1,"s:10:4:10:Infinity":5,"s:11:4:11:Infinity":6,"f:11:4:11:17":2,"s:11:17:11:Infinity":7,"s:13:2:16:Infinity":8,"b:14:50:14:68:14:68:14:85":1,"s:20:25:37:Infinity":9}}}
,"/Users/mac/Documents/Plugin/Git/ACTM/src/plugin/config.ts": {"path":"/Users/mac/Documents/Plugin/Git/ACTM/src/plugin/config.ts","statementMap":{"0":{"start":{"line":4,"column":36},"end":{"line":4,"column":null}},"1":{"start":{"line":8,"column":16},"end":{"line":8,"column":null}},"2":{"start":{"line":9,"column":20},"end":{"line":9,"column":null}},"3":{"start":{"line":10,"column":25},"end":{"line":10,"column":null}},"4":{"start":{"line":11,"column":21},"end":{"line":11,"column":null}},"5":{"start":{"line":12,"column":24},"end":{"line":14,"column":null}},"6":{"start":{"line":13,"column":4},"end":{"line":13,"column":null}},"7":{"start":{"line":15,"column":17},"end":{"line":15,"column":null}},"8":{"start":{"line":17,"column":2},"end":{"line":58,"column":null}},"9":{"start":{"line":19,"column":53},"end":{"line":27,"column":6}},"10":{"start":{"line":34,"column":43},"end":{"line":34,"column":63}},"11":{"start":{"line":51,"column":26},"end":{"line":51,"column":72}},"12":{"start":{"line":52,"column":29},"end":{"line":52,"column":38}},"13":{"start":{"line":62,"column":16},"end":{"line":62,"column":null}},"14":{"start":{"line":64,"column":4},"end":{"line":64,"column":null}},"15":{"start":{"line":64,"column":46},"end":{"line":64,"column":87}},"16":{"start":{"line":65,"column":2},"end":{"line":65,"column":null}},"17":{"start":{"line":65,"column":44},"end":{"line":65,"column":null}},"18":{"start":{"line":67,"column":16},"end":{"line":67,"column":null}},"19":{"start":{"line":68,"column":2},"end":{"line":68,"column":null}},"20":{"start":{"line":68,"column":31},"end":{"line":68,"column":null}},"21":{"start":{"line":69,"column":2},"end":{"line":69,"column":null}},"22":{"start":{"line":76,"column":2},"end":{"line":76,"column":null}},"23":{"start":{"line":76,"column":22},"end":{"line":76,"column":null}},"24":{"start":{"line":77,"column":16},"end":{"line":77,"column":null}},"25":{"start":{"line":78,"column":38},"end":{"line":78,"column":null}},"26":{"start":{"line":79,"column":2},"end":{"line":84,"column":null}},"27":{"start":{"line":80,"column":4},"end":{"line":83,"column":null}},"28":{"start":{"line":81,"column":18},"end":{"line":81,"column":null}},"29":{"start":{"line":82,"column":6},"end":{"line":82,"column":null}},"30":{"start":{"line":82,"column":15},"end":{"line":82,"column":null}},"31":{"start":{"line":85,"column":2},"end":{"line":85,"column":null}},"32":{"start":{"line":89,"column":39},"end":{"line":89,"column":null}},"33":{"start":{"line":90,"column":2},"end":{"line":100,"column":null}},"34":{"start":{"line":92,"column":12},"end":{"line":92,"column":null}},"35":{"start":{"line":93,"column":6},"end":{"line":96,"column":null}},"36":{"start":{"line":94,"column":8},"end":{"line":94,"column":null}},"37":{"start":{"line":95,"column":8},"end":{"line":95,"column":null}},"38":{"start":{"line":97,"column":6},"end":{"line":97,"column":null}},"39":{"start":{"line":98,"column":6},"end":{"line":98,"column":null}},"40":{"start":{"line":104,"column":2},"end":{"line":111,"column":null}},"41":{"start":{"line":106,"column":34},"end":{"line":111,"column":8}},"42":{"start":{"line":115,"column":2},"end":{"line":136,"column":null}},"43":{"start":{"line":115,"column":52},"end":{"line":136,"column":4}},"44":{"start":{"line":123,"column":44},"end":{"line":123,"column":81}},"45":{"start":{"line":130,"column":48},"end":{"line":130,"column":68}},"46":{"start":{"line":140,"column":2},"end":{"line":140,"column":null}},"47":{"start":{"line":140,"column":21},"end":{"line":140,"column":null}},"48":{"start":{"line":141,"column":2},"end":{"line":141,"column":null}},"49":{"start":{"line":141,"column":35},"end":{"line":141,"column":null}},"50":{"start":{"line":142,"column":2},"end":{"line":148,"column":null}},"51":{"start":{"line":143,"column":10},"end":{"line":143,"column":null}},"52":{"start":{"line":143,"column":59},"end":{"line":143,"column":88}},"53":{"start":{"line":144,"column":4},"end":{"line":144,"column":null}},"54":{"start":{"line":144,"column":16},"end":{"line":144,"column":null}},"55":{"start":{"line":145,"column":4},"end":{"line":147,"column":null}},"56":{"start":{"line":146,"column":46},"end":{"line":146,"column":91}},"57":{"start":{"line":149,"column":2},"end":{"line":149,"column":null}},"58":{"start":{"line":164,"column":23},"end":{"line":164,"column":null}},"59":{"start":{"line":165,"column":8},"end":{"line":165,"column":null}},"60":{"start":{"line":165,"column":65},"end":{"line":165,"column":93}},"61":{"start":{"line":168,"column":27},"end":{"line":170,"column":null}},"62":{"start":{"line":169,"column":29},"end":{"line":169,"column":46}},"63":{"start":{"line":169,"column":64},"end":{"line":169,"column":92}},"64":{"start":{"line":172,"column":32},"end":{"line":172,"column":80}},"65":{"start":{"line":177,"column":20},"end":{"line":177,"column":null}},"66":{"start":{"line":178,"column":45},"end":{"line":178,"column":null}},"67":{"start":{"line":179,"column":16},"end":{"line":179,"column":null}},"68":{"start":{"line":180,"column":4},"end":{"line":197,"column":null}},"69":{"start":{"line":181,"column":26},"end":{"line":181,"column":null}},"70":{"start":{"line":182,"column":6},"end":{"line":182,"column":null}},"71":{"start":{"line":182,"column":24},"end":{"line":182,"column":null}},"72":{"start":{"line":183,"column":6},"end":{"line":196,"column":null}},"73":{"start":{"line":183,"column":13},"end":{"line":196,"column":null}},"74":{"start":{"line":184,"column":8},"end":{"line":195,"column":null}},"75":{"start":{"line":185,"column":10},"end":{"line":194,"column":null}},"76":{"start":{"line":186,"column":29},"end":{"line":186,"column":null}},"77":{"start":{"line":187,"column":12},"end":{"line":193,"column":null}},"78":{"start":{"line":188,"column":14},"end":{"line":190,"column":null}},"79":{"start":{"line":189,"column":16},"end":{"line":189,"column":null}},"80":{"start":{"line":191,"column":14},"end":{"line":191,"column":null}},"81":{"start":{"line":192,"column":14},"end":{"line":192,"column":null}},"82":{"start":{"line":198,"column":4},"end":{"line":198,"column":null}},"83":{"start":{"line":198,"column":15},"end":{"line":198,"column":null}},"84":{"start":{"line":199,"column":4},"end":{"line":199,"column":null}},"85":{"start":{"line":202,"column":20},"end":{"line":202,"column":null}},"86":{"start":{"line":205,"column":2},"end":{"line":213,"column":null}},"87":{"start":{"line":206,"column":4},"end":{"line":206,"column":null}},"88":{"start":{"line":206,"column":31},"end":{"line":206,"column":null}},"89":{"start":{"line":207,"column":21},"end":{"line":207,"column":null}},"90":{"start":{"line":208,"column":4},"end":{"line":211,"column":null}},"91":{"start":{"line":209,"column":6},"end":{"line":209,"column":null}},"92":{"start":{"line":210,"column":6},"end":{"line":210,"column":null}},"93":{"start":{"line":212,"column":4},"end":{"line":212,"column":null}},"94":{"start":{"line":216,"column":8},"end":{"line":216,"column":null}},"95":{"start":{"line":216,"column":69},"end":{"line":216,"column":83}},"96":{"start":{"line":217,"column":2},"end":{"line":232,"column":null}},"97":{"start":{"line":218,"column":4},"end":{"line":218,"column":null}},"98":{"start":{"line":218,"column":33},"end":{"line":218,"column":null}},"99":{"start":{"line":219,"column":29},"end":{"line":219,"column":null}},"100":{"start":{"line":221,"column":61},"end":{"line":221,"column":null}},"101":{"start":{"line":222,"column":4},"end":{"line":226,"column":null}},"102":{"start":{"line":223,"column":18},"end":{"line":223,"column":null}},"103":{"start":{"line":224,"column":23},"end":{"line":224,"column":null}},"104":{"start":{"line":225,"column":6},"end":{"line":225,"column":null}},"105":{"start":{"line":225,"column":20},"end":{"line":225,"column":null}},"106":{"start":{"line":227,"column":4},"end":{"line":230,"column":null}},"107":{"start":{"line":228,"column":6},"end":{"line":228,"column":null}},"108":{"start":{"line":229,"column":6},"end":{"line":229,"column":null}},"109":{"start":{"line":231,"column":4},"end":{"line":231,"column":null}},"110":{"start":{"line":234,"column":2},"end":{"line":234,"column":null}},"111":{"start":{"line":249,"column":2},"end":{"line":251,"column":null}},"112":{"start":{"line":250,"column":4},"end":{"line":250,"column":null}},"113":{"start":{"line":253,"column":17},"end":{"line":253,"column":null}},"114":{"start":{"line":254,"column":17},"end":{"line":254,"column":null}},"115":{"start":{"line":255,"column":23},"end":{"line":255,"column":null}},"116":{"start":{"line":256,"column":23},"end":{"line":256,"column":null}},"117":{"start":{"line":258,"column":22},"end":{"line":263,"column":null}},"118":{"start":{"line":264,"column":21},"end":{"line":269,"column":null}},"119":{"start":{"line":271,"column":23},"end":{"line":276,"column":null}},"120":{"start":{"line":277,"column":23},"end":{"line":277,"column":null}},"121":{"start":{"line":279,"column":2},"end":{"line":294,"column":null}},"122":{"start":{"line":298,"column":2},"end":{"line":298,"column":null}},"123":{"start":{"line":298,"column":45},"end":{"line":298,"column":58}},"124":{"start":{"line":307,"column":8},"end":{"line":317,"column":null}},"125":{"start":{"line":308,"column":60},"end":{"line":308,"column":null}},"126":{"start":{"line":309,"column":4},"end":{"line":315,"column":null}},"127":{"start":{"line":310,"column":6},"end":{"line":314,"column":null}},"128":{"start":{"line":311,"column":8},"end":{"line":314,"column":null}},"129":{"start":{"line":316,"column":4},"end":{"line":316,"column":null}},"130":{"start":{"line":318,"column":17},"end":{"line":318,"column":null}},"131":{"start":{"line":319,"column":17},"end":{"line":319,"column":null}},"132":{"start":{"line":320,"column":16},"end":{"line":327,"column":null}},"133":{"start":{"line":321,"column":22},"end":{"line":321,"column":46}},"134":{"start":{"line":322,"column":51},"end":{"line":327,"column":6}},"135":{"start":{"line":328,"column":2},"end":{"line":328,"column":null}},"136":{"start":{"line":337,"column":42},"end":{"line":337,"column":null}},"137":{"start":{"line":338,"column":2},"end":{"line":345,"column":null}},"138":{"start":{"line":339,"column":4},"end":{"line":344,"column":null}},"139":{"start":{"line":339,"column":17},"end":{"line":339,"column":20}},"140":{"start":{"line":340,"column":6},"end":{"line":340,"column":null}},"141":{"start":{"line":340,"column":66},"end":{"line":340,"column":null}},"142":{"start":{"line":341,"column":19},"end":{"line":341,"column":null}},"143":{"start":{"line":342,"column":19},"end":{"line":342,"column":null}},"144":{"start":{"line":343,"column":6},"end":{"line":343,"column":null}},"145":{"start":{"line":343,"column":25},"end":{"line":343,"column":null}},"146":{"start":{"line":346,"column":2},"end":{"line":346,"column":null}},"147":{"start":{"line":355,"column":42},"end":{"line":355,"column":null}},"148":{"start":{"line":357,"column":4},"end":{"line":360,"column":null}},"149":{"start":{"line":362,"column":4},"end":{"line":365,"column":null}},"150":{"start":{"line":366,"column":8},"end":{"line":367,"column":null}},"151":{"start":{"line":367,"column":4},"end":{"line":367,"column":null}},"152":{"start":{"line":367,"column":15},"end":{"line":367,"column":91}},"153":{"start":{"line":369,"column":8},"end":{"line":382,"column":null}},"154":{"start":{"line":371,"column":6},"end":{"line":373,"column":null}},"155":{"start":{"line":374,"column":16},"end":{"line":374,"column":null}},"156":{"start":{"line":375,"column":4},"end":{"line":380,"column":null}},"157":{"start":{"line":376,"column":17},"end":{"line":376,"column":null}},"158":{"start":{"line":378,"column":8},"end":{"line":378,"column":null}},"159":{"start":{"line":379,"column":6},"end":{"line":379,"column":null}},"160":{"start":{"line":381,"column":4},"end":{"line":381,"column":null}},"161":{"start":{"line":384,"column":2},"end":{"line":396,"column":null}},"162":{"start":{"line":385,"column":4},"end":{"line":395,"column":null}},"163":{"start":{"line":386,"column":24},"end":{"line":386,"column":null}},"164":{"start":{"line":387,"column":24},"end":{"line":387,"column":null}},"165":{"start":{"line":388,"column":6},"end":{"line":394,"column":null}},"166":{"start":{"line":389,"column":8},"end":{"line":389,"column":null}},"167":{"start":{"line":389,"column":33},"end":{"line":389,"column":null}},"168":{"start":{"line":390,"column":27},"end":{"line":390,"column":null}},"169":{"start":{"line":391,"column":24},"end":{"line":391,"column":null}},"170":{"start":{"line":392,"column":24},"end":{"line":392,"column":null}},"171":{"start":{"line":393,"column":8},"end":{"line":393,"column":null}},"172":{"start":{"line":393,"column":33},"end":{"line":393,"column":null}},"173":{"start":{"line":397,"column":2},"end":{"line":397,"column":null}},"174":{"start":{"line":408,"column":49},"end":{"line":408,"column":null}},"175":{"start":{"line":409,"column":2},"end":{"line":411,"column":null}},"176":{"start":{"line":410,"column":4},"end":{"line":410,"column":null}},"177":{"start":{"line":410,"column":35},"end":{"line":410,"column":null}},"178":{"start":{"line":412,"column":2},"end":{"line":414,"column":null}},"179":{"start":{"line":413,"column":4},"end":{"line":413,"column":null}},"180":{"start":{"line":413,"column":35},"end":{"line":413,"column":null}},"181":{"start":{"line":416,"column":8},"end":{"line":416,"column":null}},"182":{"start":{"line":416,"column":34},"end":{"line":416,"column":null}},"183":{"start":{"line":417,"column":2},"end":{"line":418,"column":null}},"184":{"start":{"line":418,"column":4},"end":{"line":418,"column":null}},"185":{"start":{"line":419,"column":8},"end":{"line":419,"column":null}},"186":{"start":{"line":420,"column":8},"end":{"line":420,"column":null}},"187":{"start":{"line":421,"column":2},"end":{"line":421,"column":null}},"188":{"start":{"line":421,"column":29},"end":{"line":421,"column":null}},"189":{"start":{"line":423,"column":2},"end":{"line":423,"column":null}}},"fnMap":{"0":{"name":"translateConfig","decl":{"start":{"line":7,"column":16},"end":{"line":7,"column":32}},"loc":{"start":{"line":7,"column":52},"end":{"line":59,"column":null}},"line":7},"1":{"name":"(anonymous_1)","decl":{"start":{"line":12,"column":35},"end":{"line":12,"column":40}},"loc":{"start":{"line":13,"column":4},"end":{"line":13,"column":null}},"line":13},"2":{"name":"(anonymous_2)","decl":{"start":{"line":19,"column":36},"end":{"line":19,"column":41}},"loc":{"start":{"line":19,"column":53},"end":{"line":27,"column":6}},"line":19},"3":{"name":"(anonymous_3)","decl":{"start":{"line":34,"column":27},"end":{"line":34,"column":32}},"loc":{"start":{"line":34,"column":43},"end":{"line":34,"column":63}},"line":34},"4":{"name":"(anonymous_4)","decl":{"start":{"line":51,"column":7},"end":{"line":51,"column":12}},"loc":{"start":{"line":51,"column":26},"end":{"line":51,"column":72}},"line":51},"5":{"name":"(anonymous_5)","decl":{"start":{"line":52,"column":7},"end":{"line":52,"column":15}},"loc":{"start":{"line":52,"column":29},"end":{"line":52,"column":38}},"line":52},"6":{"name":"_parseStepNames","decl":{"start":{"line":61,"column":9},"end":{"line":61,"column":25}},"loc":{"start":{"line":61,"column":72},"end":{"line":70,"column":null}},"line":61},"7":{"name":"(anonymous_7)","decl":{"start":{"line":64,"column":29},"end":{"line":64,"column":34}},"loc":{"start":{"line":64,"column":46},"end":{"line":64,"column":87}},"line":64},"8":{"name":"_parseStepShorthands","decl":{"start":{"line":72,"column":9},"end":{"line":72,"column":null}},"loc":{"start":{"line":75,"column":26},"end":{"line":86,"column":null}},"line":75},"9":{"name":"(anonymous_9)","decl":{"start":{"line":79,"column":8},"end":{"line":79,"column":17}},"loc":{"start":{"line":79,"column":42},"end":{"line":84,"column":3}},"line":79},"10":{"name":"_deduplicateThemeNames","decl":{"start":{"line":88,"column":9},"end":{"line":88,"column":32}},"loc":{"start":{"line":88,"column":54},"end":{"line":101,"column":null}},"line":88},"11":{"name":"(anonymous_11)","decl":{"start":{"line":90,"column":87},"end":{"line":90,"column":null}},"loc":{"start":{"line":91,"column":16},"end":{"line":99,"column":null}},"line":91},"12":{"name":"_parseVariations","decl":{"start":{"line":103,"column":9},"end":{"line":103,"column":26}},"loc":{"start":{"line":103,"column":48},"end":{"line":112,"column":null}},"line":103},"13":{"name":"(anonymous_13)","decl":{"start":{"line":106,"column":22},"end":{"line":106,"column":27}},"loc":{"start":{"line":106,"column":34},"end":{"line":111,"column":8}},"line":106},"14":{"name":"_mapRoles","decl":{"start":{"line":114,"column":9},"end":{"line":114,"column":19}},"loc":{"start":{"line":114,"column":60},"end":{"line":137,"column":null}},"line":114},"15":{"name":"(anonymous_15)","decl":{"start":{"line":115,"column":32},"end":{"line":115,"column":37}},"loc":{"start":{"line":115,"column":52},"end":{"line":136,"column":4}},"line":115},"16":{"name":"(anonymous_16)","decl":{"start":{"line":123,"column":17},"end":{"line":123,"column":22}},"loc":{"start":{"line":123,"column":44},"end":{"line":123,"column":81}},"line":123},"17":{"name":"(anonymous_17)","decl":{"start":{"line":130,"column":32},"end":{"line":130,"column":37}},"loc":{"start":{"line":130,"column":48},"end":{"line":130,"column":68}},"line":130},"18":{"name":"_resolveLocalBg","decl":{"start":{"line":139,"column":9},"end":{"line":139,"column":25}},"loc":{"start":{"line":139,"column":82},"end":{"line":150,"column":null}},"line":139},"19":{"name":"(anonymous_19)","decl":{"start":{"line":143,"column":42},"end":{"line":143,"column":48}},"loc":{"start":{"line":143,"column":59},"end":{"line":143,"column":88}},"line":143},"20":{"name":"(anonymous_20)","decl":{"start":{"line":146,"column":30},"end":{"line":146,"column":35}},"loc":{"start":{"line":146,"column":46},"end":{"line":146,"column":91}},"line":146},"21":{"name":"resolveTokenRefBgs","decl":{"start":{"line":163,"column":16},"end":{"line":163,"column":35}},"loc":{"start":{"line":163,"column":70},"end":{"line":235,"column":null}},"line":163},"22":{"name":"(anonymous_22)","decl":{"start":{"line":165,"column":49},"end":{"line":165,"column":54}},"loc":{"start":{"line":165,"column":65},"end":{"line":165,"column":93}},"line":165},"23":{"name":"(anonymous_23)","decl":{"start":{"line":169,"column":10},"end":{"line":169,"column":18}},"loc":{"start":{"line":169,"column":29},"end":{"line":169,"column":46}},"line":169},"24":{"name":"(anonymous_24)","decl":{"start":{"line":169,"column":48},"end":{"line":169,"column":53}},"loc":{"start":{"line":169,"column":64},"end":{"line":169,"column":92}},"line":169},"25":{"name":"slugify","decl":{"start":{"line":172,"column":11},"end":{"line":172,"column":19}},"loc":{"start":{"line":172,"column":30},"end":{"line":172,"column":null}},"line":172},"26":{"name":"resolveRef","decl":{"start":{"line":176,"column":11},"end":{"line":176,"column":22}},"loc":{"start":{"line":176,"column":66},"end":{"line":200,"column":null}},"line":176},"27":{"name":"(anonymous_27)","decl":{"start":{"line":216,"column":53},"end":{"line":216,"column":58}},"loc":{"start":{"line":216,"column":69},"end":{"line":216,"column":83}},"line":216},"28":{"name":"buildVariableRenameMap","decl":{"start":{"line":245,"column":16},"end":{"line":245,"column":null}},"loc":{"start":{"line":248,"column":13},"end":{"line":295,"column":null}},"line":248},"29":{"name":"_seriesMaker","decl":{"start":{"line":297,"column":9},"end":{"line":297,"column":22}},"loc":{"start":{"line":297,"column":43},"end":{"line":299,"column":null}},"line":297},"30":{"name":"(anonymous_30)","decl":{"start":{"line":298,"column":32},"end":{"line":298,"column":36}},"loc":{"start":{"line":298,"column":45},"end":{"line":298,"column":58}},"line":298},"31":{"name":"_mapIdToLabel","decl":{"start":{"line":301,"column":9},"end":{"line":301,"column":null}},"loc":{"start":{"line":306,"column":20},"end":{"line":329,"column":null}},"line":306},"32":{"name":"(anonymous_32)","decl":{"start":{"line":307,"column":8},"end":{"line":307,"column":18}},"loc":{"start":{"line":307,"column":54},"end":{"line":317,"column":null}},"line":307},"33":{"name":"(anonymous_33)","decl":{"start":{"line":309,"column":18},"end":{"line":309,"column":27}},"loc":{"start":{"line":309,"column":36},"end":{"line":315,"column":5}},"line":309},"34":{"name":"(anonymous_34)","decl":{"start":{"line":321,"column":5},"end":{"line":321,"column":13}},"loc":{"start":{"line":321,"column":22},"end":{"line":321,"column":46}},"line":321},"35":{"name":"(anonymous_35)","decl":{"start":{"line":322,"column":5},"end":{"line":322,"column":10}},"loc":{"start":{"line":322,"column":51},"end":{"line":327,"column":6}},"line":322},"36":{"name":"_getScaleRenames","decl":{"start":{"line":331,"column":9},"end":{"line":331,"column":null}},"loc":{"start":{"line":336,"column":26},"end":{"line":347,"column":null}},"line":336},"37":{"name":"_getTokenRenames","decl":{"start":{"line":349,"column":9},"end":{"line":349,"column":null}},"loc":{"start":{"line":354,"column":26},"end":{"line":398,"column":null}},"line":354},"38":{"name":"(anonymous_38)","decl":{"start":{"line":366,"column":8},"end":{"line":366,"column":21}},"loc":{"start":{"line":367,"column":4},"end":{"line":367,"column":null}},"line":367},"39":{"name":"(anonymous_39)","decl":{"start":{"line":367,"column":10},"end":{"line":367,"column":15}},"loc":{"start":{"line":367,"column":15},"end":{"line":367,"column":91}},"line":367},"40":{"name":"(anonymous_40)","decl":{"start":{"line":369,"column":8},"end":{"line":369,"column":21}},"loc":{"start":{"line":369,"column":70},"end":{"line":382,"column":null}},"line":369},"41":{"name":"(anonymous_41)","decl":{"start":{"line":375,"column":9},"end":{"line":375,"column":18}},"loc":{"start":{"line":375,"column":40},"end":{"line":380,"column":5}},"line":375},"42":{"name":"_getSummaryChanges","decl":{"start":{"line":400,"column":9},"end":{"line":400,"column":null}},"loc":{"start":{"line":407,"column":33},"end":{"line":424,"column":null}},"line":407},"43":{"name":"(anonymous_43)","decl":{"start":{"line":409,"column":13},"end":{"line":409,"column":22}},"loc":{"start":{"line":409,"column":28},"end":{"line":411,"column":3}},"line":409},"44":{"name":"(anonymous_44)","decl":{"start":{"line":412,"column":12},"end":{"line":412,"column":21}},"loc":{"start":{"line":412,"column":27},"end":{"line":414,"column":3}},"line":412},"45":{"name":"(anonymous_45)","decl":{"start":{"line":416,"column":8},"end":{"line":416,"column":18}},"loc":{"start":{"line":416,"column":34},"end":{"line":416,"column":null}},"line":416}},"branchMap":{"0":{"loc":{"start":{"line":8,"column":28},"end":{"line":8,"column":64}},"type":"binary-expr","locations":[{"start":{"line":8,"column":28},"end":{"line":8,"column":62}},{"start":{"line":8,"column":62},"end":{"line":8,"column":64}}],"line":8},"1":{"loc":{"start":{"line":13,"column":4},"end":{"line":13,"column":null}},"type":"cond-expr","locations":[{"start":{"line":13,"column":53},"end":{"line":13,"column":67}},{"start":{"line":13,"column":67},"end":{"line":13,"column":null}}],"line":13},"2":{"loc":{"start":{"line":13,"column":4},"end":{"line":13,"column":53}},"type":"binary-expr","locations":[{"start":{"line":13,"column":4},"end":{"line":13,"column":39}},{"start":{"line":13,"column":39},"end":{"line":13,"column":53}}],"line":13},"3":{"loc":{"start":{"line":15,"column":17},"end":{"line":15,"column":null}},"type":"binary-expr","locations":[{"start":{"line":15,"column":17},"end":{"line":15,"column":36}},{"start":{"line":15,"column":36},"end":{"line":15,"column":null}}],"line":15},"4":{"loc":{"start":{"line":18,"column":10},"end":{"line":18,"column":null}},"type":"binary-expr","locations":[{"start":{"line":18,"column":10},"end":{"line":18,"column":27}},{"start":{"line":18,"column":27},"end":{"line":18,"column":null}}],"line":18},"5":{"loc":{"start":{"line":19,"column":13},"end":{"line":19,"column":36}},"type":"binary-expr","locations":[{"start":{"line":19,"column":13},"end":{"line":19,"column":32}},{"start":{"line":19,"column":32},"end":{"line":19,"column":36}}],"line":19},"6":{"loc":{"start":{"line":23,"column":11},"end":{"line":23,"column":null}},"type":"binary-expr","locations":[{"start":{"line":23,"column":11},"end":{"line":23,"column":20}},{"start":{"line":23,"column":20},"end":{"line":23,"column":null}}],"line":23},"7":{"loc":{"start":{"line":24,"column":18},"end":{"line":24,"column":null}},"type":"binary-expr","locations":[{"start":{"line":24,"column":18},"end":{"line":24,"column":34}},{"start":{"line":24,"column":34},"end":{"line":24,"column":null}}],"line":24},"8":{"loc":{"start":{"line":25,"column":22},"end":{"line":25,"column":null}},"type":"binary-expr","locations":[{"start":{"line":25,"column":22},"end":{"line":25,"column":42}},{"start":{"line":25,"column":42},"end":{"line":25,"column":null}}],"line":25},"9":{"loc":{"start":{"line":26,"column":19},"end":{"line":26,"column":null}},"type":"binary-expr","locations":[{"start":{"line":26,"column":19},"end":{"line":26,"column":36}},{"start":{"line":26,"column":36},"end":{"line":26,"column":null}}],"line":26},"10":{"loc":{"start":{"line":30,"column":20},"end":{"line":30,"column":null}},"type":"binary-expr","locations":[{"start":{"line":30,"column":20},"end":{"line":30,"column":47}},{"start":{"line":30,"column":47},"end":{"line":30,"column":null}}],"line":30},"11":{"loc":{"start":{"line":31,"column":16},"end":{"line":31,"column":null}},"type":"binary-expr","locations":[{"start":{"line":31,"column":16},"end":{"line":31,"column":39}},{"start":{"line":31,"column":39},"end":{"line":31,"column":null}}],"line":31},"12":{"loc":{"start":{"line":36,"column":27},"end":{"line":36,"column":null}},"type":"binary-expr","locations":[{"start":{"line":36,"column":27},"end":{"line":36,"column":61}},{"start":{"line":36,"column":61},"end":{"line":36,"column":null}}],"line":36},"13":{"loc":{"start":{"line":37,"column":19},"end":{"line":37,"column":null}},"type":"binary-expr","locations":[{"start":{"line":37,"column":19},"end":{"line":37,"column":45}},{"start":{"line":37,"column":45},"end":{"line":37,"column":null}}],"line":37},"14":{"loc":{"start":{"line":38,"column":23},"end":{"line":38,"column":null}},"type":"binary-expr","locations":[{"start":{"line":38,"column":23},"end":{"line":38,"column":53}},{"start":{"line":38,"column":53},"end":{"line":38,"column":null}}],"line":38},"15":{"loc":{"start":{"line":39,"column":24},"end":{"line":39,"column":null}},"type":"binary-expr","locations":[{"start":{"line":39,"column":24},"end":{"line":39,"column":55}},{"start":{"line":39,"column":55},"end":{"line":39,"column":null}}],"line":39},"16":{"loc":{"start":{"line":40,"column":23},"end":{"line":40,"column":null}},"type":"binary-expr","locations":[{"start":{"line":40,"column":23},"end":{"line":40,"column":53}},{"start":{"line":40,"column":53},"end":{"line":40,"column":null}}],"line":40},"17":{"loc":{"start":{"line":41,"column":28},"end":{"line":41,"column":null}},"type":"binary-expr","locations":[{"start":{"line":41,"column":28},"end":{"line":41,"column":63}},{"start":{"line":41,"column":63},"end":{"line":41,"column":null}}],"line":41},"18":{"loc":{"start":{"line":42,"column":23},"end":{"line":42,"column":null}},"type":"binary-expr","locations":[{"start":{"line":42,"column":23},"end":{"line":42,"column":53}},{"start":{"line":42,"column":53},"end":{"line":42,"column":null}}],"line":42},"19":{"loc":{"start":{"line":44,"column":25},"end":{"line":44,"column":null}},"type":"binary-expr","locations":[{"start":{"line":44,"column":25},"end":{"line":44,"column":57}},{"start":{"line":44,"column":57},"end":{"line":44,"column":null}}],"line":44},"20":{"loc":{"start":{"line":45,"column":26},"end":{"line":45,"column":null}},"type":"binary-expr","locations":[{"start":{"line":45,"column":26},"end":{"line":45,"column":59}},{"start":{"line":45,"column":59},"end":{"line":45,"column":null}}],"line":45},"21":{"loc":{"start":{"line":46,"column":25},"end":{"line":46,"column":null}},"type":"binary-expr","locations":[{"start":{"line":46,"column":25},"end":{"line":46,"column":57}},{"start":{"line":46,"column":57},"end":{"line":46,"column":null}}],"line":46},"22":{"loc":{"start":{"line":47,"column":25},"end":{"line":47,"column":null}},"type":"binary-expr","locations":[{"start":{"line":47,"column":25},"end":{"line":47,"column":57}},{"start":{"line":47,"column":57},"end":{"line":47,"column":null}}],"line":47},"23":{"loc":{"start":{"line":48,"column":23},"end":{"line":48,"column":null}},"type":"binary-expr","locations":[{"start":{"line":48,"column":23},"end":{"line":48,"column":53}},{"start":{"line":48,"column":53},"end":{"line":48,"column":null}}],"line":48},"24":{"loc":{"start":{"line":49,"column":18},"end":{"line":49,"column":null}},"type":"binary-expr","locations":[{"start":{"line":49,"column":18},"end":{"line":49,"column":42}},{"start":{"line":49,"column":42},"end":{"line":49,"column":null}}],"line":49},"25":{"loc":{"start":{"line":56,"column":25},"end":{"line":56,"column":null}},"type":"binary-expr","locations":[{"start":{"line":56,"column":25},"end":{"line":56,"column":57}},{"start":{"line":56,"column":57},"end":{"line":56,"column":null}}],"line":56},"26":{"loc":{"start":{"line":57,"column":16},"end":{"line":57,"column":null}},"type":"binary-expr","locations":[{"start":{"line":57,"column":16},"end":{"line":57,"column":39}},{"start":{"line":57,"column":39},"end":{"line":57,"column":null}}],"line":57},"27":{"loc":{"start":{"line":62,"column":16},"end":{"line":62,"column":null}},"type":"cond-expr","locations":[{"start":{"line":62,"column":57},"end":{"line":62,"column":83}},{"start":{"line":62,"column":83},"end":{"line":62,"column":null}}],"line":62},"28":{"loc":{"start":{"line":64,"column":4},"end":{"line":64,"column":null}},"type":"cond-expr","locations":[{"start":{"line":64,"column":23},"end":{"line":64,"column":91}},{"start":{"line":64,"column":91},"end":{"line":64,"column":null}}],"line":64},"29":{"loc":{"start":{"line":64,"column":46},"end":{"line":64,"column":87}},"type":"cond-expr","locations":[{"start":{"line":64,"column":70},"end":{"line":64,"column":74}},{"start":{"line":64,"column":74},"end":{"line":64,"column":87}}],"line":64},"30":{"loc":{"start":{"line":64,"column":74},"end":{"line":64,"column":87}},"type":"binary-expr","locations":[{"start":{"line":64,"column":74},"end":{"line":64,"column":84}},{"start":{"line":64,"column":84},"end":{"line":64,"column":87}}],"line":64},"31":{"loc":{"start":{"line":65,"column":2},"end":{"line":65,"column":null}},"type":"if","locations":[{"start":{"line":65,"column":2},"end":{"line":65,"column":null}},{"start":{},"end":{}}],"line":65},"32":{"loc":{"start":{"line":65,"column":6},"end":{"line":65,"column":44}},"type":"binary-expr","locations":[{"start":{"line":65,"column":6},"end":{"line":65,"column":20}},{"start":{"line":65,"column":20},"end":{"line":65,"column":44}}],"line":65},"33":{"loc":{"start":{"line":76,"column":2},"end":{"line":76,"column":null}},"type":"if","locations":[{"start":{"line":76,"column":2},"end":{"line":76,"column":null}},{"start":{},"end":{}}],"line":76},"34":{"loc":{"start":{"line":77,"column":16},"end":{"line":77,"column":null}},"type":"cond-expr","locations":[{"start":{"line":77,"column":57},"end":{"line":77,"column":83}},{"start":{"line":77,"column":83},"end":{"line":77,"column":null}}],"line":77},"35":{"loc":{"start":{"line":80,"column":4},"end":{"line":83,"column":null}},"type":"if","locations":[{"start":{"line":80,"column":4},"end":{"line":83,"column":null}},{"start":{},"end":{}}],"line":80},"36":{"loc":{"start":{"line":80,"column":8},"end":{"line":80,"column":84}},"type":"binary-expr","locations":[{"start":{"line":80,"column":8},"end":{"line":80,"column":36}},{"start":{"line":80,"column":36},"end":{"line":80,"column":54}},{"start":{"line":80,"column":54},"end":{"line":80,"column":84}}],"line":80},"37":{"loc":{"start":{"line":82,"column":6},"end":{"line":82,"column":null}},"type":"if","locations":[{"start":{"line":82,"column":6},"end":{"line":82,"column":null}},{"start":{},"end":{}}],"line":82},"38":{"loc":{"start":{"line":90,"column":10},"end":{"line":90,"column":87}},"type":"binary-expr","locations":[{"start":{"line":90,"column":10},"end":{"line":90,"column":20}},{"start":{"line":90,"column":20},"end":{"line":90,"column":87}}],"line":90},"39":{"loc":{"start":{"line":92,"column":20},"end":{"line":92,"column":39}},"type":"binary-expr","locations":[{"start":{"line":92,"column":20},"end":{"line":92,"column":30}},{"start":{"line":92,"column":30},"end":{"line":92,"column":39}}],"line":92},"40":{"loc":{"start":{"line":93,"column":6},"end":{"line":96,"column":null}},"type":"if","locations":[{"start":{"line":93,"column":6},"end":{"line":96,"column":null}},{"start":{},"end":{}}],"line":93},"41":{"loc":{"start":{"line":95,"column":33},"end":{"line":95,"column":50}},"type":"binary-expr","locations":[{"start":{"line":95,"column":33},"end":{"line":95,"column":41}},{"start":{"line":95,"column":41},"end":{"line":95,"column":50}}],"line":95},"42":{"loc":{"start":{"line":98,"column":50},"end":{"line":98,"column":67}},"type":"binary-expr","locations":[{"start":{"line":98,"column":50},"end":{"line":98,"column":58}},{"start":{"line":98,"column":58},"end":{"line":98,"column":67}}],"line":98},"43":{"loc":{"start":{"line":104,"column":9},"end":{"line":111,"column":null}},"type":"cond-expr","locations":[{"start":{"line":105,"column":6},"end":{"line":105,"column":null}},{"start":{"line":106,"column":6},"end":{"line":111,"column":null}}],"line":104},"44":{"loc":{"start":{"line":104,"column":9},"end":{"line":104,"column":null}},"type":"binary-expr","locations":[{"start":{"line":104,"column":9},"end":{"line":104,"column":32}},{"start":{"line":104,"column":32},"end":{"line":104,"column":null}}],"line":104},"45":{"loc":{"start":{"line":115,"column":10},"end":{"line":115,"column":32}},"type":"binary-expr","locations":[{"start":{"line":115,"column":10},"end":{"line":115,"column":28}},{"start":{"line":115,"column":28},"end":{"line":115,"column":32}}],"line":115},"46":{"loc":{"start":{"line":116,"column":9},"end":{"line":116,"column":null}},"type":"binary-expr","locations":[{"start":{"line":116,"column":9},"end":{"line":116,"column":21}},{"start":{"line":116,"column":21},"end":{"line":116,"column":null}}],"line":116},"47":{"loc":{"start":{"line":118,"column":15},"end":{"line":118,"column":null}},"type":"binary-expr","locations":[{"start":{"line":118,"column":15},"end":{"line":118,"column":33}},{"start":{"line":118,"column":33},"end":{"line":118,"column":null}}],"line":118},"48":{"loc":{"start":{"line":119,"column":28},"end":{"line":119,"column":83}},"type":"cond-expr","locations":[{"start":{"line":119,"column":61},"end":{"line":119,"column":80}},{"start":{"line":119,"column":80},"end":{"line":119,"column":83}}],"line":119},"49":{"loc":{"start":{"line":120,"column":19},"end":{"line":120,"column":null}},"type":"cond-expr","locations":[{"start":{"line":120,"column":52},"end":{"line":120,"column":62}},{"start":{"line":120,"column":62},"end":{"line":120,"column":null}}],"line":120},"50":{"loc":{"start":{"line":122,"column":6},"end":{"line":123,"column":null}},"type":"binary-expr","locations":[{"start":{"line":122,"column":6},"end":{"line":122,"column":null}},{"start":{"line":123,"column":6},"end":{"line":123,"column":null}}],"line":122},"51":{"loc":{"start":{"line":123,"column":44},"end":{"line":123,"column":81}},"type":"binary-expr","locations":[{"start":{"line":123,"column":44},"end":{"line":123,"column":78}},{"start":{"line":123,"column":78},"end":{"line":123,"column":81}}],"line":123},"52":{"loc":{"start":{"line":124,"column":20},"end":{"line":124,"column":null}},"type":"binary-expr","locations":[{"start":{"line":124,"column":20},"end":{"line":124,"column":43}},{"start":{"line":124,"column":43},"end":{"line":124,"column":null}}],"line":124},"53":{"loc":{"start":{"line":125,"column":16},"end":{"line":125,"column":null}},"type":"binary-expr","locations":[{"start":{"line":125,"column":16},"end":{"line":125,"column":35}},{"start":{"line":125,"column":35},"end":{"line":125,"column":null}}],"line":125},"54":{"loc":{"start":{"line":126,"column":17},"end":{"line":126,"column":null}},"type":"binary-expr","locations":[{"start":{"line":126,"column":17},"end":{"line":126,"column":37}},{"start":{"line":126,"column":37},"end":{"line":126,"column":null}}],"line":126},"55":{"loc":{"start":{"line":127,"column":25},"end":{"line":127,"column":null}},"type":"binary-expr","locations":[{"start":{"line":127,"column":25},"end":{"line":127,"column":53}},{"start":{"line":127,"column":53},"end":{"line":127,"column":null}}],"line":127},"56":{"loc":{"start":{"line":129,"column":6},"end":{"line":131,"column":null}},"type":"cond-expr","locations":[{"start":{"line":130,"column":10},"end":{"line":130,"column":null}},{"start":{"line":131,"column":10},"end":{"line":131,"column":null}}],"line":129},"57":{"loc":{"start":{"line":129,"column":6},"end":{"line":129,"column":null}},"type":"binary-expr","locations":[{"start":{"line":129,"column":6},"end":{"line":129,"column":34}},{"start":{"line":129,"column":34},"end":{"line":129,"column":59}},{"start":{"line":129,"column":59},"end":{"line":129,"column":null}}],"line":129},"58":{"loc":{"start":{"line":132,"column":20},"end":{"line":132,"column":null}},"type":"binary-expr","locations":[{"start":{"line":132,"column":20},"end":{"line":132,"column":43}},{"start":{"line":132,"column":43},"end":{"line":132,"column":null}}],"line":132},"59":{"loc":{"start":{"line":134,"column":22},"end":{"line":134,"column":null}},"type":"cond-expr","locations":[{"start":{"line":134,"column":82},"end":{"line":134,"column":111}},{"start":{"line":134,"column":111},"end":{"line":134,"column":null}}],"line":134},"60":{"loc":{"start":{"line":134,"column":22},"end":{"line":134,"column":82}},"type":"binary-expr","locations":[{"start":{"line":134,"column":22},"end":{"line":134,"column":56}},{"start":{"line":134,"column":56},"end":{"line":134,"column":82}}],"line":134},"61":{"loc":{"start":{"line":135,"column":24},"end":{"line":135,"column":null}},"type":"cond-expr","locations":[{"start":{"line":135,"column":83},"end":{"line":135,"column":112}},{"start":{"line":135,"column":112},"end":{"line":135,"column":null}}],"line":135},"62":{"loc":{"start":{"line":135,"column":24},"end":{"line":135,"column":83}},"type":"binary-expr","locations":[{"start":{"line":135,"column":24},"end":{"line":135,"column":58}},{"start":{"line":135,"column":58},"end":{"line":135,"column":83}}],"line":135},"63":{"loc":{"start":{"line":140,"column":2},"end":{"line":140,"column":null}},"type":"if","locations":[{"start":{"line":140,"column":2},"end":{"line":140,"column":null}},{"start":{},"end":{}}],"line":140},"64":{"loc":{"start":{"line":141,"column":2},"end":{"line":141,"column":null}},"type":"if","locations":[{"start":{"line":141,"column":2},"end":{"line":141,"column":null}},{"start":{},"end":{}}],"line":141},"65":{"loc":{"start":{"line":142,"column":2},"end":{"line":148,"column":null}},"type":"if","locations":[{"start":{"line":142,"column":2},"end":{"line":148,"column":null}},{"start":{},"end":{}}],"line":142},"66":{"loc":{"start":{"line":143,"column":19},"end":{"line":143,"column":42}},"type":"binary-expr","locations":[{"start":{"line":143,"column":19},"end":{"line":143,"column":38}},{"start":{"line":143,"column":38},"end":{"line":143,"column":42}}],"line":143},"67":{"loc":{"start":{"line":144,"column":4},"end":{"line":144,"column":null}},"type":"if","locations":[{"start":{"line":144,"column":4},"end":{"line":144,"column":null}},{"start":{},"end":{}}],"line":144},"68":{"loc":{"start":{"line":146,"column":7},"end":{"line":146,"column":30}},"type":"binary-expr","locations":[{"start":{"line":146,"column":7},"end":{"line":146,"column":26}},{"start":{"line":146,"column":26},"end":{"line":146,"column":30}}],"line":146},"69":{"loc":{"start":{"line":164,"column":23},"end":{"line":164,"column":null}},"type":"binary-expr","locations":[{"start":{"line":164,"column":23},"end":{"line":164,"column":39}},{"start":{"line":164,"column":39},"end":{"line":164,"column":null}}],"line":164},"70":{"loc":{"start":{"line":165,"column":28},"end":{"line":165,"column":49}},"type":"binary-expr","locations":[{"start":{"line":165,"column":28},"end":{"line":165,"column":45}},{"start":{"line":165,"column":45},"end":{"line":165,"column":49}}],"line":165},"71":{"loc":{"start":{"line":182,"column":6},"end":{"line":182,"column":null}},"type":"if","locations":[{"start":{"line":182,"column":6},"end":{"line":182,"column":null}},{"start":{},"end":{}}],"line":182},"72":{"loc":{"start":{"line":186,"column":37},"end":{"line":186,"column":58}},"type":"binary-expr","locations":[{"start":{"line":186,"column":37},"end":{"line":186,"column":56}},{"start":{"line":186,"column":56},"end":{"line":186,"column":58}}],"line":186},"73":{"loc":{"start":{"line":187,"column":12},"end":{"line":193,"column":null}},"type":"if","locations":[{"start":{"line":187,"column":12},"end":{"line":193,"column":null}},{"start":{},"end":{}}],"line":187},"74":{"loc":{"start":{"line":187,"column":16},"end":{"line":187,"column":110}},"type":"binary-expr","locations":[{"start":{"line":187,"column":16},"end":{"line":187,"column":40}},{"start":{"line":187,"column":40},"end":{"line":187,"column":76}},{"start":{"line":187,"column":76},"end":{"line":187,"column":110}}],"line":187},"75":{"loc":{"start":{"line":188,"column":14},"end":{"line":190,"column":null}},"type":"if","locations":[{"start":{"line":188,"column":14},"end":{"line":190,"column":null}},{"start":{},"end":{}}],"line":188},"76":{"loc":{"start":{"line":188,"column":47},"end":{"line":188,"column":63}},"type":"binary-expr","locations":[{"start":{"line":188,"column":47},"end":{"line":188,"column":61}},{"start":{"line":188,"column":61},"end":{"line":188,"column":63}}],"line":188},"77":{"loc":{"start":{"line":198,"column":4},"end":{"line":198,"column":null}},"type":"if","locations":[{"start":{"line":198,"column":4},"end":{"line":198,"column":null}},{"start":{},"end":{}}],"line":198},"78":{"loc":{"start":{"line":199,"column":11},"end":{"line":199,"column":null}},"type":"cond-expr","locations":[{"start":{"line":199,"column":46},"end":{"line":199,"column":57}},{"start":{"line":199,"column":57},"end":{"line":199,"column":null}}],"line":199},"79":{"loc":{"start":{"line":206,"column":4},"end":{"line":206,"column":null}},"type":"if","locations":[{"start":{"line":206,"column":4},"end":{"line":206,"column":null}},{"start":{},"end":{}}],"line":206},"80":{"loc":{"start":{"line":208,"column":4},"end":{"line":211,"column":null}},"type":"if","locations":[{"start":{"line":208,"column":4},"end":{"line":211,"column":null}},{"start":{},"end":{}}],"line":208},"81":{"loc":{"start":{"line":216,"column":32},"end":{"line":216,"column":53}},"type":"binary-expr","locations":[{"start":{"line":216,"column":32},"end":{"line":216,"column":49}},{"start":{"line":216,"column":49},"end":{"line":216,"column":53}}],"line":216},"82":{"loc":{"start":{"line":218,"column":4},"end":{"line":218,"column":null}},"type":"if","locations":[{"start":{"line":218,"column":4},"end":{"line":218,"column":null}},{"start":{},"end":{}}],"line":218},"83":{"loc":{"start":{"line":225,"column":6},"end":{"line":225,"column":null}},"type":"if","locations":[{"start":{"line":225,"column":6},"end":{"line":225,"column":null}},{"start":{},"end":{}}],"line":225},"84":{"loc":{"start":{"line":227,"column":4},"end":{"line":230,"column":null}},"type":"if","locations":[{"start":{"line":227,"column":4},"end":{"line":230,"column":null}},{"start":{},"end":{}}],"line":227},"85":{"loc":{"start":{"line":249,"column":2},"end":{"line":251,"column":null}},"type":"if","locations":[{"start":{"line":249,"column":2},"end":{"line":251,"column":null}},{"start":{},"end":{}}],"line":249},"86":{"loc":{"start":{"line":249,"column":6},"end":{"line":249,"column":38}},"type":"binary-expr","locations":[{"start":{"line":249,"column":6},"end":{"line":249,"column":24}},{"start":{"line":249,"column":24},"end":{"line":249,"column":38}}],"line":249},"87":{"loc":{"start":{"line":255,"column":23},"end":{"line":255,"column":null}},"type":"binary-expr","locations":[{"start":{"line":255,"column":23},"end":{"line":255,"column":48}},{"start":{"line":255,"column":48},"end":{"line":255,"column":null}}],"line":255},"88":{"loc":{"start":{"line":256,"column":23},"end":{"line":256,"column":null}},"type":"binary-expr","locations":[{"start":{"line":256,"column":23},"end":{"line":256,"column":48}},{"start":{"line":256,"column":48},"end":{"line":256,"column":null}}],"line":256},"89":{"loc":{"start":{"line":309,"column":5},"end":{"line":309,"column":18}},"type":"binary-expr","locations":[{"start":{"line":309,"column":5},"end":{"line":309,"column":14}},{"start":{"line":309,"column":14},"end":{"line":309,"column":18}}],"line":309},"90":{"loc":{"start":{"line":310,"column":6},"end":{"line":314,"column":null}},"type":"if","locations":[{"start":{"line":310,"column":6},"end":{"line":314,"column":null}},{"start":{},"end":{}}],"line":310},"91":{"loc":{"start":{"line":312,"column":17},"end":{"line":312,"column":null}},"type":"cond-expr","locations":[{"start":{"line":312,"column":46},"end":{"line":312,"column":63}},{"start":{"line":312,"column":63},"end":{"line":312,"column":null}}],"line":312},"92":{"loc":{"start":{"line":312,"column":17},"end":{"line":312,"column":46}},"type":"binary-expr","locations":[{"start":{"line":312,"column":17},"end":{"line":312,"column":29}},{"start":{"line":312,"column":29},"end":{"line":312,"column":46}}],"line":312},"93":{"loc":{"start":{"line":340,"column":6},"end":{"line":340,"column":null}},"type":"if","locations":[{"start":{"line":340,"column":6},"end":{"line":340,"column":null}},{"start":{},"end":{}}],"line":340},"94":{"loc":{"start":{"line":340,"column":10},"end":{"line":340,"column":66}},"type":"binary-expr","locations":[{"start":{"line":340,"column":10},"end":{"line":340,"column":39}},{"start":{"line":340,"column":39},"end":{"line":340,"column":66}}],"line":340},"95":{"loc":{"start":{"line":343,"column":6},"end":{"line":343,"column":null}},"type":"if","locations":[{"start":{"line":343,"column":6},"end":{"line":343,"column":null}},{"start":{},"end":{}}],"line":343},"96":{"loc":{"start":{"line":357,"column":4},"end":{"line":360,"column":null}},"type":"binary-expr","locations":[{"start":{"line":357,"column":4},"end":{"line":357,"column":null}},{"start":{"line":358,"column":5},"end":{"line":360,"column":null}}],"line":357},"97":{"loc":{"start":{"line":358,"column":5},"end":{"line":360,"column":null}},"type":"cond-expr","locations":[{"start":{"line":359,"column":8},"end":{"line":359,"column":null}},{"start":{"line":360,"column":8},"end":{"line":360,"column":null}}],"line":358},"98":{"loc":{"start":{"line":362,"column":4},"end":{"line":365,"column":null}},"type":"binary-expr","locations":[{"start":{"line":362,"column":4},"end":{"line":362,"column":null}},{"start":{"line":363,"column":5},"end":{"line":365,"column":null}}],"line":362},"99":{"loc":{"start":{"line":363,"column":5},"end":{"line":365,"column":null}},"type":"cond-expr","locations":[{"start":{"line":364,"column":8},"end":{"line":364,"column":null}},{"start":{"line":365,"column":8},"end":{"line":365,"column":null}}],"line":363},"100":{"loc":{"start":{"line":367,"column":15},"end":{"line":367,"column":91}},"type":"binary-expr","locations":[{"start":{"line":367,"column":15},"end":{"line":367,"column":90}},{"start":{"line":367,"column":90},"end":{"line":367,"column":91}}],"line":367},"101":{"loc":{"start":{"line":371,"column":6},"end":{"line":373,"column":null}},"type":"cond-expr","locations":[{"start":{"line":372,"column":10},"end":{"line":372,"column":null}},{"start":{"line":373,"column":10},"end":{"line":373,"column":null}}],"line":371},"102":{"loc":{"start":{"line":371,"column":6},"end":{"line":371,"column":null}},"type":"binary-expr","locations":[{"start":{"line":371,"column":6},"end":{"line":371,"column":18}},{"start":{"line":371,"column":18},"end":{"line":371,"column":50}},{"start":{"line":371,"column":50},"end":{"line":371,"column":null}}],"line":371},"103":{"loc":{"start":{"line":373,"column":10},"end":{"line":373,"column":null}},"type":"binary-expr","locations":[{"start":{"line":373,"column":10},"end":{"line":373,"column":28}},{"start":{"line":373,"column":28},"end":{"line":373,"column":null}}],"line":373},"104":{"loc":{"start":{"line":376,"column":17},"end":{"line":376,"column":null}},"type":"cond-expr","locations":[{"start":{"line":376,"column":26},"end":{"line":376,"column":34}},{"start":{"line":376,"column":34},"end":{"line":376,"column":null}}],"line":376},"105":{"loc":{"start":{"line":378,"column":8},"end":{"line":378,"column":null}},"type":"cond-expr","locations":[{"start":{"line":378,"column":53},"end":{"line":378,"column":67}},{"start":{"line":378,"column":67},"end":{"line":378,"column":null}}],"line":378},"106":{"loc":{"start":{"line":378,"column":8},"end":{"line":378,"column":53}},"type":"binary-expr","locations":[{"start":{"line":378,"column":8},"end":{"line":378,"column":38}},{"start":{"line":378,"column":38},"end":{"line":378,"column":53}}],"line":378},"107":{"loc":{"start":{"line":378,"column":67},"end":{"line":378,"column":null}},"type":"binary-expr","locations":[{"start":{"line":378,"column":67},"end":{"line":378,"column":78}},{"start":{"line":378,"column":78},"end":{"line":378,"column":null}}],"line":378},"108":{"loc":{"start":{"line":389,"column":8},"end":{"line":389,"column":null}},"type":"if","locations":[{"start":{"line":389,"column":8},"end":{"line":389,"column":null}},{"start":{},"end":{}}],"line":389},"109":{"loc":{"start":{"line":393,"column":8},"end":{"line":393,"column":null}},"type":"if","locations":[{"start":{"line":393,"column":8},"end":{"line":393,"column":null}},{"start":{},"end":{}}],"line":393},"110":{"loc":{"start":{"line":410,"column":4},"end":{"line":410,"column":null}},"type":"if","locations":[{"start":{"line":410,"column":4},"end":{"line":410,"column":null}},{"start":{},"end":{}}],"line":410},"111":{"loc":{"start":{"line":413,"column":4},"end":{"line":413,"column":null}},"type":"if","locations":[{"start":{"line":413,"column":4},"end":{"line":413,"column":null}},{"start":{},"end":{}}],"line":413},"112":{"loc":{"start":{"line":416,"column":61},"end":{"line":416,"column":null}},"type":"cond-expr","locations":[{"start":{"line":416,"column":76},"end":{"line":416,"column":82}},{"start":{"line":416,"column":82},"end":{"line":416,"column":null}}],"line":416},"113":{"loc":{"start":{"line":417,"column":2},"end":{"line":418,"column":null}},"type":"if","locations":[{"start":{"line":417,"column":2},"end":{"line":418,"column":null}},{"start":{},"end":{}}],"line":417},"114":{"loc":{"start":{"line":419,"column":20},"end":{"line":419,"column":52}},"type":"binary-expr","locations":[{"start":{"line":419,"column":20},"end":{"line":419,"column":48}},{"start":{"line":419,"column":48},"end":{"line":419,"column":52}}],"line":419},"115":{"loc":{"start":{"line":420,"column":20},"end":{"line":420,"column":52}},"type":"binary-expr","locations":[{"start":{"line":420,"column":20},"end":{"line":420,"column":48}},{"start":{"line":420,"column":48},"end":{"line":420,"column":52}}],"line":420},"116":{"loc":{"start":{"line":421,"column":2},"end":{"line":421,"column":null}},"type":"if","locations":[{"start":{"line":421,"column":2},"end":{"line":421,"column":null}},{"start":{},"end":{}}],"line":421}},"s":{"0":4,"1":77,"2":77,"3":77,"4":77,"5":77,"6":178,"7":77,"8":77,"9":174,"10":178,"11":291,"12":291,"13":77,"14":77,"15":63,"16":77,"17":59,"18":18,"19":18,"20":2,"21":18,"22":77,"23":59,"24":18,"25":77,"26":77,"27":63,"28":24,"29":24,"30":24,"31":77,"32":77,"33":77,"34":140,"35":140,"36":138,"37":138,"38":2,"39":2,"40":77,"41":5,"42":77,"43":117,"44":12,"45":4,"46":117,"47":101,"48":16,"49":2,"50":14,"51":4,"52":7,"53":4,"54":1,"55":3,"56":6,"57":10,"58":26,"59":26,"60":49,"61":26,"62":50,"63":6,"64":118,"65":14,"66":14,"67":14,"68":14,"69":28,"70":28,"71":4,"72":24,"73":24,"74":31,"75":38,"76":80,"77":80,"78":24,"79":2,"80":24,"81":24,"82":14,"83":2,"84":12,"85":26,"86":26,"87":50,"88":44,"89":6,"90":6,"91":4,"92":4,"93":6,"94":26,"95":51,"96":26,"97":50,"98":46,"99":4,"100":4,"101":4,"102":8,"103":8,"104":8,"105":8,"106":4,"107":4,"108":4,"109":4,"110":26,"111":10,"112":1,"113":9,"114":9,"115":9,"116":10,"117":10,"118":10,"119":10,"120":10,"121":10,"122":6,"123":66,"124":18,"125":36,"126":36,"127":44,"128":44,"129":36,"130":18,"131":18,"132":18,"133":22,"134":22,"135":18,"136":9,"137":9,"138":12,"139":12,"140":84,"141":0,"142":84,"143":84,"144":84,"145":23,"146":9,"147":9,"148":9,"149":9,"150":9,"151":52,"152":156,"153":9,"154":32,"155":32,"156":32,"157":52,"158":52,"159":52,"160":32,"161":9,"162":12,"163":16,"164":16,"165":16,"166":26,"167":0,"168":26,"169":26,"170":26,"171":26,"172":8,"173":9,"174":9,"175":9,"176":12,"177":4,"178":9,"179":10,"180":1,"181":9,"182":20,"183":9,"184":1,"185":9,"186":9,"187":9,"188":1,"189":9},"f":{"0":77,"1":178,"2":174,"3":178,"4":291,"5":291,"6":77,"7":63,"8":77,"9":63,"10":77,"11":140,"12":77,"13":5,"14":77,"15":117,"16":12,"17":4,"18":117,"19":7,"20":6,"21":26,"22":49,"23":50,"24":6,"25":118,"26":14,"27":51,"28":10,"29":6,"30":66,"31":18,"32":36,"33":44,"34":22,"35":22,"36":9,"37":9,"38":52,"39":156,"40":32,"41":52,"42":9,"43":12,"44":10,"45":20},"b":{"0":[77,0],"1":[12,166],"2":[178,12],"3":[77,0],"4":[77,12],"5":[77,0],"6":[174,0],"7":[174,174],"8":[174,167],"9":[174,129],"10":[77,12],"11":[77,12],"12":[77,76],"13":[77,12],"14":[77,1],"15":[77,72],"16":[77,72],"17":[77,73],"18":[77,72],"19":[77,76],"20":[77,58],"21":[77,35],"22":[77,35],"23":[77,75],"24":[77,36],"25":[77,12],"26":[77,12],"27":[34,43],"28":[18,59],"29":[0,63],"30":[63,0],"31":[59,18],"32":[77,18],"33":[59,18],"34":[18,0],"35":[24,39],"36":[63,63,27],"37":[24,0],"38":[77,0],"39":[140,0],"40":[138,2],"41":[138,0],"42":[2,0],"43":[76,1],"44":[77,77],"45":[77,0],"46":[117,47],"47":[117,0],"48":[105,12],"49":[1,116],"50":[117,12],"51":[12,0],"52":[117,117],"53":[117,104],"54":[117,71],"55":[117,115],"56":[2,115],"57":[117,2,2],"58":[117,112],"59":[5,112],"60":[117,10],"61":[5,112],"62":[117,10],"63":[101,16],"64":[2,14],"65":[4,10],"66":[4,0],"67":[1,3],"68":[3,0],"69":[26,0],"70":[26,0],"71":[4,24],"72":[80,0],"73":[24,56],"74":[80,56,56],"75":[2,22],"76":[24,0],"77":[2,12],"78":[12,0],"79":[44,6],"80":[4,2],"81":[26,0],"82":[46,4],"83":[8,0],"84":[4,0],"85":[1,9],"86":[10,9],"87":[9,3],"88":[10,3],"89":[36,0],"90":[44,0],"91":[0,44],"92":[44,0],"93":[0,84],"94":[84,84],"95":[23,61],"96":[9,0],"97":[0,0],"98":[9,0],"99":[0,0],"100":[156,0],"101":[0,32],"102":[32,32,0],"103":[32,0],"104":[52,0],"105":[0,52],"106":[52,0],"107":[52,0],"108":[0,26],"109":[8,18],"110":[4,8],"111":[1,9],"112":[6,14],"113":[1,8],"114":[9,0],"115":[9,0],"116":[1,8]},"meta":{"lastBranch":117,"lastFunction":46,"lastStatement":190,"seen":{"s:4:36:4:Infinity":0,"f:7:16:7:32":0,"s:8:16:8:Infinity":1,"b:8:28:8:62:8:62:8:64":0,"s:9:20:9:Infinity":2,"s:10:25:10:Infinity":3,"s:11:21:11:Infinity":4,"s:12:24:14:Infinity":5,"f:12:35:12:40":1,"s:13:4:13:Infinity":6,"b:13:53:13:67:13:67:13:Infinity":1,"b:13:4:13:39:13:39:13:53":2,"s:15:17:15:Infinity":7,"b:15:17:15:36:15:36:15:Infinity":3,"s:17:2:58:Infinity":8,"b:18:10:18:27:18:27:18:Infinity":4,"b:19:13:19:32:19:32:19:36":5,"f:19:36:19:41":2,"s:19:53:27:6":9,"b:23:11:23:20:23:20:23:Infinity":6,"b:24:18:24:34:24:34:24:Infinity":7,"b:25:22:25:42:25:42:25:Infinity":8,"b:26:19:26:36:26:36:26:Infinity":9,"b:30:20:30:47:30:47:30:Infinity":10,"b:31:16:31:39:31:39:31:Infinity":11,"f:34:27:34:32":3,"s:34:43:34:63":10,"b:36:27:36:61:36:61:36:Infinity":12,"b:37:19:37:45:37:45:37:Infinity":13,"b:38:23:38:53:38:53:38:Infinity":14,"b:39:24:39:55:39:55:39:Infinity":15,"b:40:23:40:53:40:53:40:Infinity":16,"b:41:28:41:63:41:63:41:Infinity":17,"b:42:23:42:53:42:53:42:Infinity":18,"b:44:25:44:57:44:57:44:Infinity":19,"b:45:26:45:59:45:59:45:Infinity":20,"b:46:25:46:57:46:57:46:Infinity":21,"b:47:25:47:57:47:57:47:Infinity":22,"b:48:23:48:53:48:53:48:Infinity":23,"b:49:18:49:42:49:42:49:Infinity":24,"f:51:7:51:12":4,"s:51:26:51:72":11,"f:52:7:52:15":5,"s:52:29:52:38":12,"b:56:25:56:57:56:57:56:Infinity":25,"b:57:16:57:39:57:39:57:Infinity":26,"f:61:9:61:25":6,"s:62:16:62:Infinity":13,"b:62:57:62:83:62:83:62:Infinity":27,"s:64:4:64:Infinity":14,"b:64:23:64:91:64:91:64:Infinity":28,"f:64:29:64:34":7,"s:64:46:64:87":15,"b:64:70:64:74:64:74:64:87":29,"b:64:74:64:84:64:84:64:87":30,"b:65:2:65:Infinity:undefined:undefined:undefined:undefined":31,"s:65:2:65:Infinity":16,"b:65:6:65:20:65:20:65:44":32,"s:65:44:65:Infinity":17,"s:67:16:67:Infinity":18,"s:68:2:68:Infinity":19,"s:68:31:68:Infinity":20,"s:69:2:69:Infinity":21,"f:72:9:72:Infinity":8,"b:76:2:76:Infinity:undefined:undefined:undefined:undefined":33,"s:76:2:76:Infinity":22,"s:76:22:76:Infinity":23,"s:77:16:77:Infinity":24,"b:77:57:77:83:77:83:77:Infinity":34,"s:78:38:78:Infinity":25,"s:79:2:84:Infinity":26,"f:79:8:79:17":9,"b:80:4:83:Infinity:undefined:undefined:undefined:undefined":35,"s:80:4:83:Infinity":27,"b:80:8:80:36:80:36:80:54:80:54:80:84":36,"s:81:18:81:Infinity":28,"b:82:6:82:Infinity:undefined:undefined:undefined:undefined":37,"s:82:6:82:Infinity":29,"s:82:15:82:Infinity":30,"s:85:2:85:Infinity":31,"f:88:9:88:32":10,"s:89:39:89:Infinity":32,"s:90:2:100:Infinity":33,"b:90:10:90:20:90:20:90:87":38,"f:90:87:90:Infinity":11,"s:92:12:92:Infinity":34,"b:92:20:92:30:92:30:92:39":39,"b:93:6:96:Infinity:undefined:undefined:undefined:undefined":40,"s:93:6:96:Infinity":35,"s:94:8:94:Infinity":36,"s:95:8:95:Infinity":37,"b:95:33:95:41:95:41:95:50":41,"s:97:6:97:Infinity":38,"s:98:6:98:Infinity":39,"b:98:50:98:58:98:58:98:67":42,"f:103:9:103:26":12,"s:104:2:111:Infinity":40,"b:105:6:105:Infinity:106:6:111:Infinity":43,"b:104:9:104:32:104:32:104:Infinity":44,"f:106:22:106:27":13,"s:106:34:111:8":41,"f:114:9:114:19":14,"s:115:2:136:Infinity":42,"b:115:10:115:28:115:28:115:32":45,"f:115:32:115:37":15,"s:115:52:136:4":43,"b:116:9:116:21:116:21:116:Infinity":46,"b:118:15:118:33:118:33:118:Infinity":47,"b:119:61:119:80:119:80:119:83":48,"b:120:52:120:62:120:62:120:Infinity":49,"b:122:6:122:Infinity:123:6:123:Infinity":50,"f:123:17:123:22":16,"s:123:44:123:81":44,"b:123:44:123:78:123:78:123:81":51,"b:124:20:124:43:124:43:124:Infinity":52,"b:125:16:125:35:125:35:125:Infinity":53,"b:126:17:126:37:126:37:126:Infinity":54,"b:127:25:127:53:127:53:127:Infinity":55,"b:130:10:130:Infinity:131:10:131:Infinity":56,"b:129:6:129:34:129:34:129:59:129:59:129:Infinity":57,"f:130:32:130:37":17,"s:130:48:130:68":45,"b:132:20:132:43:132:43:132:Infinity":58,"b:134:82:134:111:134:111:134:Infinity":59,"b:134:22:134:56:134:56:134:82":60,"b:135:83:135:112:135:112:135:Infinity":61,"b:135:24:135:58:135:58:135:83":62,"f:139:9:139:25":18,"b:140:2:140:Infinity:undefined:undefined:undefined:undefined":63,"s:140:2:140:Infinity":46,"s:140:21:140:Infinity":47,"b:141:2:141:Infinity:undefined:undefined:undefined:undefined":64,"s:141:2:141:Infinity":48,"s:141:35:141:Infinity":49,"b:142:2:148:Infinity:undefined:undefined:undefined:undefined":65,"s:142:2:148:Infinity":50,"s:143:10:143:Infinity":51,"b:143:19:143:38:143:38:143:42":66,"f:143:42:143:48":19,"s:143:59:143:88":52,"b:144:4:144:Infinity:undefined:undefined:undefined:undefined":67,"s:144:4:144:Infinity":53,"s:144:16:144:Infinity":54,"s:145:4:147:Infinity":55,"b:146:7:146:26:146:26:146:30":68,"f:146:30:146:35":20,"s:146:46:146:91":56,"s:149:2:149:Infinity":57,"f:163:16:163:35":21,"s:164:23:164:Infinity":58,"b:164:23:164:39:164:39:164:Infinity":69,"s:165:8:165:Infinity":59,"b:165:28:165:45:165:45:165:49":70,"f:165:49:165:54":22,"s:165:65:165:93":60,"s:168:27:170:Infinity":61,"f:169:10:169:18":23,"s:169:29:169:46":62,"f:169:48:169:53":24,"s:169:64:169:92":63,"f:172:11:172:19":25,"s:172:32:172:80":64,"f:176:11:176:22":26,"s:177:20:177:Infinity":65,"s:178:45:178:Infinity":66,"s:179:16:179:Infinity":67,"s:180:4:197:Infinity":68,"s:181:26:181:Infinity":69,"b:182:6:182:Infinity:undefined:undefined:undefined:undefined":71,"s:182:6:182:Infinity":70,"s:182:24:182:Infinity":71,"s:183:6:196:Infinity":72,"s:183:13:196:Infinity":73,"s:184:8:195:Infinity":74,"s:185:10:194:Infinity":75,"s:186:29:186:Infinity":76,"b:186:37:186:56:186:56:186:58":72,"b:187:12:193:Infinity:undefined:undefined:undefined:undefined":73,"s:187:12:193:Infinity":77,"b:187:16:187:40:187:40:187:76:187:76:187:110":74,"b:188:14:190:Infinity:undefined:undefined:undefined:undefined":75,"s:188:14:190:Infinity":78,"b:188:47:188:61:188:61:188:63":76,"s:189:16:189:Infinity":79,"s:191:14:191:Infinity":80,"s:192:14:192:Infinity":81,"b:198:4:198:Infinity:undefined:undefined:undefined:undefined":77,"s:198:4:198:Infinity":82,"s:198:15:198:Infinity":83,"s:199:4:199:Infinity":84,"b:199:46:199:57:199:57:199:Infinity":78,"s:202:20:202:Infinity":85,"s:205:2:213:Infinity":86,"b:206:4:206:Infinity:undefined:undefined:undefined:undefined":79,"s:206:4:206:Infinity":87,"s:206:31:206:Infinity":88,"s:207:21:207:Infinity":89,"b:208:4:211:Infinity:undefined:undefined:undefined:undefined":80,"s:208:4:211:Infinity":90,"s:209:6:209:Infinity":91,"s:210:6:210:Infinity":92,"s:212:4:212:Infinity":93,"s:216:8:216:Infinity":94,"b:216:32:216:49:216:49:216:53":81,"f:216:53:216:58":27,"s:216:69:216:83":95,"s:217:2:232:Infinity":96,"b:218:4:218:Infinity:undefined:undefined:undefined:undefined":82,"s:218:4:218:Infinity":97,"s:218:33:218:Infinity":98,"s:219:29:219:Infinity":99,"s:221:61:221:Infinity":100,"s:222:4:226:Infinity":101,"s:223:18:223:Infinity":102,"s:224:23:224:Infinity":103,"b:225:6:225:Infinity:undefined:undefined:undefined:undefined":83,"s:225:6:225:Infinity":104,"s:225:20:225:Infinity":105,"b:227:4:230:Infinity:undefined:undefined:undefined:undefined":84,"s:227:4:230:Infinity":106,"s:228:6:228:Infinity":107,"s:229:6:229:Infinity":108,"s:231:4:231:Infinity":109,"s:234:2:234:Infinity":110,"f:245:16:245:Infinity":28,"b:249:2:251:Infinity:undefined:undefined:undefined:undefined":85,"s:249:2:251:Infinity":111,"b:249:6:249:24:249:24:249:38":86,"s:250:4:250:Infinity":112,"s:253:17:253:Infinity":113,"s:254:17:254:Infinity":114,"s:255:23:255:Infinity":115,"b:255:23:255:48:255:48:255:Infinity":87,"s:256:23:256:Infinity":116,"b:256:23:256:48:256:48:256:Infinity":88,"s:258:22:263:Infinity":117,"s:264:21:269:Infinity":118,"s:271:23:276:Infinity":119,"s:277:23:277:Infinity":120,"s:279:2:294:Infinity":121,"f:297:9:297:22":29,"s:298:2:298:Infinity":122,"f:298:32:298:36":30,"s:298:45:298:58":123,"f:301:9:301:Infinity":31,"s:307:8:317:Infinity":124,"f:307:8:307:18":32,"s:308:60:308:Infinity":125,"s:309:4:315:Infinity":126,"b:309:5:309:14:309:14:309:18":89,"f:309:18:309:27":33,"b:310:6:314:Infinity:undefined:undefined:undefined:undefined":90,"s:310:6:314:Infinity":127,"s:311:8:314:Infinity":128,"b:312:46:312:63:312:63:312:Infinity":91,"b:312:17:312:29:312:29:312:46":92,"s:316:4:316:Infinity":129,"s:318:17:318:Infinity":130,"s:319:17:319:Infinity":131,"s:320:16:327:Infinity":132,"f:321:5:321:13":34,"s:321:22:321:46":133,"f:322:5:322:10":35,"s:322:51:327:6":134,"s:328:2:328:Infinity":135,"f:331:9:331:Infinity":36,"s:337:42:337:Infinity":136,"s:338:2:345:Infinity":137,"s:339:4:344:Infinity":138,"s:339:17:339:20":139,"b:340:6:340:Infinity:undefined:undefined:undefined:undefined":93,"s:340:6:340:Infinity":140,"b:340:10:340:39:340:39:340:66":94,"s:340:66:340:Infinity":141,"s:341:19:341:Infinity":142,"s:342:19:342:Infinity":143,"b:343:6:343:Infinity:undefined:undefined:undefined:undefined":95,"s:343:6:343:Infinity":144,"s:343:25:343:Infinity":145,"s:346:2:346:Infinity":146,"f:349:9:349:Infinity":37,"s:355:42:355:Infinity":147,"s:357:4:360:Infinity":148,"b:357:4:357:Infinity:358:5:360:Infinity":96,"b:359:8:359:Infinity:360:8:360:Infinity":97,"s:362:4:365:Infinity":149,"b:362:4:362:Infinity:363:5:365:Infinity":98,"b:364:8:364:Infinity:365:8:365:Infinity":99,"s:366:8:367:Infinity":150,"f:366:8:366:21":38,"s:367:4:367:Infinity":151,"f:367:10:367:15":39,"s:367:15:367:91":152,"b:367:15:367:90:367:90:367:91":100,"s:369:8:382:Infinity":153,"f:369:8:369:21":40,"s:371:6:373:Infinity":154,"b:372:10:372:Infinity:373:10:373:Infinity":101,"b:371:6:371:18:371:18:371:50:371:50:371:Infinity":102,"b:373:10:373:28:373:28:373:Infinity":103,"s:374:16:374:Infinity":155,"s:375:4:380:Infinity":156,"f:375:9:375:18":41,"s:376:17:376:Infinity":157,"b:376:26:376:34:376:34:376:Infinity":104,"s:378:8:378:Infinity":158,"b:378:53:378:67:378:67:378:Infinity":105,"b:378:8:378:38:378:38:378:53":106,"b:378:67:378:78:378:78:378:Infinity":107,"s:379:6:379:Infinity":159,"s:381:4:381:Infinity":160,"s:384:2:396:Infinity":161,"s:385:4:395:Infinity":162,"s:386:24:386:Infinity":163,"s:387:24:387:Infinity":164,"s:388:6:394:Infinity":165,"b:389:8:389:Infinity:undefined:undefined:undefined:undefined":108,"s:389:8:389:Infinity":166,"s:389:33:389:Infinity":167,"s:390:27:390:Infinity":168,"s:391:24:391:Infinity":169,"s:392:24:392:Infinity":170,"b:393:8:393:Infinity:undefined:undefined:undefined:undefined":109,"s:393:8:393:Infinity":171,"s:393:33:393:Infinity":172,"s:397:2:397:Infinity":173,"f:400:9:400:Infinity":42,"s:408:49:408:Infinity":174,"s:409:2:411:Infinity":175,"f:409:13:409:22":43,"b:410:4:410:Infinity:undefined:undefined:undefined:undefined":110,"s:410:4:410:Infinity":176,"s:410:35:410:Infinity":177,"s:412:2:414:Infinity":178,"f:412:12:412:21":44,"b:413:4:413:Infinity:undefined:undefined:undefined:undefined":111,"s:413:4:413:Infinity":179,"s:413:35:413:Infinity":180,"s:416:8:416:Infinity":181,"f:416:8:416:18":45,"s:416:34:416:Infinity":182,"b:416:76:416:82:416:82:416:Infinity":112,"b:417:2:418:Infinity:undefined:undefined:undefined:undefined":113,"s:417:2:418:Infinity":183,"s:418:4:418:Infinity":184,"s:419:8:419:Infinity":185,"b:419:20:419:48:419:48:419:52":114,"s:420:8:420:Infinity":186,"b:420:20:420:48:420:48:420:52":115,"b:421:2:421:Infinity:undefined:undefined:undefined:undefined":116,"s:421:2:421:Infinity":187,"s:421:29:421:Infinity":188,"s:423:2:423:Infinity":189}}}
,"/Users/mac/Documents/Plugin/Git/ACTM/src/plugin/figmaVars.ts": {"path":"/Users/mac/Documents/Plugin/Git/ACTM/src/plugin/figmaVars.ts","statementMap":{"0":{"start":{"line":11,"column":16},"end":{"line":11,"column":null}},"1":{"start":{"line":12,"column":12},"end":{"line":12,"column":null}},"2":{"start":{"line":13,"column":2},"end":{"line":13,"column":null}},"3":{"start":{"line":17,"column":21},"end":{"line":17,"column":null}},"4":{"start":{"line":18,"column":2},"end":{"line":22,"column":null}},"5":{"start":{"line":19,"column":4},"end":{"line":19,"column":null}},"6":{"start":{"line":21,"column":4},"end":{"line":21,"column":null}},"7":{"start":{"line":26,"column":2},"end":{"line":26,"column":null}},"8":{"start":{"line":26,"column":37},"end":{"line":26,"column":null}},"9":{"start":{"line":27,"column":2},"end":{"line":27,"column":null}},"10":{"start":{"line":27,"column":37},"end":{"line":27,"column":null}},"11":{"start":{"line":29,"column":19},"end":{"line":29,"column":null}},"12":{"start":{"line":30,"column":19},"end":{"line":30,"column":null}},"13":{"start":{"line":32,"column":2},"end":{"line":37,"column":null}},"14":{"start":{"line":33,"column":4},"end":{"line":35,"column":null}},"15":{"start":{"line":34,"column":6},"end":{"line":34,"column":null}},"16":{"start":{"line":36,"column":4},"end":{"line":36,"column":null}},"17":{"start":{"line":39,"column":2},"end":{"line":45,"column":null}},"18":{"start":{"line":40,"column":18},"end":{"line":40,"column":null}},"19":{"start":{"line":41,"column":18},"end":{"line":41,"column":null}},"20":{"start":{"line":42,"column":18},"end":{"line":42,"column":null}},"21":{"start":{"line":43,"column":18},"end":{"line":43,"column":null}},"22":{"start":{"line":44,"column":4},"end":{"line":44,"column":null}},"23":{"start":{"line":46,"column":2},"end":{"line":48,"column":null}},"24":{"start":{"line":47,"column":4},"end":{"line":47,"column":null}},"25":{"start":{"line":49,"column":2},"end":{"line":49,"column":null}},"26":{"start":{"line":52,"column":31},"end":{"line":464,"column":null}},"27":{"start":{"line":62,"column":4},"end":{"line":62,"column":null}},"28":{"start":{"line":62,"column":74},"end":{"line":62,"column":null}},"29":{"start":{"line":63,"column":18},"end":{"line":63,"column":null}},"30":{"start":{"line":64,"column":20},"end":{"line":66,"column":null}},"31":{"start":{"line":65,"column":13},"end":{"line":65,"column":null}},"32":{"start":{"line":67,"column":26},"end":{"line":67,"column":null}},"33":{"start":{"line":67,"column":53},"end":{"line":67,"column":59}},"34":{"start":{"line":69,"column":4},"end":{"line":91,"column":null}},"35":{"start":{"line":69,"column":20},"end":{"line":69,"column":23}},"36":{"start":{"line":70,"column":6},"end":{"line":90,"column":null}},"37":{"start":{"line":71,"column":24},"end":{"line":71,"column":null}},"38":{"start":{"line":72,"column":8},"end":{"line":72,"column":null}},"39":{"start":{"line":72,"column":51},"end":{"line":72,"column":null}},"40":{"start":{"line":73,"column":8},"end":{"line":73,"column":null}},"41":{"start":{"line":73,"column":40},"end":{"line":73,"column":null}},"42":{"start":{"line":74,"column":8},"end":{"line":89,"column":null}},"43":{"start":{"line":75,"column":26},"end":{"line":75,"column":null}},"44":{"start":{"line":76,"column":10},"end":{"line":76,"column":null}},"45":{"start":{"line":77,"column":10},"end":{"line":77,"column":null}},"46":{"start":{"line":78,"column":28},"end":{"line":78,"column":null}},"47":{"start":{"line":79,"column":10},"end":{"line":79,"column":null}},"48":{"start":{"line":80,"column":10},"end":{"line":86,"column":null}},"49":{"start":{"line":81,"column":12},"end":{"line":81,"column":null}},"50":{"start":{"line":82,"column":24},"end":{"line":82,"column":null}},"51":{"start":{"line":83,"column":12},"end":{"line":85,"column":null}},"52":{"start":{"line":84,"column":14},"end":{"line":84,"column":null}},"53":{"start":{"line":88,"column":10},"end":{"line":88,"column":null}},"54":{"start":{"line":93,"column":4},"end":{"line":93,"column":null}},"55":{"start":{"line":104,"column":4},"end":{"line":104,"column":null}},"56":{"start":{"line":105,"column":4},"end":{"line":105,"column":null}},"57":{"start":{"line":106,"column":4},"end":{"line":106,"column":null}},"58":{"start":{"line":107,"column":4},"end":{"line":107,"column":null}},"59":{"start":{"line":110,"column":6},"end":{"line":112,"column":null}},"60":{"start":{"line":114,"column":33},"end":{"line":114,"column":null}},"61":{"start":{"line":115,"column":26},"end":{"line":115,"column":null}},"62":{"start":{"line":117,"column":6},"end":{"line":119,"column":null}},"63":{"start":{"line":121,"column":6},"end":{"line":124,"column":null}},"64":{"start":{"line":125,"column":35},"end":{"line":125,"column":null}},"65":{"start":{"line":126,"column":34},"end":{"line":126,"column":null}},"66":{"start":{"line":127,"column":33},"end":{"line":127,"column":null}},"67":{"start":{"line":128,"column":34},"end":{"line":128,"column":null}},"68":{"start":{"line":129,"column":51},"end":{"line":129,"column":null}},"69":{"start":{"line":131,"column":10},"end":{"line":135,"column":null}},"70":{"start":{"line":132,"column":6},"end":{"line":132,"column":null}},"71":{"start":{"line":132,"column":26},"end":{"line":132,"column":null}},"72":{"start":{"line":133,"column":18},"end":{"line":133,"column":null}},"73":{"start":{"line":133,"column":52},"end":{"line":133,"column":67}},"74":{"start":{"line":134,"column":6},"end":{"line":134,"column":null}},"75":{"start":{"line":136,"column":10},"end":{"line":140,"column":null}},"76":{"start":{"line":137,"column":6},"end":{"line":137,"column":null}},"77":{"start":{"line":137,"column":25},"end":{"line":137,"column":null}},"78":{"start":{"line":138,"column":19},"end":{"line":138,"column":null}},"79":{"start":{"line":139,"column":6},"end":{"line":139,"column":null}},"80":{"start":{"line":141,"column":10},"end":{"line":142,"column":null}},"81":{"start":{"line":142,"column":6},"end":{"line":142,"column":null}},"82":{"start":{"line":145,"column":6},"end":{"line":145,"column":null}},"83":{"start":{"line":146,"column":21},"end":{"line":148,"column":null}},"84":{"start":{"line":150,"column":4},"end":{"line":152,"column":null}},"85":{"start":{"line":151,"column":6},"end":{"line":151,"column":null}},"86":{"start":{"line":155,"column":4},"end":{"line":197,"column":null}},"87":{"start":{"line":156,"column":21},"end":{"line":156,"column":null}},"88":{"start":{"line":157,"column":22},"end":{"line":157,"column":null}},"89":{"start":{"line":158,"column":12},"end":{"line":158,"column":null}},"90":{"start":{"line":159,"column":71},"end":{"line":159,"column":null}},"91":{"start":{"line":161,"column":6},"end":{"line":187,"column":null}},"92":{"start":{"line":162,"column":25},"end":{"line":162,"column":null}},"93":{"start":{"line":162,"column":59},"end":{"line":162,"column":79}},"94":{"start":{"line":163,"column":24},"end":{"line":163,"column":null}},"95":{"start":{"line":164,"column":23},"end":{"line":164,"column":null}},"96":{"start":{"line":166,"column":8},"end":{"line":186,"column":null}},"97":{"start":{"line":167,"column":31},"end":{"line":169,"column":null}},"98":{"start":{"line":170,"column":28},"end":{"line":170,"column":null}},"99":{"start":{"line":172,"column":12},"end":{"line":174,"column":null}},"100":{"start":{"line":176,"column":27},"end":{"line":176,"column":null}},"101":{"start":{"line":177,"column":32},"end":{"line":177,"column":null}},"102":{"start":{"line":179,"column":10},"end":{"line":179,"column":null}},"103":{"start":{"line":182,"column":27},"end":{"line":182,"column":null}},"104":{"start":{"line":183,"column":16},"end":{"line":183,"column":null}},"105":{"start":{"line":184,"column":30},"end":{"line":184,"column":null}},"106":{"start":{"line":185,"column":10},"end":{"line":185,"column":null}},"107":{"start":{"line":188,"column":6},"end":{"line":188,"column":null}},"108":{"start":{"line":191,"column":6},"end":{"line":196,"column":null}},"109":{"start":{"line":192,"column":23},"end":{"line":192,"column":null}},"110":{"start":{"line":193,"column":8},"end":{"line":195,"column":null}},"111":{"start":{"line":194,"column":10},"end":{"line":194,"column":null}},"112":{"start":{"line":200,"column":4},"end":{"line":290,"column":null}},"113":{"start":{"line":201,"column":23},"end":{"line":201,"column":null}},"114":{"start":{"line":203,"column":6},"end":{"line":205,"column":null}},"115":{"start":{"line":204,"column":8},"end":{"line":204,"column":null}},"116":{"start":{"line":207,"column":12},"end":{"line":207,"column":null}},"117":{"start":{"line":208,"column":37},"end":{"line":208,"column":null}},"118":{"start":{"line":210,"column":6},"end":{"line":283,"column":null}},"119":{"start":{"line":211,"column":23},"end":{"line":211,"column":null}},"120":{"start":{"line":212,"column":8},"end":{"line":215,"column":null}},"121":{"start":{"line":213,"column":10},"end":{"line":213,"column":null}},"122":{"start":{"line":214,"column":10},"end":{"line":214,"column":null}},"123":{"start":{"line":216,"column":8},"end":{"line":282,"column":null}},"124":{"start":{"line":219,"column":27},"end":{"line":219,"column":null}},"125":{"start":{"line":219,"column":61},"end":{"line":219,"column":81}},"126":{"start":{"line":220,"column":26},"end":{"line":220,"column":null}},"127":{"start":{"line":221,"column":25},"end":{"line":221,"column":null}},"128":{"start":{"line":223,"column":10},"end":{"line":281,"column":null}},"129":{"start":{"line":224,"column":29},"end":{"line":224,"column":null}},"130":{"start":{"line":225,"column":30},"end":{"line":225,"column":null}},"131":{"start":{"line":226,"column":26},"end":{"line":226,"column":null}},"132":{"start":{"line":227,"column":27},"end":{"line":227,"column":null}},"133":{"start":{"line":229,"column":14},"end":{"line":233,"column":null}},"134":{"start":{"line":235,"column":26},"end":{"line":278,"column":null}},"135":{"start":{"line":237,"column":31},"end":{"line":237,"column":null}},"136":{"start":{"line":238,"column":16},"end":{"line":238,"column":null}},"137":{"start":{"line":238,"column":28},"end":{"line":238,"column":null}},"138":{"start":{"line":240,"column":33},"end":{"line":240,"column":null}},"139":{"start":{"line":242,"column":18},"end":{"line":242,"column":null}},"140":{"start":{"line":243,"column":57},"end":{"line":247,"column":null}},"141":{"start":{"line":248,"column":34},"end":{"line":248,"column":null}},"142":{"start":{"line":248,"column":60},"end":{"line":248,"column":76}},"143":{"start":{"line":251,"column":16},"end":{"line":264,"column":null}},"144":{"start":{"line":252,"column":18},"end":{"line":252,"column":null}},"145":{"start":{"line":254,"column":41},"end":{"line":254,"column":null}},"146":{"start":{"line":256,"column":20},"end":{"line":262,"column":null}},"147":{"start":{"line":259,"column":28},"end":{"line":260,"column":null}},"148":{"start":{"line":263,"column":18},"end":{"line":263,"column":null}},"149":{"start":{"line":265,"column":32},"end":{"line":265,"column":null}},"150":{"start":{"line":266,"column":29},"end":{"line":266,"column":null}},"151":{"start":{"line":267,"column":34},"end":{"line":267,"column":null}},"152":{"start":{"line":268,"column":33},"end":{"line":268,"column":null}},"153":{"start":{"line":269,"column":31},"end":{"line":269,"column":null}},"154":{"start":{"line":270,"column":16},"end":{"line":272,"column":null}},"155":{"start":{"line":270,"column":43},"end":{"line":270,"column":null}},"156":{"start":{"line":271,"column":21},"end":{"line":272,"column":null}},"157":{"start":{"line":271,"column":35},"end":{"line":271,"column":null}},"158":{"start":{"line":272,"column":21},"end":{"line":272,"column":null}},"159":{"start":{"line":272,"column":36},"end":{"line":272,"column":null}},"160":{"start":{"line":274,"colu
[...]
,"/Users/mac/Documents/Plugin/Git/ACTM/src/ui/store/bannerStore.ts": {"path":"/Users/mac/Documents/Plugin/Git/ACTM/src/ui/store/bannerStore.ts","statementMap":{"0":{"start":{"line":23,"column":30},"end":{"line":23,"column":null}},"1":{"start":{"line":39,"column":11},"end":{"line":39,"column":null}},"2":{"start":{"line":41,"column":30},"end":{"line":96,"column":null}},"3":{"start":{"line":41,"column":65},"end":{"line":96,"column":2}},"4":{"start":{"line":46,"column":15},"end":{"line":46,"column":null}},"5":{"start":{"line":47,"column":21},"end":{"line":47,"column":null}},"6":{"start":{"line":47,"column":47},"end":{"line":47,"column":58}},"7":{"start":{"line":48,"column":4},"end":{"line":57,"column":null}},"8":{"start":{"line":50,"column":22},"end":{"line":50,"column":null}},"9":{"start":{"line":51,"column":6},"end":{"line":51,"column":null}},"10":{"start":{"line":52,"column":6},"end":{"line":55,"column":null}},"11":{"start":{"line":52,"column":18},"end":{"line":55,"column":8}},"12":{"start":{"line":54,"column":39},"end":{"line":54,"column":78}},"13":{"start":{"line":56,"column":6},"end":{"line":56,"column":null}},"14":{"start":{"line":58,"column":27},"end":{"line":58,"column":null}},"15":{"start":{"line":59,"column":4},"end":{"line":59,"column":null}},"16":{"start":{"line":59,"column":16},"end":{"line":59,"column":52}},"17":{"start":{"line":60,"column":4},"end":{"line":62,"column":null}},"18":{"start":{"line":61,"column":6},"end":{"line":61,"column":null}},"19":{"start":{"line":61,"column":23},"end":{"line":61,"column":41}},"20":{"start":{"line":63,"column":4},"end":{"line":63,"column":null}},"21":{"start":{"line":68,"column":20},"end":{"line":68,"column":null}},"22":{"start":{"line":69,"column":4},"end":{"line":69,"column":null}},"23":{"start":{"line":70,"column":4},"end":{"line":70,"column":null}},"24":{"start":{"line":71,"column":4},"end":{"line":71,"column":null}},"25":{"start":{"line":71,"column":21},"end":{"line":71,"column":40}},"26":{"start":{"line":75,"column":20},"end":{"line":75,"column":null}},"27":{"start":{"line":76,"column":4},"end":{"line":76,"column":null}},"28":{"start":{"line":77,"column":4},"end":{"line":80,"column":null}},"29":{"start":{"line":77,"column":16},"end":{"line":80,"column":6}},"30":{"start":{"line":79,"column":39},"end":{"line":79,"column":50}},"31":{"start":{"line":85,"column":4},"end":{"line":85,"column":null}},"32":{"start":{"line":89,"column":4},"end":{"line":89,"column":null}},"33":{"start":{"line":89,"column":37},"end":{"line":89,"column":48}},"34":{"start":{"line":92,"column":26},"end":{"line":92,"column":null}},"35":{"start":{"line":93,"column":26},"end":{"line":93,"column":null}},"36":{"start":{"line":94,"column":26},"end":{"line":94,"column":null}},"37":{"start":{"line":95,"column":26},"end":{"line":95,"column":null}},"38":{"start":{"line":99,"column":22},"end":{"line":107,"column":null}},"39":{"start":{"line":100,"column":60},"end":{"line":100,"column":null}},"40":{"start":{"line":101,"column":60},"end":{"line":101,"column":null}},"41":{"start":{"line":102,"column":60},"end":{"line":102,"column":null}},"42":{"start":{"line":103,"column":60},"end":{"line":103,"column":null}},"43":{"start":{"line":104,"column":60},"end":{"line":104,"column":null}},"44":{"start":{"line":105,"column":60},"end":{"line":105,"column":null}},"45":{"start":{"line":106,"column":60},"end":{"line":106,"column":null}}},"fnMap":{"0":{"name":"(anonymous_0)","decl":{"start":{"line":41,"column":30},"end":{"line":41,"column":51}},"loc":{"start":{"line":41,"column":65},"end":{"line":96,"column":2}},"line":41},"1":{"name":"(anonymous_1)","decl":{"start":{"line":45,"column":2},"end":{"line":45,"column":7}},"loc":{"start":{"line":45,"column":12},"end":{"line":64,"column":null}},"line":45},"2":{"name":"(anonymous_2)","decl":{"start":{"line":47,"column":35},"end":{"line":47,"column":41}},"loc":{"start":{"line":47,"column":47},"end":{"line":47,"column":58}},"line":47},"3":{"name":"(anonymous_3)","decl":{"start":{"line":52,"column":6},"end":{"line":52,"column":11}},"loc":{"start":{"line":52,"column":18},"end":{"line":55,"column":8}},"line":52},"4":{"name":"(anonymous_4)","decl":{"start":{"line":54,"column":27},"end":{"line":54,"column":32}},"loc":{"start":{"line":54,"column":39},"end":{"line":54,"column":78}},"line":54},"5":{"name":"(anonymous_5)","decl":{"start":{"line":59,"column":4},"end":{"line":59,"column":9}},"loc":{"start":{"line":59,"column":16},"end":{"line":59,"column":52}},"line":59},"6":{"name":"(anonymous_6)","decl":{"start":{"line":61,"column":6},"end":{"line":61,"column":23}},"loc":{"start":{"line":61,"column":23},"end":{"line":61,"column":41}},"line":61},"7":{"name":"(anonymous_7)","decl":{"start":{"line":66,"column":2},"end":{"line":66,"column":9}},"loc":{"start":{"line":66,"column":13},"end":{"line":72,"column":null}},"line":66},"8":{"name":"(anonymous_8)","decl":{"start":{"line":71,"column":4},"end":{"line":71,"column":21}},"loc":{"start":{"line":71,"column":21},"end":{"line":71,"column":40}},"line":71},"9":{"name":"(anonymous_9)","decl":{"start":{"line":74,"column":2},"end":{"line":74,"column":10}},"loc":{"start":{"line":74,"column":14},"end":{"line":81,"column":null}},"line":74},"10":{"name":"(anonymous_10)","decl":{"start":{"line":77,"column":4},"end":{"line":77,"column":9}},"loc":{"start":{"line":77,"column":16},"end":{"line":80,"column":6}},"line":77},"11":{"name":"(anonymous_11)","decl":{"start":{"line":79,"column":25},"end":{"line":79,"column":33}},"loc":{"start":{"line":79,"column":39},"end":{"line":79,"column":50}},"line":79},"12":{"name":"(anonymous_12)","decl":{"start":{"line":83,"column":2},"end":{"line":83,"column":10}},"loc":{"start":{"line":83,"column":10},"end":{"line":86,"column":null}},"line":83},"13":{"name":"(anonymous_13)","decl":{"start":{"line":88,"column":2},"end":{"line":88,"column":6}},"loc":{"start":{"line":88,"column":10},"end":{"line":90,"column":null}},"line":88},"14":{"name":"(anonymous_14)","decl":{"start":{"line":89,"column":25},"end":{"line":89,"column":31}},"loc":{"start":{"line":89,"column":37},"end":{"line":89,"column":48}},"line":89},"15":{"name":"(anonymous_15)","decl":{"start":{"line":92,"column":2},"end":{"line":92,"column":12}},"loc":{"start":{"line":92,"column":26},"end":{"line":92,"column":null}},"line":92},"16":{"name":"(anonymous_16)","decl":{"start":{"line":93,"column":2},"end":{"line":93,"column":12}},"loc":{"start":{"line":93,"column":26},"end":{"line":93,"column":null}},"line":93},"17":{"name":"(anonymous_17)","decl":{"start":{"line":94,"column":2},"end":{"line":94,"column":12}},"loc":{"start":{"line":94,"column":26},"end":{"line":94,"column":null}},"line":94},"18":{"name":"(anonymous_18)","decl":{"start":{"line":95,"column":2},"end":{"line":95,"column":12}},"loc":{"start":{"line":95,"column":26},"end":{"line":95,"column":null}},"line":95},"19":{"name":"(anonymous_19)","decl":{"start":{"line":100,"column":2},"end":{"line":100,"column":12}},"loc":{"start":{"line":100,"column":60},"end":{"line":100,"column":null}},"line":100},"20":{"name":"(anonymous_20)","decl":{"start":{"line":101,"column":2},"end":{"line":101,"column":12}},"loc":{"start":{"line":101,"column":60},"end":{"line":101,"column":null}},"line":101},"21":{"name":"(anonymous_21)","decl":{"start":{"line":102,"column":2},"end":{"line":102,"column":60}},"loc":{"start":{"line":102,"column":60},"end":{"line":102,"column":null}},"line":102},"22":{"name":"(anonymous_22)","decl":{"start":{"line":103,"column":2},"end":{"line":103,"column":12}},"loc":{"start":{"line":103,"column":60},"end":{"line":103,"column":null}},"line":103},"23":{"name":"(anonymous_23)","decl":{"start":{"line":104,"column":2},"end":{"line":104,"column":12}},"loc":{"start":{"line":104,"column":60},"end":{"line":104,"column":null}},"line":104},"24":{"name":"(anonymous_24)","decl":{"start":{"line":105,"column":2},"end":{"line":105,"column":12}},"loc":{"start":{"line":105,"column":60},"end":{"line":105,"column":null}},"line":105},"25":{"name":"(anonymous_25)","decl":{"start":{"line":106,"column":2},"end":{"line":106,"column":12}},"loc":{"start":{"line":106,"column":60},"end":{"line":106,"column":null}},"line":106}},"branchMap":{"0":{"loc":{"start":{"line":46,"column":15},"end":{"line":46,"column":null}},"type":"binary-expr","locations":[{"start":{"line":46,"column":15},"end":{"line":46,"column":25}},{"start":{"line":46,"column":25},"end":{"line":46,"column":null}}],"line":46},"1":{"loc":{"start":{"line":48,"column":4},"end":{"line":57,"column":null}},"type":"if","locations":[{"start":{"line":48,"column":4},"end":{"line":57,"column":null}},{"start":{},"end":{}}],"line":48},"2":{"loc":{"start":{"line":54,"column":39},"end":{"line":54,"column":78}},"type":"cond-expr","locations":[{"start":{"line":54,"column":53},"end":{"line":54,"column":76}},{"start":{"line":54,"column":76},"end":{"line":54,"column":78}}],"line":54},"3":{"loc":{"start":{"line":60,"column":4},"end":{"line":62,"column":null}},"type":"if","locations":[{"start":{"line":60,"column":4},"end":{"line":62,"column":null}},{"start":{},"end":{}}],"line":60},"4":{"loc":{"start":{"line":60,"column":8},"end":{"line":60,"column":50}},"type":"binary-expr","locations":[{"start":{"line":60,"column":8},"end":{"line":60,"column":28}},{"start":{"line":60,"column":28},"end":{"line":60,"column":50}}],"line":60}},"s":{"0":1,"1":1,"2":1,"3":1,"4":7,"5":7,"6":21,"7":7,"8":0,"9":0,"10":0,"11":0,"12":0,"13":0,"14":7,"15":7,"16":7,"17":7,"18":1,"19":0,"20":7,"21":0,"22":0,"23":0,"24":0,"25":0,"26":0,"27":0,"28":0,"29":0,"30":0,"31":2,"32":0,"33":0,"34":0,"35":0,"36":0,"37":0,"38":1,"39":0,"40":0,"41":0,"42":0,"43":0,"44":0,"45":0},"f":{"0":1,"1":7,"2":21,"3":0,"4":0,"5":7,"6":0,"7":0,"8":0,"9":0,"10":0,"11":0,"12":2,"13":0,"14":0,"15":0,"16":0,"17":0,"18":0,"19":0,"20":0,"21":0,"22":0,"23":0,"24":0,"25":0},"b":{"0":[7,0],"1":[0,7],"2":[0,0],"3":[1,6],"4":[7,1]},"meta":{"lastBranch":5,"lastFunction":26,"lastStatement":46,"seen":{"s:23:30:23:Infinity":0,"s:39:11:39:Infinity":1,"s:41:30:96:Infinity":2,"f:41:30:41:51":0,"s:41:65:96:2":3,"f:45:2:45:7":1,"s:46:15:46:Infinity":4,"b:46:15:46:25:46:25:46:Infinity":0,"s:47:21:47:Infinity":5,"f:47:35:47:41":2,"s:47:47:47:58":6,"b:48:4:57:Infinity:undefined:undefined:undefined:undefined":1,"s:48:4:57:Infinity":7,"s:50:22:50:Infinity":8,"s:51:6:51:Infinity":9,"s:52:6:55:Infinity":10,"f:52:6:52:11":3,"s:52:18:55:8":11,"f:54:27:54:32":4,"s:54:39:54:78":12,"b:54:53:54:76:54:76:54:78":2,"s:56:6:56:Infinity":13,"s:58:27:58:Infinity":14,"s:59:4:59:Infinity":15,"f:59:4:59:9":5,"s:59:16:59:52":16,"b:60:4:62:Infinity:undefined:undefined:undefined:undefined":3,"s:60:4:62:Infinity":17,"b:60:8:60:28:60:28:60:50":4,"s:61:6:61:Infinity":18,"f:61:6:61:23":6,"s:61:23:61:41":19,"s:63:4:63:Infinity":20,"f:66:2:66:9":7,"s:68:20:68:Infinity":21,"s:69:4:69:Infinity":22,"s:70:4:70:Infinity":23,"s:71:4:71:Infinity":24,"f:71:4:71:21":8,"s:71:21:71:40":25,"f:74:2:74:10":9,"s:75:20:75:Infinity":26,"s:76:4:76:Infinity":27,"s:77:4:80:Infinity":28,"f:77:4:77:9":10,"s:77:16:80:6":29,"f:79:25:79:33":11,"s:79:39:79:50":30,"f:83:2:83:10":12,"s:85:4:85:Infinity":31,"f:88:2:88:6":13,"s:89:4:89:Infinity":32,"f:89:25:89:31":14,"s:89:37:89:48":33,"f:92:2:92:12":15,"s:92:26:92:Infinity":34,"f:93:2:93:12":16,"s:93:26:93:Infinity":35,"f:94:2:94:12":17,"s:94:26:94:Infinity":36,"f:95:2:95:12":18,"s:95:26:95:Infinity":37,"s:99:22:107:Infinity":38,"f:100:2:100:12":19,"s:100:60:100:Infinity":39,"f:101:2:101:12":20,"s:101:60:101:Infinity":40,"f:102:2:102:60":21,"s:102:60:102:Infinity":41,"f:103:2:103:12":22,"s:103:60:103:Infinity":42,"f:104:2:104:12":23,"s:104:60:104:Infinity":43,"f:105:2:105:12":24,"s:105:60:105:Infinity":44,"f:106:2:106:12":25,"s:106:60:106:Infinity":45}}}
,"/Users/mac/Documents/Plugin/Git/ACTM/src/ui/store/toastStore.ts": {"path":"/Users/mac/Documents/Plugin/Git/ACTM/src/ui/store/toastStore.ts","statementMap":{"0":{"start":{"line":23,"column":18},"end":{"line":23,"column":null}},"1":{"start":{"line":24,"column":24},"end":{"line":24,"column":null}},"2":{"start":{"line":25,"column":11},"end":{"line":25,"column":null}},"3":{"start":{"line":27,"column":29},"end":{"line":56,"column":null}},"4":{"start":{"line":27,"column":63},"end":{"line":56,"column":2}},"5":{"start":{"line":31,"column":15},"end":{"line":31,"column":null}},"6":{"start":{"line":32,"column":25},"end":{"line":38,"column":null}},"7":{"start":{"line":39,"column":4},"end":{"line":41,"column":null}},"8":{"start":{"line":39,"column":16},"end":{"line":41,"column":6}},"9":{"start":{"line":42,"column":4},"end":{"line":44,"column":null}},"10":{"start":{"line":43,"column":6},"end":{"line":43,"column":null}},"11":{"start":{"line":43,"column":23},"end":{"line":43,"column":42}},"12":{"start":{"line":45,"column":4},"end":{"line":45,"column":null}},"13":{"start":{"line":49,"column":4},"end":{"line":49,"column":null}},"14":{"start":{"line":49,"column":16},"end":{"line":49,"column":64}},"15":{"start":{"line":49,"column":49},"end":{"line":49,"column":60}},"16":{"start":{"line":52,"column":26},"end":{"line":52,"column":null}},"17":{"start":{"line":53,"column":26},"end":{"line":53,"column":null}},"18":{"start":{"line":54,"column":26},"end":{"line":54,"column":null}},"19":{"start":{"line":55,"column":26},"end":{"line":55,"column":null}},"20":{"start":{"line":59,"column":21},"end":{"line":66,"column":null}},"21":{"start":{"line":60,"column":59},"end":{"line":60,"column":null}},"22":{"start":{"line":61,"column":59},"end":{"line":61,"column":null}},"23":{"start":{"line":62,"column":59},"end":{"line":62,"column":null}},"24":{"start":{"line":63,"column":59},"end":{"line":63,"column":null}},"25":{"start":{"line":64,"column":59},"end":{"line":64,"column":null}},"26":{"start":{"line":65,"column":59},"end":{"line":65,"column":null}}},"fnMap":{"0":{"name":"(anonymous_0)","decl":{"start":{"line":27,"column":29},"end":{"line":27,"column":49}},"loc":{"start":{"line":27,"column":63},"end":{"line":56,"column":2}},"line":27},"1":{"name":"(anonymous_1)","decl":{"start":{"line":30,"column":2},"end":{"line":30,"column":7}},"loc":{"start":{"line":30,"column":27},"end":{"line":46,"column":null}},"line":30},"2":{"name":"(anonymous_2)","decl":{"start":{"line":39,"column":4},"end":{"line":39,"column":9}},"loc":{"start":{"line":39,"column":16},"end":{"line":41,"column":6}},"line":39},"3":{"name":"(anonymous_3)","decl":{"start":{"line":43,"column":6},"end":{"line":43,"column":23}},"loc":{"start":{"line":43,"column":23},"end":{"line":43,"column":42}},"line":43},"4":{"name":"(anonymous_4)","decl":{"start":{"line":48,"column":2},"end":{"line":48,"column":10}},"loc":{"start":{"line":48,"column":14},"end":{"line":50,"column":null}},"line":48},"5":{"name":"(anonymous_5)","decl":{"start":{"line":49,"column":4},"end":{"line":49,"column":9}},"loc":{"start":{"line":49,"column":16},"end":{"line":49,"column":64}},"line":49},"6":{"name":"(anonymous_6)","decl":{"start":{"line":49,"column":35},"end":{"line":49,"column":43}},"loc":{"start":{"line":49,"column":49},"end":{"line":49,"column":60}},"line":49},"7":{"name":"(anonymous_7)","decl":{"start":{"line":52,"column":2},"end":{"line":52,"column":12}},"loc":{"start":{"line":52,"column":26},"end":{"line":52,"column":null}},"line":52},"8":{"name":"(anonymous_8)","decl":{"start":{"line":53,"column":2},"end":{"line":53,"column":12}},"loc":{"start":{"line":53,"column":26},"end":{"line":53,"column":null}},"line":53},"9":{"name":"(anonymous_9)","decl":{"start":{"line":54,"column":2},"end":{"line":54,"column":12}},"loc":{"start":{"line":54,"column":26},"end":{"line":54,"column":null}},"line":54},"10":{"name":"(anonymous_10)","decl":{"start":{"line":55,"column":2},"end":{"line":55,"column":12}},"loc":{"start":{"line":55,"column":26},"end":{"line":55,"column":null}},"line":55},"11":{"name":"(anonymous_11)","decl":{"start":{"line":60,"column":2},"end":{"line":60,"column":12}},"loc":{"start":{"line":60,"column":59},"end":{"line":60,"column":null}},"line":60},"12":{"name":"(anonymous_12)","decl":{"start":{"line":61,"column":2},"end":{"line":61,"column":12}},"loc":{"start":{"line":61,"column":59},"end":{"line":61,"column":null}},"line":61},"13":{"name":"(anonymous_13)","decl":{"start":{"line":62,"column":2},"end":{"line":62,"column":12}},"loc":{"start":{"line":62,"column":59},"end":{"line":62,"column":null}},"line":62},"14":{"name":"(anonymous_14)","decl":{"start":{"line":63,"column":2},"end":{"line":63,"column":12}},"loc":{"start":{"line":63,"column":59},"end":{"line":63,"column":null}},"line":63},"15":{"name":"(anonymous_15)","decl":{"start":{"line":64,"column":2},"end":{"line":64,"column":12}},"loc":{"start":{"line":64,"column":59},"end":{"line":64,"column":null}},"line":64},"16":{"name":"(anonymous_16)","decl":{"start":{"line":65,"column":2},"end":{"line":65,"column":12}},"loc":{"start":{"line":65,"column":59},"end":{"line":65,"column":null}},"line":65}},"branchMap":{"0":{"loc":{"start":{"line":30,"column":16},"end":{"line":30,"column":27}},"type":"default-arg","locations":[{"start":{"line":30,"column":23},"end":{"line":30,"column":27}}],"line":30},"1":{"loc":{"start":{"line":35,"column":12},"end":{"line":35,"column":null}},"type":"binary-expr","locations":[{"start":{"line":35,"column":12},"end":{"line":35,"column":25}},{"start":{"line":35,"column":25},"end":{"line":35,"column":null}}],"line":35},"2":{"loc":{"start":{"line":37,"column":15},"end":{"line":37,"column":null}},"type":"binary-expr","locations":[{"start":{"line":37,"column":15},"end":{"line":37,"column":31}},{"start":{"line":37,"column":31},"end":{"line":37,"column":null}}],"line":37},"3":{"loc":{"start":{"line":42,"column":4},"end":{"line":44,"column":null}},"type":"if","locations":[{"start":{"line":42,"column":4},"end":{"line":44,"column":null}},{"start":{},"end":{}}],"line":42}},"s":{"0":1,"1":1,"2":1,"3":1,"4":1,"5":0,"6":0,"7":0,"8":0,"9":0,"10":0,"11":0,"12":0,"13":0,"14":0,"15":0,"16":0,"17":0,"18":0,"19":0,"20":1,"21":0,"22":0,"23":0,"24":0,"25":0,"26":0},"f":{"0":1,"1":0,"2":0,"3":0,"4":0,"5":0,"6":0,"7":0,"8":0,"9":0,"10":0,"11":0,"12":0,"13":0,"14":0,"15":0,"16":0},"b":{"0":[0],"1":[0,0],"2":[0,0],"3":[0,0]},"meta":{"lastBranch":4,"lastFunction":17,"lastStatement":27,"seen":{"s:23:18:23:Infinity":0,"s:24:24:24:Infinity":1,"s:25:11:25:Infinity":2,"s:27:29:56:Infinity":3,"f:27:29:27:49":0,"s:27:63:56:2":4,"f:30:2:30:7":1,"b:30:23:30:27":0,"s:31:15:31:Infinity":5,"s:32:25:38:Infinity":6,"b:35:12:35:25:35:25:35:Infinity":1,"b:37:15:37:31:37:31:37:Infinity":2,"s:39:4:41:Infinity":7,"f:39:4:39:9":2,"s:39:16:41:6":8,"b:42:4:44:Infinity:undefined:undefined:undefined:undefined":3,"s:42:4:44:Infinity":9,"s:43:6:43:Infinity":10,"f:43:6:43:23":3,"s:43:23:43:42":11,"s:45:4:45:Infinity":12,"f:48:2:48:10":4,"s:49:4:49:Infinity":13,"f:49:4:49:9":5,"s:49:16:49:64":14,"f:49:35:49:43":6,"s:49:49:49:60":15,"f:52:2:52:12":7,"s:52:26:52:Infinity":16,"f:53:2:53:12":8,"s:53:26:53:Infinity":17,"f:54:2:54:12":9,"s:54:26:54:Infinity":18,"f:55:2:55:12":10,"s:55:26:55:Infinity":19,"s:59:21:66:Infinity":20,"f:60:2:60:12":11,"s:60:59:60:Infinity":21,"f:61:2:61:12":12,"s:61:59:61:Infinity":22,"f:62:2:62:12":13,"s:62:59:62:Infinity":23,"f:63:2:63:12":14,"s:63:59:63:Infinity":24,"f:64:2:64:12":15,"s:64:59:64:Infinity":25,"f:65:2:65:12":16,"s:65:59:65:Infinity":26}}}
}
